The system is: Linux - 4.2.2-coreos - x86_64
Compiling the C compiler identification source file "CMakeCCompilerId.c" succeeded.
Compiler: /usr/bin/cc 
Build flags: 
Id flags: 

The output was:
0


Compilation of the C compiler identification source "CMakeCCompilerId.c" produced "a.out"

The C compiler identification is GNU, found in "/src/app/find-object/dependencies/dlib/examples/build/CMakeFiles/3.4.0/CompilerIdC/a.out"

Compiling the CXX compiler identification source file "CMakeCXXCompilerId.cpp" succeeded.
Compiler: /usr/bin/c++ 
Build flags: 
Id flags: 

The output was:
0


Compilation of the CXX compiler identification source "CMakeCXXCompilerId.cpp" produced "a.out"

The CXX compiler identification is GNU, found in "/src/app/find-object/dependencies/dlib/examples/build/CMakeFiles/3.4.0/CompilerIdCXX/a.out"

Determining if the C compiler works passed with the following output:
Change Dir: /src/app/find-object/dependencies/dlib/examples/build/CMakeFiles/CMakeTmp

Run Build Command:"/usr/bin/make" "cmTC_4fa7a/fast"
/usr/bin/make -f CMakeFiles/cmTC_4fa7a.dir/build.make CMakeFiles/cmTC_4fa7a.dir/build
make[1]: Entering directory `/src/app/find-object/dependencies/dlib/examples/build/CMakeFiles/CMakeTmp'
Building C object CMakeFiles/cmTC_4fa7a.dir/testCCompiler.c.o
/usr/bin/cc     -o CMakeFiles/cmTC_4fa7a.dir/testCCompiler.c.o   -c /src/app/find-object/dependencies/dlib/examples/build/CMakeFiles/CMakeTmp/testCCompiler.c
Linking C executable cmTC_4fa7a
/usr/bin/cmake -E cmake_link_script CMakeFiles/cmTC_4fa7a.dir/link.txt --verbose=1
/usr/bin/cc       CMakeFiles/cmTC_4fa7a.dir/testCCompiler.c.o  -o cmTC_4fa7a -rdynamic 
make[1]: Leaving directory `/src/app/find-object/dependencies/dlib/examples/build/CMakeFiles/CMakeTmp'


Detecting C compiler ABI info compiled with the following output:
Change Dir: /src/app/find-object/dependencies/dlib/examples/build/CMakeFiles/CMakeTmp

Run Build Command:"/usr/bin/make" "cmTC_00d42/fast"
/usr/bin/make -f CMakeFiles/cmTC_00d42.dir/build.make CMakeFiles/cmTC_00d42.dir/build
make[1]: Entering directory `/src/app/find-object/dependencies/dlib/examples/build/CMakeFiles/CMakeTmp'
Building C object CMakeFiles/cmTC_00d42.dir/CMakeCCompilerABI.c.o
/usr/bin/cc     -o CMakeFiles/cmTC_00d42.dir/CMakeCCompilerABI.c.o   -c /usr/share/cmake-3.4/Modules/CMakeCCompilerABI.c
Linking C executable cmTC_00d42
/usr/bin/cmake -E cmake_link_script CMakeFiles/cmTC_00d42.dir/link.txt --verbose=1
/usr/bin/cc      -v CMakeFiles/cmTC_00d42.dir/CMakeCCompilerABI.c.o  -o cmTC_00d42 -rdynamic  
Using built-in specs.
COLLECT_GCC=/usr/bin/cc
COLLECT_LTO_WRAPPER=/usr/lib/gcc/x86_64-linux-gnu/4.8/lto-wrapper
Target: x86_64-linux-gnu
Configured with: ../src/configure -v --with-pkgversion='Ubuntu 4.8.4-2ubuntu1~14.04' --with-bugurl=file:///usr/share/doc/gcc-4.8/README.Bugs --enable-languages=c,c++,java,go,d,fortran,objc,obj-c++ --prefix=/usr --program-suffix=-4.8 --enable-shared --enable-linker-build-id --libexecdir=/usr/lib --without-included-gettext --enable-threads=posix --with-gxx-include-dir=/usr/include/c++/4.8 --libdir=/usr/lib --enable-nls --with-sysroot=/ --enable-clocale=gnu --enable-libstdcxx-debug --enable-libstdcxx-time=yes --enable-gnu-unique-object --disable-libmudflap --enable-plugin --with-system-zlib --disable-browser-plugin --enable-java-awt=gtk --enable-gtk-cairo --with-java-home=/usr/lib/jvm/java-1.5.0-gcj-4.8-amd64/jre --enable-java-home --with-jvm-root-dir=/usr/lib/jvm/java-1.5.0-gcj-4.8-amd64 --with-jvm-jar-dir=/usr/lib/jvm-exports/java-1.5.0-gcj-4.8-amd64 --with-arch-directory=amd64 --with-ecj-jar=/usr/share/java/eclipse-ecj.jar --enable-objc-gc --enable-multiarch --disable-werror --with-arch-32=i686 --with-abi=m64 --with-multilib-list=m32,m64,mx32 --with-tune=generic --enable-checking=release --build=x86_64-linux-gnu --host=x86_64-linux-gnu --target=x86_64-linux-gnu
Thread model: posix
gcc version 4.8.4 (Ubuntu 4.8.4-2ubuntu1~14.04) 
COMPILER_PATH=/usr/lib/gcc/x86_64-linux-gnu/4.8/:/usr/lib/gcc/x86_64-linux-gnu/4.8/:/usr/lib/gcc/x86_64-linux-gnu/:/usr/lib/gcc/x86_64-linux-gnu/4.8/:/usr/lib/gcc/x86_64-linux-gnu/
LIBRARY_PATH=/usr/lib/gcc/x86_64-linux-gnu/4.8/:/usr/lib/gcc/x86_64-linux-gnu/4.8/../../../x86_64-linux-gnu/:/usr/lib/gcc/x86_64-linux-gnu/4.8/../../../../lib/:/lib/x86_64-linux-gnu/:/lib/../lib/:/usr/lib/x86_64-linux-gnu/:/usr/lib/../lib/:/usr/lib/gcc/x86_64-linux-gnu/4.8/../../../:/lib/:/usr/lib/
COLLECT_GCC_OPTIONS='-v' '-o' 'cmTC_00d42' '-rdynamic' '-mtune=generic' '-march=x86-64'
 /usr/lib/gcc/x86_64-linux-gnu/4.8/collect2 --sysroot=/ --build-id --eh-frame-hdr -m elf_x86_64 --hash-style=gnu --as-needed -export-dynamic -dynamic-linker /lib64/ld-linux-x86-64.so.2 -z relro -o cmTC_00d42 /usr/lib/gcc/x86_64-linux-gnu/4.8/../../../x86_64-linux-gnu/crt1.o /usr/lib/gcc/x86_64-linux-gnu/4.8/../../../x86_64-linux-gnu/crti.o /usr/lib/gcc/x86_64-linux-gnu/4.8/crtbegin.o -L/usr/lib/gcc/x86_64-linux-gnu/4.8 -L/usr/lib/gcc/x86_64-linux-gnu/4.8/../../../x86_64-linux-gnu -L/usr/lib/gcc/x86_64-linux-gnu/4.8/../../../../lib -L/lib/x86_64-linux-gnu -L/lib/../lib -L/usr/lib/x86_64-linux-gnu -L/usr/lib/../lib -L/usr/lib/gcc/x86_64-linux-gnu/4.8/../../.. CMakeFiles/cmTC_00d42.dir/CMakeCCompilerABI.c.o -lgcc --as-needed -lgcc_s --no-as-needed -lc -lgcc --as-needed -lgcc_s --no-as-needed /usr/lib/gcc/x86_64-linux-gnu/4.8/crtend.o /usr/lib/gcc/x86_64-linux-gnu/4.8/../../../x86_64-linux-gnu/crtn.o
make[1]: Leaving directory `/src/app/find-object/dependencies/dlib/examples/build/CMakeFiles/CMakeTmp'


Parsed C implicit link information from above output:
  link line regex: [^( *|.*[/\])(ld|([^/\]+-)?ld|collect2)[^/\]*( |$)]
  ignore line: [Change Dir: /src/app/find-object/dependencies/dlib/examples/build/CMakeFiles/CMakeTmp]
  ignore line: []
  ignore line: [Run Build Command:"/usr/bin/make" "cmTC_00d42/fast"]
  ignore line: [/usr/bin/make -f CMakeFiles/cmTC_00d42.dir/build.make CMakeFiles/cmTC_00d42.dir/build]
  ignore line: [make[1]: Entering directory `/src/app/find-object/dependencies/dlib/examples/build/CMakeFiles/CMakeTmp']
  ignore line: [Building C object CMakeFiles/cmTC_00d42.dir/CMakeCCompilerABI.c.o]
  ignore line: [/usr/bin/cc     -o CMakeFiles/cmTC_00d42.dir/CMakeCCompilerABI.c.o   -c /usr/share/cmake-3.4/Modules/CMakeCCompilerABI.c]
  ignore line: [Linking C executable cmTC_00d42]
  ignore line: [/usr/bin/cmake -E cmake_link_script CMakeFiles/cmTC_00d42.dir/link.txt --verbose=1]
  ignore line: [/usr/bin/cc      -v CMakeFiles/cmTC_00d42.dir/CMakeCCompilerABI.c.o  -o cmTC_00d42 -rdynamic  ]
  ignore line: [Using built-in specs.]
  ignore line: [COLLECT_GCC=/usr/bin/cc]
  ignore line: [COLLECT_LTO_WRAPPER=/usr/lib/gcc/x86_64-linux-gnu/4.8/lto-wrapper]
  ignore line: [Target: x86_64-linux-gnu]
  ignore line: [Configured with: ../src/configure -v --with-pkgversion='Ubuntu 4.8.4-2ubuntu1~14.04' --with-bugurl=file:///usr/share/doc/gcc-4.8/README.Bugs --enable-languages=c,c++,java,go,d,fortran,objc,obj-c++ --prefix=/usr --program-suffix=-4.8 --enable-shared --enable-linker-build-id --libexecdir=/usr/lib --without-included-gettext --enable-threads=posix --with-gxx-include-dir=/usr/include/c++/4.8 --libdir=/usr/lib --enable-nls --with-sysroot=/ --enable-clocale=gnu --enable-libstdcxx-debug --enable-libstdcxx-time=yes --enable-gnu-unique-object --disable-libmudflap --enable-plugin --with-system-zlib --disable-browser-plugin --enable-java-awt=gtk --enable-gtk-cairo --with-java-home=/usr/lib/jvm/java-1.5.0-gcj-4.8-amd64/jre --enable-java-home --with-jvm-root-dir=/usr/lib/jvm/java-1.5.0-gcj-4.8-amd64 --with-jvm-jar-dir=/usr/lib/jvm-exports/java-1.5.0-gcj-4.8-amd64 --with-arch-directory=amd64 --with-ecj-jar=/usr/share/java/eclipse-ecj.jar --enable-objc-gc --enable-multiarch --disable-werror --with-arch-32=i686 --with-abi=m64 --with-multilib-list=m32,m64,mx32 --with-tune=generic --enable-checking=release --build=x86_64-linux-gnu --host=x86_64-linux-gnu --target=x86_64-linux-gnu]
  ignore line: [Thread model: posix]
  ignore line: [gcc version 4.8.4 (Ubuntu 4.8.4-2ubuntu1~14.04) ]
  ignore line: [COMPILER_PATH=/usr/lib/gcc/x86_64-linux-gnu/4.8/:/usr/lib/gcc/x86_64-linux-gnu/4.8/:/usr/lib/gcc/x86_64-linux-gnu/:/usr/lib/gcc/x86_64-linux-gnu/4.8/:/usr/lib/gcc/x86_64-linux-gnu/]
  ignore line: [LIBRARY_PATH=/usr/lib/gcc/x86_64-linux-gnu/4.8/:/usr/lib/gcc/x86_64-linux-gnu/4.8/../../../x86_64-linux-gnu/:/usr/lib/gcc/x86_64-linux-gnu/4.8/../../../../lib/:/lib/x86_64-linux-gnu/:/lib/../lib/:/usr/lib/x86_64-linux-gnu/:/usr/lib/../lib/:/usr/lib/gcc/x86_64-linux-gnu/4.8/../../../:/lib/:/usr/lib/]
  ignore line: [COLLECT_GCC_OPTIONS='-v' '-o' 'cmTC_00d42' '-rdynamic' '-mtune=generic' '-march=x86-64']
  link line: [ /usr/lib/gcc/x86_64-linux-gnu/4.8/collect2 --sysroot=/ --build-id --eh-frame-hdr -m elf_x86_64 --hash-style=gnu --as-needed -export-dynamic -dynamic-linker /lib64/ld-linux-x86-64.so.2 -z relro -o cmTC_00d42 /usr/lib/gcc/x86_64-linux-gnu/4.8/../../../x86_64-linux-gnu/crt1.o /usr/lib/gcc/x86_64-linux-gnu/4.8/../../../x86_64-linux-gnu/crti.o /usr/lib/gcc/x86_64-linux-gnu/4.8/crtbegin.o -L/usr/lib/gcc/x86_64-linux-gnu/4.8 -L/usr/lib/gcc/x86_64-linux-gnu/4.8/../../../x86_64-linux-gnu -L/usr/lib/gcc/x86_64-linux-gnu/4.8/../../../../lib -L/lib/x86_64-linux-gnu -L/lib/../lib -L/usr/lib/x86_64-linux-gnu -L/usr/lib/../lib -L/usr/lib/gcc/x86_64-linux-gnu/4.8/../../.. CMakeFiles/cmTC_00d42.dir/CMakeCCompilerABI.c.o -lgcc --as-needed -lgcc_s --no-as-needed -lc -lgcc --as-needed -lgcc_s --no-as-needed /usr/lib/gcc/x86_64-linux-gnu/4.8/crtend.o /usr/lib/gcc/x86_64-linux-gnu/4.8/../../../x86_64-linux-gnu/crtn.o]
    arg [/usr/lib/gcc/x86_64-linux-gnu/4.8/collect2] ==> ignore
    arg [--sysroot=/] ==> ignore
    arg [--build-id] ==> ignore
    arg [--eh-frame-hdr] ==> ignore
    arg [-m] ==> ignore
    arg [elf_x86_64] ==> ignore
    arg [--hash-style=gnu] ==> ignore
    arg [--as-needed] ==> ignore
    arg [-export-dynamic] ==> ignore
    arg [-dynamic-linker] ==> ignore
    arg [/lib64/ld-linux-x86-64.so.2] ==> ignore
    arg [-zrelro] ==> ignore
    arg [-o] ==> ignore
    arg [cmTC_00d42] ==> ignore
    arg [/usr/lib/gcc/x86_64-linux-gnu/4.8/../../../x86_64-linux-gnu/crt1.o] ==> ignore
    arg [/usr/lib/gcc/x86_64-linux-gnu/4.8/../../../x86_64-linux-gnu/crti.o] ==> ignore
    arg [/usr/lib/gcc/x86_64-linux-gnu/4.8/crtbegin.o] ==> ignore
    arg [-L/usr/lib/gcc/x86_64-linux-gnu/4.8] ==> dir [/usr/lib/gcc/x86_64-linux-gnu/4.8]
    arg [-L/usr/lib/gcc/x86_64-linux-gnu/4.8/../../../x86_64-linux-gnu] ==> dir [/usr/lib/gcc/x86_64-linux-gnu/4.8/../../../x86_64-linux-gnu]
    arg [-L/usr/lib/gcc/x86_64-linux-gnu/4.8/../../../../lib] ==> dir [/usr/lib/gcc/x86_64-linux-gnu/4.8/../../../../lib]
    arg [-L/lib/x86_64-linux-gnu] ==> dir [/lib/x86_64-linux-gnu]
    arg [-L/lib/../lib] ==> dir [/lib/../lib]
    arg [-L/usr/lib/x86_64-linux-gnu] ==> dir [/usr/lib/x86_64-linux-gnu]
    arg [-L/usr/lib/../lib] ==> dir [/usr/lib/../lib]
    arg [-L/usr/lib/gcc/x86_64-linux-gnu/4.8/../../..] ==> dir [/usr/lib/gcc/x86_64-linux-gnu/4.8/../../..]
    arg [CMakeFiles/cmTC_00d42.dir/CMakeCCompilerABI.c.o] ==> ignore
    arg [-lgcc] ==> lib [gcc]
    arg [--as-needed] ==> ignore
    arg [-lgcc_s] ==> lib [gcc_s]
    arg [--no-as-needed] ==> ignore
    arg [-lc] ==> lib [c]
    arg [-lgcc] ==> lib [gcc]
    arg [--as-needed] ==> ignore
    arg [-lgcc_s] ==> lib [gcc_s]
    arg [--no-as-needed] ==> ignore
    arg [/usr/lib/gcc/x86_64-linux-gnu/4.8/crtend.o] ==> ignore
    arg [/usr/lib/gcc/x86_64-linux-gnu/4.8/../../../x86_64-linux-gnu/crtn.o] ==> ignore
  remove lib [gcc]
  remove lib [gcc_s]
  remove lib [gcc]
  remove lib [gcc_s]
  collapse library dir [/usr/lib/gcc/x86_64-linux-gnu/4.8] ==> [/usr/lib/gcc/x86_64-linux-gnu/4.8]
  collapse library dir [/usr/lib/gcc/x86_64-linux-gnu/4.8/../../../x86_64-linux-gnu] ==> [/usr/lib/x86_64-linux-gnu]
  collapse library dir [/usr/lib/gcc/x86_64-linux-gnu/4.8/../../../../lib] ==> [/usr/lib]
  collapse library dir [/lib/x86_64-linux-gnu] ==> [/lib/x86_64-linux-gnu]
  collapse library dir [/lib/../lib] ==> [/lib]
  collapse library dir [/usr/lib/x86_64-linux-gnu] ==> [/usr/lib/x86_64-linux-gnu]
  collapse library dir [/usr/lib/../lib] ==> [/usr/lib]
  collapse library dir [/usr/lib/gcc/x86_64-linux-gnu/4.8/../../..] ==> [/usr/lib]
  implicit libs: [c]
  implicit dirs: [/usr/lib/gcc/x86_64-linux-gnu/4.8;/usr/lib/x86_64-linux-gnu;/usr/lib;/lib/x86_64-linux-gnu;/lib]
  implicit fwks: []




Detecting C [-std=c11] compiler features compiled with the following output:
Change Dir: /src/app/find-object/dependencies/dlib/examples/build/CMakeFiles/CMakeTmp

Run Build Command:"/usr/bin/make" "cmTC_0070b/fast"
/usr/bin/make -f CMakeFiles/cmTC_0070b.dir/build.make CMakeFiles/cmTC_0070b.dir/build
make[1]: Entering directory `/src/app/find-object/dependencies/dlib/examples/build/CMakeFiles/CMakeTmp'
Building C object CMakeFiles/cmTC_0070b.dir/feature_tests.c.o
/usr/bin/cc    -std=c11 -o CMakeFiles/cmTC_0070b.dir/feature_tests.c.o   -c /src/app/find-object/dependencies/dlib/examples/build/CMakeFiles/feature_tests.c
Linking C executable cmTC_0070b
/usr/bin/cmake -E cmake_link_script CMakeFiles/cmTC_0070b.dir/link.txt --verbose=1
/usr/bin/cc       CMakeFiles/cmTC_0070b.dir/feature_tests.c.o  -o cmTC_0070b -rdynamic 
make[1]: Leaving directory `/src/app/find-object/dependencies/dlib/examples/build/CMakeFiles/CMakeTmp'


    Feature record: C_FEATURE:1c_function_prototypes
    Feature record: C_FEATURE:1c_restrict
    Feature record: C_FEATURE:1c_static_assert
    Feature record: C_FEATURE:1c_variadic_macros


Detecting C [-std=c99] compiler features compiled with the following output:
Change Dir: /src/app/find-object/dependencies/dlib/examples/build/CMakeFiles/CMakeTmp

Run Build Command:"/usr/bin/make" "cmTC_ffe8b/fast"
/usr/bin/make -f CMakeFiles/cmTC_ffe8b.dir/build.make CMakeFiles/cmTC_ffe8b.dir/build
make[1]: Entering directory `/src/app/find-object/dependencies/dlib/examples/build/CMakeFiles/CMakeTmp'
Building C object CMakeFiles/cmTC_ffe8b.dir/feature_tests.c.o
/usr/bin/cc    -std=c99 -o CMakeFiles/cmTC_ffe8b.dir/feature_tests.c.o   -c /src/app/find-object/dependencies/dlib/examples/build/CMakeFiles/feature_tests.c
Linking C executable cmTC_ffe8b
/usr/bin/cmake -E cmake_link_script CMakeFiles/cmTC_ffe8b.dir/link.txt --verbose=1
/usr/bin/cc       CMakeFiles/cmTC_ffe8b.dir/feature_tests.c.o  -o cmTC_ffe8b -rdynamic 
make[1]: Leaving directory `/src/app/find-object/dependencies/dlib/examples/build/CMakeFiles/CMakeTmp'


    Feature record: C_FEATURE:1c_function_prototypes
    Feature record: C_FEATURE:1c_restrict
    Feature record: C_FEATURE:0c_static_assert
    Feature record: C_FEATURE:1c_variadic_macros


Detecting C [-std=c90] compiler features compiled with the following output:
Change Dir: /src/app/find-object/dependencies/dlib/examples/build/CMakeFiles/CMakeTmp

Run Build Command:"/usr/bin/make" "cmTC_e6c78/fast"
/usr/bin/make -f CMakeFiles/cmTC_e6c78.dir/build.make CMakeFiles/cmTC_e6c78.dir/build
make[1]: Entering directory `/src/app/find-object/dependencies/dlib/examples/build/CMakeFiles/CMakeTmp'
Building C object CMakeFiles/cmTC_e6c78.dir/feature_tests.c.o
/usr/bin/cc    -std=c90 -o CMakeFiles/cmTC_e6c78.dir/feature_tests.c.o   -c /src/app/find-object/dependencies/dlib/examples/build/CMakeFiles/feature_tests.c
Linking C executable cmTC_e6c78
/usr/bin/cmake -E cmake_link_script CMakeFiles/cmTC_e6c78.dir/link.txt --verbose=1
/usr/bin/cc       CMakeFiles/cmTC_e6c78.dir/feature_tests.c.o  -o cmTC_e6c78 -rdynamic 
make[1]: Leaving directory `/src/app/find-object/dependencies/dlib/examples/build/CMakeFiles/CMakeTmp'


    Feature record: C_FEATURE:1c_function_prototypes
    Feature record: C_FEATURE:0c_restrict
    Feature record: C_FEATURE:0c_static_assert
    Feature record: C_FEATURE:0c_variadic_macros
Determining if the CXX compiler works passed with the following output:
Change Dir: /src/app/find-object/dependencies/dlib/examples/build/CMakeFiles/CMakeTmp

Run Build Command:"/usr/bin/make" "cmTC_0c084/fast"
/usr/bin/make -f CMakeFiles/cmTC_0c084.dir/build.make CMakeFiles/cmTC_0c084.dir/build
make[1]: Entering directory `/src/app/find-object/dependencies/dlib/examples/build/CMakeFiles/CMakeTmp'
Building CXX object CMakeFiles/cmTC_0c084.dir/testCXXCompiler.cxx.o
/usr/bin/c++      -o CMakeFiles/cmTC_0c084.dir/testCXXCompiler.cxx.o -c /src/app/find-object/dependencies/dlib/examples/build/CMakeFiles/CMakeTmp/testCXXCompiler.cxx
Linking CXX executable cmTC_0c084
/usr/bin/cmake -E cmake_link_script CMakeFiles/cmTC_0c084.dir/link.txt --verbose=1
/usr/bin/c++        CMakeFiles/cmTC_0c084.dir/testCXXCompiler.cxx.o  -o cmTC_0c084 -rdynamic 
make[1]: Leaving directory `/src/app/find-object/dependencies/dlib/examples/build/CMakeFiles/CMakeTmp'


Detecting CXX compiler ABI info compiled with the following output:
Change Dir: /src/app/find-object/dependencies/dlib/examples/build/CMakeFiles/CMakeTmp

Run Build Command:"/usr/bin/make" "cmTC_9edd2/fast"
/usr/bin/make -f CMakeFiles/cmTC_9edd2.dir/build.make CMakeFiles/cmTC_9edd2.dir/build
make[1]: Entering directory `/src/app/find-object/dependencies/dlib/examples/build/CMakeFiles/CMakeTmp'
Building CXX object CMakeFiles/cmTC_9edd2.dir/CMakeCXXCompilerABI.cpp.o
/usr/bin/c++      -o CMakeFiles/cmTC_9edd2.dir/CMakeCXXCompilerABI.cpp.o -c /usr/share/cmake-3.4/Modules/CMakeCXXCompilerABI.cpp
Linking CXX executable cmTC_9edd2
/usr/bin/cmake -E cmake_link_script CMakeFiles/cmTC_9edd2.dir/link.txt --verbose=1
/usr/bin/c++       -v CMakeFiles/cmTC_9edd2.dir/CMakeCXXCompilerABI.cpp.o  -o cmTC_9edd2 -rdynamic  
Using built-in specs.
COLLECT_GCC=/usr/bin/c++
COLLECT_LTO_WRAPPER=/usr/lib/gcc/x86_64-linux-gnu/4.8/lto-wrapper
Target: x86_64-linux-gnu
Configured with: ../src/configure -v --with-pkgversion='Ubuntu 4.8.4-2ubuntu1~14.04' --with-bugurl=file:///usr/share/doc/gcc-4.8/README.Bugs --enable-languages=c,c++,java,go,d,fortran,objc,obj-c++ --prefix=/usr --program-suffix=-4.8 --enable-shared --enable-linker-build-id --libexecdir=/usr/lib --without-included-gettext --enable-threads=posix --with-gxx-include-dir=/usr/include/c++/4.8 --libdir=/usr/lib --enable-nls --with-sysroot=/ --enable-clocale=gnu --enable-libstdcxx-debug --enable-libstdcxx-time=yes --enable-gnu-unique-object --disable-libmudflap --enable-plugin --with-system-zlib --disable-browser-plugin --enable-java-awt=gtk --enable-gtk-cairo --with-java-home=/usr/lib/jvm/java-1.5.0-gcj-4.8-amd64/jre --enable-java-home --with-jvm-root-dir=/usr/lib/jvm/java-1.5.0-gcj-4.8-amd64 --with-jvm-jar-dir=/usr/lib/jvm-exports/java-1.5.0-gcj-4.8-amd64 --with-arch-directory=amd64 --with-ecj-jar=/usr/share/java/eclipse-ecj.jar --enable-objc-gc --enable-multiarch --disable-werror --with-arch-32=i686 --with-abi=m64 --with-multilib-list=m32,m64,mx32 --with-tune=generic --enable-checking=release --build=x86_64-linux-gnu --host=x86_64-linux-gnu --target=x86_64-linux-gnu
Thread model: posix
gcc version 4.8.4 (Ubuntu 4.8.4-2ubuntu1~14.04) 
COMPILER_PATH=/usr/lib/gcc/x86_64-linux-gnu/4.8/:/usr/lib/gcc/x86_64-linux-gnu/4.8/:/usr/lib/gcc/x86_64-linux-gnu/:/usr/lib/gcc/x86_64-linux-gnu/4.8/:/usr/lib/gcc/x86_64-linux-gnu/
LIBRARY_PATH=/usr/lib/gcc/x86_64-linux-gnu/4.8/:/usr/lib/gcc/x86_64-linux-gnu/4.8/../../../x86_64-linux-gnu/:/usr/lib/gcc/x86_64-linux-gnu/4.8/../../../../lib/:/lib/x86_64-linux-gnu/:/lib/../lib/:/usr/lib/x86_64-linux-gnu/:/usr/lib/../lib/:/usr/lib/gcc/x86_64-linux-gnu/4.8/../../../:/lib/:/usr/lib/
COLLECT_GCC_OPTIONS='-v' '-o' 'cmTC_9edd2' '-rdynamic' '-shared-libgcc' '-mtune=generic' '-march=x86-64'
 /usr/lib/gcc/x86_64-linux-gnu/4.8/collect2 --sysroot=/ --build-id --eh-frame-hdr -m elf_x86_64 --hash-style=gnu --as-needed -export-dynamic -dynamic-linker /lib64/ld-linux-x86-64.so.2 -z relro -o cmTC_9edd2 /usr/lib/gcc/x86_64-linux-gnu/4.8/../../../x86_64-linux-gnu/crt1.o /usr/lib/gcc/x86_64-linux-gnu/4.8/../../../x86_64-linux-gnu/crti.o /usr/lib/gcc/x86_64-linux-gnu/4.8/crtbegin.o -L/usr/lib/gcc/x86_64-linux-gnu/4.8 -L/usr/lib/gcc/x86_64-linux-gnu/4.8/../../../x86_64-linux-gnu -L/usr/lib/gcc/x86_64-linux-gnu/4.8/../../../../lib -L/lib/x86_64-linux-gnu -L/lib/../lib -L/usr/lib/x86_64-linux-gnu -L/usr/lib/../lib -L/usr/lib/gcc/x86_64-linux-gnu/4.8/../../.. CMakeFiles/cmTC_9edd2.dir/CMakeCXXCompilerABI.cpp.o -lstdc++ -lm -lgcc_s -lgcc -lc -lgcc_s -lgcc /usr/lib/gcc/x86_64-linux-gnu/4.8/crtend.o /usr/lib/gcc/x86_64-linux-gnu/4.8/../../../x86_64-linux-gnu/crtn.o
make[1]: Leaving directory `/src/app/find-object/dependencies/dlib/examples/build/CMakeFiles/CMakeTmp'


Parsed CXX implicit link information from above output:
  link line regex: [^( *|.*[/\])(ld|([^/\]+-)?ld|collect2)[^/\]*( |$)]
  ignore line: [Change Dir: /src/app/find-object/dependencies/dlib/examples/build/CMakeFiles/CMakeTmp]
  ignore line: []
  ignore line: [Run Build Command:"/usr/bin/make" "cmTC_9edd2/fast"]
  ignore line: [/usr/bin/make -f CMakeFiles/cmTC_9edd2.dir/build.make CMakeFiles/cmTC_9edd2.dir/build]
  ignore line: [make[1]: Entering directory `/src/app/find-object/dependencies/dlib/examples/build/CMakeFiles/CMakeTmp']
  ignore line: [Building CXX object CMakeFiles/cmTC_9edd2.dir/CMakeCXXCompilerABI.cpp.o]
  ignore line: [/usr/bin/c++      -o CMakeFiles/cmTC_9edd2.dir/CMakeCXXCompilerABI.cpp.o -c /usr/share/cmake-3.4/Modules/CMakeCXXCompilerABI.cpp]
  ignore line: [Linking CXX executable cmTC_9edd2]
  ignore line: [/usr/bin/cmake -E cmake_link_script CMakeFiles/cmTC_9edd2.dir/link.txt --verbose=1]
  ignore line: [/usr/bin/c++       -v CMakeFiles/cmTC_9edd2.dir/CMakeCXXCompilerABI.cpp.o  -o cmTC_9edd2 -rdynamic  ]
  ignore line: [Using built-in specs.]
  ignore line: [COLLECT_GCC=/usr/bin/c++]
  ignore line: [COLLECT_LTO_WRAPPER=/usr/lib/gcc/x86_64-linux-gnu/4.8/lto-wrapper]
  ignore line: [Target: x86_64-linux-gnu]
  ignore line: [Configured with: ../src/configure -v --with-pkgversion='Ubuntu 4.8.4-2ubuntu1~14.04' --with-bugurl=file:///usr/share/doc/gcc-4.8/README.Bugs --enable-languages=c,c++,java,go,d,fortran,objc,obj-c++ --prefix=/usr --program-suffix=-4.8 --enable-shared --enable-linker-build-id --libexecdir=/usr/lib --without-included-gettext --enable-threads=posix --with-gxx-include-dir=/usr/include/c++/4.8 --libdir=/usr/lib --enable-nls --with-sysroot=/ --enable-clocale=gnu --enable-libstdcxx-debug --enable-libstdcxx-time=yes --enable-gnu-unique-object --disable-libmudflap --enable-plugin --with-system-zlib --disable-browser-plugin --enable-java-awt=gtk --enable-gtk-cairo --with-java-home=/usr/lib/jvm/java-1.5.0-gcj-4.8-amd64/jre --enable-java-home --with-jvm-root-dir=/usr/lib/jvm/java-1.5.0-gcj-4.8-amd64 --with-jvm-jar-dir=/usr/lib/jvm-exports/java-1.5.0-gcj-4.8-amd64 --with-arch-directory=amd64 --with-ecj-jar=/usr/share/java/eclipse-ecj.jar --enable-objc-gc --enable-multiarch --disable-werror --with-arch-32=i686 --with-abi=m64 --with-multilib-list=m32,m64,mx32 --with-tune=generic --enable-checking=release --build=x86_64-linux-gnu --host=x86_64-linux-gnu --target=x86_64-linux-gnu]
  ignore line: [Thread model: posix]
  ignore line: [gcc version 4.8.4 (Ubuntu 4.8.4-2ubuntu1~14.04) ]
  ignore line: [COMPILER_PATH=/usr/lib/gcc/x86_64-linux-gnu/4.8/:/usr/lib/gcc/x86_64-linux-gnu/4.8/:/usr/lib/gcc/x86_64-linux-gnu/:/usr/lib/gcc/x86_64-linux-gnu/4.8/:/usr/lib/gcc/x86_64-linux-gnu/]
  ignore line: [LIBRARY_PATH=/usr/lib/gcc/x86_64-linux-gnu/4.8/:/usr/lib/gcc/x86_64-linux-gnu/4.8/../../../x86_64-linux-gnu/:/usr/lib/gcc/x86_64-linux-gnu/4.8/../../../../lib/:/lib/x86_64-linux-gnu/:/lib/../lib/:/usr/lib/x86_64-linux-gnu/:/usr/lib/../lib/:/usr/lib/gcc/x86_64-linux-gnu/4.8/../../../:/lib/:/usr/lib/]
  ignore line: [COLLECT_GCC_OPTIONS='-v' '-o' 'cmTC_9edd2' '-rdynamic' '-shared-libgcc' '-mtune=generic' '-march=x86-64']
  link line: [ /usr/lib/gcc/x86_64-linux-gnu/4.8/collect2 --sysroot=/ --build-id --eh-frame-hdr -m elf_x86_64 --hash-style=gnu --as-needed -export-dynamic -dynamic-linker /lib64/ld-linux-x86-64.so.2 -z relro -o cmTC_9edd2 /usr/lib/gcc/x86_64-linux-gnu/4.8/../../../x86_64-linux-gnu/crt1.o /usr/lib/gcc/x86_64-linux-gnu/4.8/../../../x86_64-linux-gnu/crti.o /usr/lib/gcc/x86_64-linux-gnu/4.8/crtbegin.o -L/usr/lib/gcc/x86_64-linux-gnu/4.8 -L/usr/lib/gcc/x86_64-linux-gnu/4.8/../../../x86_64-linux-gnu -L/usr/lib/gcc/x86_64-linux-gnu/4.8/../../../../lib -L/lib/x86_64-linux-gnu -L/lib/../lib -L/usr/lib/x86_64-linux-gnu -L/usr/lib/../lib -L/usr/lib/gcc/x86_64-linux-gnu/4.8/../../.. CMakeFiles/cmTC_9edd2.dir/CMakeCXXCompilerABI.cpp.o -lstdc++ -lm -lgcc_s -lgcc -lc -lgcc_s -lgcc /usr/lib/gcc/x86_64-linux-gnu/4.8/crtend.o /usr/lib/gcc/x86_64-linux-gnu/4.8/../../../x86_64-linux-gnu/crtn.o]
    arg [/usr/lib/gcc/x86_64-linux-gnu/4.8/collect2] ==> ignore
    arg [--sysroot=/] ==> ignore
    arg [--build-id] ==> ignore
    arg [--eh-frame-hdr] ==> ignore
    arg [-m] ==> ignore
    arg [elf_x86_64] ==> ignore
    arg [--hash-style=gnu] ==> ignore
    arg [--as-needed] ==> ignore
    arg [-export-dynamic] ==> ignore
    arg [-dynamic-linker] ==> ignore
    arg [/lib64/ld-linux-x86-64.so.2] ==> ignore
    arg [-zrelro] ==> ignore
    arg [-o] ==> ignore
    arg [cmTC_9edd2] ==> ignore
    arg [/usr/lib/gcc/x86_64-linux-gnu/4.8/../../../x86_64-linux-gnu/crt1.o] ==> ignore
    arg [/usr/lib/gcc/x86_64-linux-gnu/4.8/../../../x86_64-linux-gnu/crti.o] ==> ignore
    arg [/usr/lib/gcc/x86_64-linux-gnu/4.8/crtbegin.o] ==> ignore
    arg [-L/usr/lib/gcc/x86_64-linux-gnu/4.8] ==> dir [/usr/lib/gcc/x86_64-linux-gnu/4.8]
    arg [-L/usr/lib/gcc/x86_64-linux-gnu/4.8/../../../x86_64-linux-gnu] ==> dir [/usr/lib/gcc/x86_64-linux-gnu/4.8/../../../x86_64-linux-gnu]
    arg [-L/usr/lib/gcc/x86_64-linux-gnu/4.8/../../../../lib] ==> dir [/usr/lib/gcc/x86_64-linux-gnu/4.8/../../../../lib]
    arg [-L/lib/x86_64-linux-gnu] ==> dir [/lib/x86_64-linux-gnu]
    arg [-L/lib/../lib] ==> dir [/lib/../lib]
    arg [-L/usr/lib/x86_64-linux-gnu] ==> dir [/usr/lib/x86_64-linux-gnu]
    arg [-L/usr/lib/../lib] ==> dir [/usr/lib/../lib]
    arg [-L/usr/lib/gcc/x86_64-linux-gnu/4.8/../../..] ==> dir [/usr/lib/gcc/x86_64-linux-gnu/4.8/../../..]
    arg [CMakeFiles/cmTC_9edd2.dir/CMakeCXXCompilerABI.cpp.o] ==> ignore
    arg [-lstdc++] ==> lib [stdc++]
    arg [-lm] ==> lib [m]
    arg [-lgcc_s] ==> lib [gcc_s]
    arg [-lgcc] ==> lib [gcc]
    arg [-lc] ==> lib [c]
    arg [-lgcc_s] ==> lib [gcc_s]
    arg [-lgcc] ==> lib [gcc]
    arg [/usr/lib/gcc/x86_64-linux-gnu/4.8/crtend.o] ==> ignore
    arg [/usr/lib/gcc/x86_64-linux-gnu/4.8/../../../x86_64-linux-gnu/crtn.o] ==> ignore
  remove lib [gcc_s]
  remove lib [gcc]
  remove lib [gcc_s]
  remove lib [gcc]
  collapse library dir [/usr/lib/gcc/x86_64-linux-gnu/4.8] ==> [/usr/lib/gcc/x86_64-linux-gnu/4.8]
  collapse library dir [/usr/lib/gcc/x86_64-linux-gnu/4.8/../../../x86_64-linux-gnu] ==> [/usr/lib/x86_64-linux-gnu]
  collapse library dir [/usr/lib/gcc/x86_64-linux-gnu/4.8/../../../../lib] ==> [/usr/lib]
  collapse library dir [/lib/x86_64-linux-gnu] ==> [/lib/x86_64-linux-gnu]
  collapse library dir [/lib/../lib] ==> [/lib]
  collapse library dir [/usr/lib/x86_64-linux-gnu] ==> [/usr/lib/x86_64-linux-gnu]
  collapse library dir [/usr/lib/../lib] ==> [/usr/lib]
  collapse library dir [/usr/lib/gcc/x86_64-linux-gnu/4.8/../../..] ==> [/usr/lib]
  implicit libs: [stdc++;m;c]
  implicit dirs: [/usr/lib/gcc/x86_64-linux-gnu/4.8;/usr/lib/x86_64-linux-gnu;/usr/lib;/lib/x86_64-linux-gnu;/lib]
  implicit fwks: []




Detecting CXX [-std=c++1y] compiler features compiled with the following output:
Change Dir: /src/app/find-object/dependencies/dlib/examples/build/CMakeFiles/CMakeTmp

Run Build Command:"/usr/bin/make" "cmTC_2f331/fast"
/usr/bin/make -f CMakeFiles/cmTC_2f331.dir/build.make CMakeFiles/cmTC_2f331.dir/build
make[1]: Entering directory `/src/app/find-object/dependencies/dlib/examples/build/CMakeFiles/CMakeTmp'
Building CXX object CMakeFiles/cmTC_2f331.dir/feature_tests.cxx.o
/usr/bin/c++     -std=c++1y -o CMakeFiles/cmTC_2f331.dir/feature_tests.cxx.o -c /src/app/find-object/dependencies/dlib/examples/build/CMakeFiles/feature_tests.cxx
Linking CXX executable cmTC_2f331
/usr/bin/cmake -E cmake_link_script CMakeFiles/cmTC_2f331.dir/link.txt --verbose=1
/usr/bin/c++        CMakeFiles/cmTC_2f331.dir/feature_tests.cxx.o  -o cmTC_2f331 -rdynamic 
make[1]: Leaving directory `/src/app/find-object/dependencies/dlib/examples/build/CMakeFiles/CMakeTmp'


    Feature record: CXX_FEATURE:0cxx_aggregate_default_initializers
    Feature record: CXX_FEATURE:1cxx_alias_templates
    Feature record: CXX_FEATURE:1cxx_alignas
    Feature record: CXX_FEATURE:1cxx_alignof
    Feature record: CXX_FEATURE:1cxx_attributes
    Feature record: CXX_FEATURE:0cxx_attribute_deprecated
    Feature record: CXX_FEATURE:1cxx_auto_type
    Feature record: CXX_FEATURE:0cxx_binary_literals
    Feature record: CXX_FEATURE:1cxx_constexpr
    Feature record: CXX_FEATURE:0cxx_contextual_conversions
    Feature record: CXX_FEATURE:1cxx_decltype
    Feature record: CXX_FEATURE:0cxx_decltype_auto
    Feature record: CXX_FEATURE:1cxx_decltype_incomplete_return_types
    Feature record: CXX_FEATURE:1cxx_default_function_template_args
    Feature record: CXX_FEATURE:1cxx_defaulted_functions
    Feature record: CXX_FEATURE:1cxx_defaulted_move_initializers
    Feature record: CXX_FEATURE:1cxx_delegating_constructors
    Feature record: CXX_FEATURE:1cxx_deleted_functions
    Feature record: CXX_FEATURE:0cxx_digit_separators
    Feature record: CXX_FEATURE:1cxx_enum_forward_declarations
    Feature record: CXX_FEATURE:1cxx_explicit_conversions
    Feature record: CXX_FEATURE:1cxx_extended_friend_declarations
    Feature record: CXX_FEATURE:1cxx_extern_templates
    Feature record: CXX_FEATURE:1cxx_final
    Feature record: CXX_FEATURE:1cxx_func_identifier
    Feature record: CXX_FEATURE:1cxx_generalized_initializers
    Feature record: CXX_FEATURE:0cxx_generic_lambdas
    Feature record: CXX_FEATURE:1cxx_inheriting_constructors
    Feature record: CXX_FEATURE:1cxx_inline_namespaces
    Feature record: CXX_FEATURE:1cxx_lambdas
    Feature record: CXX_FEATURE:0cxx_lambda_init_captures
    Feature record: CXX_FEATURE:1cxx_local_type_template_args
    Feature record: CXX_FEATURE:1cxx_long_long_type
    Feature record: CXX_FEATURE:1cxx_noexcept
    Feature record: CXX_FEATURE:1cxx_nonstatic_member_init
    Feature record: CXX_FEATURE:1cxx_nullptr
    Feature record: CXX_FEATURE:1cxx_override
    Feature record: CXX_FEATURE:1cxx_range_for
    Feature record: CXX_FEATURE:1cxx_raw_string_literals
    Feature record: CXX_FEATURE:1cxx_reference_qualified_functions
    Feature record: CXX_FEATURE:0cxx_relaxed_constexpr
    Feature record: CXX_FEATURE:0cxx_return_type_deduction
    Feature record: CXX_FEATURE:1cxx_right_angle_brackets
    Feature record: CXX_FEATURE:1cxx_rvalue_references
    Feature record: CXX_FEATURE:1cxx_sizeof_member
    Feature record: CXX_FEATURE:1cxx_static_assert
    Feature record: CXX_FEATURE:1cxx_strong_enums
    Feature record: CXX_FEATURE:1cxx_template_template_parameters
    Feature record: CXX_FEATURE:1cxx_thread_local
    Feature record: CXX_FEATURE:1cxx_trailing_return_types
    Feature record: CXX_FEATURE:1cxx_unicode_literals
    Feature record: CXX_FEATURE:1cxx_uniform_initialization
    Feature record: CXX_FEATURE:1cxx_unrestricted_unions
    Feature record: CXX_FEATURE:1cxx_user_literals
    Feature record: CXX_FEATURE:0cxx_variable_templates
    Feature record: CXX_FEATURE:1cxx_variadic_macros
    Feature record: CXX_FEATURE:1cxx_variadic_templates


Detecting CXX [-std=c++11] compiler features compiled with the following output:
Change Dir: /src/app/find-object/dependencies/dlib/examples/build/CMakeFiles/CMakeTmp

Run Build Command:"/usr/bin/make" "cmTC_8a588/fast"
/usr/bin/make -f CMakeFiles/cmTC_8a588.dir/build.make CMakeFiles/cmTC_8a588.dir/build
make[1]: Entering directory `/src/app/find-object/dependencies/dlib/examples/build/CMakeFiles/CMakeTmp'
Building CXX object CMakeFiles/cmTC_8a588.dir/feature_tests.cxx.o
/usr/bin/c++     -std=c++11 -o CMakeFiles/cmTC_8a588.dir/feature_tests.cxx.o -c /src/app/find-object/dependencies/dlib/examples/build/CMakeFiles/feature_tests.cxx
Linking CXX executable cmTC_8a588
/usr/bin/cmake -E cmake_link_script CMakeFiles/cmTC_8a588.dir/link.txt --verbose=1
/usr/bin/c++        CMakeFiles/cmTC_8a588.dir/feature_tests.cxx.o  -o cmTC_8a588 -rdynamic 
make[1]: Leaving directory `/src/app/find-object/dependencies/dlib/examples/build/CMakeFiles/CMakeTmp'


    Feature record: CXX_FEATURE:0cxx_aggregate_default_initializers
    Feature record: CXX_FEATURE:1cxx_alias_templates
    Feature record: CXX_FEATURE:1cxx_alignas
    Feature record: CXX_FEATURE:1cxx_alignof
    Feature record: CXX_FEATURE:1cxx_attributes
    Feature record: CXX_FEATURE:0cxx_attribute_deprecated
    Feature record: CXX_FEATURE:1cxx_auto_type
    Feature record: CXX_FEATURE:0cxx_binary_literals
    Feature record: CXX_FEATURE:1cxx_constexpr
    Feature record: CXX_FEATURE:0cxx_contextual_conversions
    Feature record: CXX_FEATURE:1cxx_decltype
    Feature record: CXX_FEATURE:0cxx_decltype_auto
    Feature record: CXX_FEATURE:1cxx_decltype_incomplete_return_types
    Feature record: CXX_FEATURE:1cxx_default_function_template_args
    Feature record: CXX_FEATURE:1cxx_defaulted_functions
    Feature record: CXX_FEATURE:1cxx_defaulted_move_initializers
    Feature record: CXX_FEATURE:1cxx_delegating_constructors
    Feature record: CXX_FEATURE:1cxx_deleted_functions
    Feature record: CXX_FEATURE:0cxx_digit_separators
    Feature record: CXX_FEATURE:1cxx_enum_forward_declarations
    Feature record: CXX_FEATURE:1cxx_explicit_conversions
    Feature record: CXX_FEATURE:1cxx_extended_friend_declarations
    Feature record: CXX_FEATURE:1cxx_extern_templates
    Feature record: CXX_FEATURE:1cxx_final
    Feature record: CXX_FEATURE:1cxx_func_identifier
    Feature record: CXX_FEATURE:1cxx_generalized_initializers
    Feature record: CXX_FEATURE:0cxx_generic_lambdas
    Feature record: CXX_FEATURE:1cxx_inheriting_constructors
    Feature record: CXX_FEATURE:1cxx_inline_namespaces
    Feature record: CXX_FEATURE:1cxx_lambdas
    Feature record: CXX_FEATURE:0cxx_lambda_init_captures
    Feature record: CXX_FEATURE:1cxx_local_type_template_args
    Feature record: CXX_FEATURE:1cxx_long_long_type
    Feature record: CXX_FEATURE:1cxx_noexcept
    Feature record: CXX_FEATURE:1cxx_nonstatic_member_init
    Feature record: CXX_FEATURE:1cxx_nullptr
    Feature record: CXX_FEATURE:1cxx_override
    Feature record: CXX_FEATURE:1cxx_range_for
    Feature record: CXX_FEATURE:1cxx_raw_string_literals
    Feature record: CXX_FEATURE:1cxx_reference_qualified_functions
    Feature record: CXX_FEATURE:0cxx_relaxed_constexpr
    Feature record: CXX_FEATURE:0cxx_return_type_deduction
    Feature record: CXX_FEATURE:1cxx_right_angle_brackets
    Feature record: CXX_FEATURE:1cxx_rvalue_references
    Feature record: CXX_FEATURE:1cxx_sizeof_member
    Feature record: CXX_FEATURE:1cxx_static_assert
    Feature record: CXX_FEATURE:1cxx_strong_enums
    Feature record: CXX_FEATURE:1cxx_template_template_parameters
    Feature record: CXX_FEATURE:1cxx_thread_local
    Feature record: CXX_FEATURE:1cxx_trailing_return_types
    Feature record: CXX_FEATURE:1cxx_unicode_literals
    Feature record: CXX_FEATURE:1cxx_uniform_initialization
    Feature record: CXX_FEATURE:1cxx_unrestricted_unions
    Feature record: CXX_FEATURE:1cxx_user_literals
    Feature record: CXX_FEATURE:0cxx_variable_templates
    Feature record: CXX_FEATURE:1cxx_variadic_macros
    Feature record: CXX_FEATURE:1cxx_variadic_templates


Detecting CXX [-std=c++98] compiler features compiled with the following output:
Change Dir: /src/app/find-object/dependencies/dlib/examples/build/CMakeFiles/CMakeTmp

Run Build Command:"/usr/bin/make" "cmTC_c065f/fast"
/usr/bin/make -f CMakeFiles/cmTC_c065f.dir/build.make CMakeFiles/cmTC_c065f.dir/build
make[1]: Entering directory `/src/app/find-object/dependencies/dlib/examples/build/CMakeFiles/CMakeTmp'
Building CXX object CMakeFiles/cmTC_c065f.dir/feature_tests.cxx.o
/usr/bin/c++     -std=c++98 -o CMakeFiles/cmTC_c065f.dir/feature_tests.cxx.o -c /src/app/find-object/dependencies/dlib/examples/build/CMakeFiles/feature_tests.cxx
Linking CXX executable cmTC_c065f
/usr/bin/cmake -E cmake_link_script CMakeFiles/cmTC_c065f.dir/link.txt --verbose=1
/usr/bin/c++        CMakeFiles/cmTC_c065f.dir/feature_tests.cxx.o  -o cmTC_c065f -rdynamic 
make[1]: Leaving directory `/src/app/find-object/dependencies/dlib/examples/build/CMakeFiles/CMakeTmp'


    Feature record: CXX_FEATURE:0cxx_aggregate_default_initializers
    Feature record: CXX_FEATURE:0cxx_alias_templates
    Feature record: CXX_FEATURE:0cxx_alignas
    Feature record: CXX_FEATURE:0cxx_alignof
    Feature record: CXX_FEATURE:0cxx_attributes
    Feature record: CXX_FEATURE:0cxx_attribute_deprecated
    Feature record: CXX_FEATURE:0cxx_auto_type
    Feature record: CXX_FEATURE:0cxx_binary_literals
    Feature record: CXX_FEATURE:0cxx_constexpr
    Feature record: CXX_FEATURE:0cxx_contextual_conversions
    Feature record: CXX_FEATURE:0cxx_decltype
    Feature record: CXX_FEATURE:0cxx_decltype_auto
    Feature record: CXX_FEATURE:0cxx_decltype_incomplete_return_types
    Feature record: CXX_FEATURE:0cxx_default_function_template_args
    Feature record: CXX_FEATURE:0cxx_defaulted_functions
    Feature record: CXX_FEATURE:0cxx_defaulted_move_initializers
    Feature record: CXX_FEATURE:0cxx_delegating_constructors
    Feature record: CXX_FEATURE:0cxx_deleted_functions
    Feature record: CXX_FEATURE:0cxx_digit_separators
    Feature record: CXX_FEATURE:0cxx_enum_forward_declarations
    Feature record: CXX_FEATURE:0cxx_explicit_conversions
    Feature record: CXX_FEATURE:0cxx_extended_friend_declarations
    Feature record: CXX_FEATURE:0cxx_extern_templates
    Feature record: CXX_FEATURE:0cxx_final
    Feature record: CXX_FEATURE:0cxx_func_identifier
    Feature record: CXX_FEATURE:0cxx_generalized_initializers
    Feature record: CXX_FEATURE:0cxx_generic_lambdas
    Feature record: CXX_FEATURE:0cxx_inheriting_constructors
    Feature record: CXX_FEATURE:0cxx_inline_namespaces
    Feature record: CXX_FEATURE:0cxx_lambdas
    Feature record: CXX_FEATURE:0cxx_lambda_init_captures
    Feature record: CXX_FEATURE:0cxx_local_type_template_args
    Feature record: CXX_FEATURE:0cxx_long_long_type
    Feature record: CXX_FEATURE:0cxx_noexcept
    Feature record: CXX_FEATURE:0cxx_nonstatic_member_init
    Feature record: CXX_FEATURE:0cxx_nullptr
    Feature record: CXX_FEATURE:0cxx_override
    Feature record: CXX_FEATURE:0cxx_range_for
    Feature record: CXX_FEATURE:0cxx_raw_string_literals
    Feature record: CXX_FEATURE:0cxx_reference_qualified_functions
    Feature record: CXX_FEATURE:0cxx_relaxed_constexpr
    Feature record: CXX_FEATURE:0cxx_return_type_deduction
    Feature record: CXX_FEATURE:0cxx_right_angle_brackets
    Feature record: CXX_FEATURE:0cxx_rvalue_references
    Feature record: CXX_FEATURE:0cxx_sizeof_member
    Feature record: CXX_FEATURE:0cxx_static_assert
    Feature record: CXX_FEATURE:0cxx_strong_enums
    Feature record: CXX_FEATURE:1cxx_template_template_parameters
    Feature record: CXX_FEATURE:0cxx_thread_local
    Feature record: CXX_FEATURE:0cxx_trailing_return_types
    Feature record: CXX_FEATURE:0cxx_unicode_literals
    Feature record: CXX_FEATURE:0cxx_uniform_initialization
    Feature record: CXX_FEATURE:0cxx_unrestricted_unions
    Feature record: CXX_FEATURE:0cxx_user_literals
    Feature record: CXX_FEATURE:0cxx_variable_templates
    Feature record: CXX_FEATURE:0cxx_variadic_macros
    Feature record: CXX_FEATURE:0cxx_variadic_templates
Determining if the function XOpenDisplay exists in the /usr/lib/x86_64-linux-gnu/libX11.so;/usr/lib/x86_64-linux-gnu/libXext.so passed with the following output:
Change Dir: /src/app/find-object/dependencies/dlib/examples/build/CMakeFiles/CMakeTmp

Run Build Command:"/usr/bin/make" "cmTC_bce14/fast"
/usr/bin/make -f CMakeFiles/cmTC_bce14.dir/build.make CMakeFiles/cmTC_bce14.dir/build
make[1]: Entering directory `/src/app/find-object/dependencies/dlib/examples/build/CMakeFiles/CMakeTmp'
Building C object CMakeFiles/cmTC_bce14.dir/CheckFunctionExists.c.o
/usr/bin/cc    -DCHECK_FUNCTION_EXISTS=XOpenDisplay   -o CMakeFiles/cmTC_bce14.dir/CheckFunctionExists.c.o   -c /usr/share/cmake-3.4/Modules/CheckFunctionExists.c
Linking C executable cmTC_bce14
/usr/bin/cmake -E cmake_link_script CMakeFiles/cmTC_bce14.dir/link.txt --verbose=1
/usr/bin/cc   -DCHECK_FUNCTION_EXISTS=XOpenDisplay    CMakeFiles/cmTC_bce14.dir/CheckFunctionExists.c.o  -o cmTC_bce14 -rdynamic /usr/lib/x86_64-linux-gnu/libX11.so /usr/lib/x86_64-linux-gnu/libXext.so 
make[1]: Leaving directory `/src/app/find-object/dependencies/dlib/examples/build/CMakeFiles/CMakeTmp'


Determining if the function gethostbyname exists passed with the following output:
Change Dir: /src/app/find-object/dependencies/dlib/examples/build/CMakeFiles/CMakeTmp

Run Build Command:"/usr/bin/make" "cmTC_38dd0/fast"
/usr/bin/make -f CMakeFiles/cmTC_38dd0.dir/build.make CMakeFiles/cmTC_38dd0.dir/build
make[1]: Entering directory `/src/app/find-object/dependencies/dlib/examples/build/CMakeFiles/CMakeTmp'
Building C object CMakeFiles/cmTC_38dd0.dir/CheckFunctionExists.c.o
/usr/bin/cc    -DCHECK_FUNCTION_EXISTS=gethostbyname   -o CMakeFiles/cmTC_38dd0.dir/CheckFunctionExists.c.o   -c /usr/share/cmake-3.4/Modules/CheckFunctionExists.c
Linking C executable cmTC_38dd0
/usr/bin/cmake -E cmake_link_script CMakeFiles/cmTC_38dd0.dir/link.txt --verbose=1
/usr/bin/cc   -DCHECK_FUNCTION_EXISTS=gethostbyname    CMakeFiles/cmTC_38dd0.dir/CheckFunctionExists.c.o  -o cmTC_38dd0 -rdynamic 
make[1]: Leaving directory `/src/app/find-object/dependencies/dlib/examples/build/CMakeFiles/CMakeTmp'


Determining if the function connect exists passed with the following output:
Change Dir: /src/app/find-object/dependencies/dlib/examples/build/CMakeFiles/CMakeTmp

Run Build Command:"/usr/bin/make" "cmTC_37594/fast"
/usr/bin/make -f CMakeFiles/cmTC_37594.dir/build.make CMakeFiles/cmTC_37594.dir/build
make[1]: Entering directory `/src/app/find-object/dependencies/dlib/examples/build/CMakeFiles/CMakeTmp'
Building C object CMakeFiles/cmTC_37594.dir/CheckFunctionExists.c.o
/usr/bin/cc    -DCHECK_FUNCTION_EXISTS=connect   -o CMakeFiles/cmTC_37594.dir/CheckFunctionExists.c.o   -c /usr/share/cmake-3.4/Modules/CheckFunctionExists.c
Linking C executable cmTC_37594
/usr/bin/cmake -E cmake_link_script CMakeFiles/cmTC_37594.dir/link.txt --verbose=1
/usr/bin/cc   -DCHECK_FUNCTION_EXISTS=connect    CMakeFiles/cmTC_37594.dir/CheckFunctionExists.c.o  -o cmTC_37594 -rdynamic 
make[1]: Leaving directory `/src/app/find-object/dependencies/dlib/examples/build/CMakeFiles/CMakeTmp'


Determining if the function remove exists passed with the following output:
Change Dir: /src/app/find-object/dependencies/dlib/examples/build/CMakeFiles/CMakeTmp

Run Build Command:"/usr/bin/make" "cmTC_5e8a5/fast"
/usr/bin/make -f CMakeFiles/cmTC_5e8a5.dir/build.make CMakeFiles/cmTC_5e8a5.dir/build
make[1]: Entering directory `/src/app/find-object/dependencies/dlib/examples/build/CMakeFiles/CMakeTmp'
Building C object CMakeFiles/cmTC_5e8a5.dir/CheckFunctionExists.c.o
/usr/bin/cc    -DCHECK_FUNCTION_EXISTS=remove   -o CMakeFiles/cmTC_5e8a5.dir/CheckFunctionExists.c.o   -c /usr/share/cmake-3.4/Modules/CheckFunctionExists.c
Linking C executable cmTC_5e8a5
/usr/bin/cmake -E cmake_link_script CMakeFiles/cmTC_5e8a5.dir/link.txt --verbose=1
/usr/bin/cc   -DCHECK_FUNCTION_EXISTS=remove    CMakeFiles/cmTC_5e8a5.dir/CheckFunctionExists.c.o  -o cmTC_5e8a5 -rdynamic 
make[1]: Leaving directory `/src/app/find-object/dependencies/dlib/examples/build/CMakeFiles/CMakeTmp'


Determining if the function shmat exists passed with the following output:
Change Dir: /src/app/find-object/dependencies/dlib/examples/build/CMakeFiles/CMakeTmp

Run Build Command:"/usr/bin/make" "cmTC_3b818/fast"
/usr/bin/make -f CMakeFiles/cmTC_3b818.dir/build.make CMakeFiles/cmTC_3b818.dir/build
make[1]: Entering directory `/src/app/find-object/dependencies/dlib/examples/build/CMakeFiles/CMakeTmp'
Building C object CMakeFiles/cmTC_3b818.dir/CheckFunctionExists.c.o
/usr/bin/cc    -DCHECK_FUNCTION_EXISTS=shmat   -o CMakeFiles/cmTC_3b818.dir/CheckFunctionExists.c.o   -c /usr/share/cmake-3.4/Modules/CheckFunctionExists.c
Linking C executable cmTC_3b818
/usr/bin/cmake -E cmake_link_script CMakeFiles/cmTC_3b818.dir/link.txt --verbose=1
/usr/bin/cc   -DCHECK_FUNCTION_EXISTS=shmat    CMakeFiles/cmTC_3b818.dir/CheckFunctionExists.c.o  -o cmTC_3b818 -rdynamic 
make[1]: Leaving directory `/src/app/find-object/dependencies/dlib/examples/build/CMakeFiles/CMakeTmp'


Determining if the function IceConnectionNumber exists in the ICE passed with the following output:
Change Dir: /src/app/find-object/dependencies/dlib/examples/build/CMakeFiles/CMakeTmp

Run Build Command:"/usr/bin/make" "cmTC_de774/fast"
/usr/bin/make -f CMakeFiles/cmTC_de774.dir/build.make CMakeFiles/cmTC_de774.dir/build
make[1]: Entering directory `/src/app/find-object/dependencies/dlib/examples/build/CMakeFiles/CMakeTmp'
Building C object CMakeFiles/cmTC_de774.dir/CheckFunctionExists.c.o
/usr/bin/cc    -DCHECK_FUNCTION_EXISTS=IceConnectionNumber   -o CMakeFiles/cmTC_de774.dir/CheckFunctionExists.c.o   -c /usr/share/cmake-3.4/Modules/CheckFunctionExists.c
Linking C executable cmTC_de774
/usr/bin/cmake -E cmake_link_script CMakeFiles/cmTC_de774.dir/link.txt --verbose=1
/usr/bin/cc   -DCHECK_FUNCTION_EXISTS=IceConnectionNumber    CMakeFiles/cmTC_de774.dir/CheckFunctionExists.c.o  -o cmTC_de774 -rdynamic -lICE 
make[1]: Leaving directory `/src/app/find-object/dependencies/dlib/examples/build/CMakeFiles/CMakeTmp'


Determining if the function png_create_read_struct exists passed with the following output:
Change Dir: /src/app/find-object/dependencies/dlib/examples/build/CMakeFiles/CMakeTmp

Run Build Command:"/usr/bin/make" "cmTC_e7909/fast"
/usr/bin/make -f CMakeFiles/cmTC_e7909.dir/build.make CMakeFiles/cmTC_e7909.dir/build
make[1]: Entering directory `/src/app/find-object/dependencies/dlib/examples/build/CMakeFiles/CMakeTmp'
Building C object CMakeFiles/cmTC_e7909.dir/CheckFunctionExists.c.o
/usr/bin/cc    -DCHECK_FUNCTION_EXISTS=png_create_read_struct   -o CMakeFiles/cmTC_e7909.dir/CheckFunctionExists.c.o   -c /usr/share/cmake-3.4/Modules/CheckFunctionExists.c
Linking C executable cmTC_e7909
/usr/bin/cmake -E cmake_link_script CMakeFiles/cmTC_e7909.dir/link.txt --verbose=1
/usr/bin/cc   -DCHECK_FUNCTION_EXISTS=png_create_read_struct    CMakeFiles/cmTC_e7909.dir/CheckFunctionExists.c.o  -o cmTC_e7909 -rdynamic /usr/lib/x86_64-linux-gnu/libpng.so 
make[1]: Leaving directory `/src/app/find-object/dependencies/dlib/examples/build/CMakeFiles/CMakeTmp'


Determining if the function jpeg_read_header exists passed with the following output:
Change Dir: /src/app/find-object/dependencies/dlib/examples/build/CMakeFiles/CMakeTmp

Run Build Command:"/usr/bin/make" "cmTC_0df49/fast"
/usr/bin/make -f CMakeFiles/cmTC_0df49.dir/build.make CMakeFiles/cmTC_0df49.dir/build
make[1]: Entering directory `/src/app/find-object/dependencies/dlib/examples/build/CMakeFiles/CMakeTmp'
Building C object CMakeFiles/cmTC_0df49.dir/CheckFunctionExists.c.o
/usr/bin/cc    -DCHECK_FUNCTION_EXISTS=jpeg_read_header   -o CMakeFiles/cmTC_0df49.dir/CheckFunctionExists.c.o   -c /usr/share/cmake-3.4/Modules/CheckFunctionExists.c
Linking C executable cmTC_0df49
/usr/bin/cmake -E cmake_link_script CMakeFiles/cmTC_0df49.dir/link.txt --verbose=1
/usr/bin/cc   -DCHECK_FUNCTION_EXISTS=jpeg_read_header    CMakeFiles/cmTC_0df49.dir/CheckFunctionExists.c.o  -o cmTC_0df49 -rdynamic /usr/lib/x86_64-linux-gnu/libjpeg.so 
make[1]: Leaving directory `/src/app/find-object/dependencies/dlib/examples/build/CMakeFiles/CMakeTmp'


Determining if the include file sys/types.h exists passed with the following output:
Change Dir: /src/app/find-object/dependencies/dlib/examples/build/CMakeFiles/CMakeTmp

Run Build Command:"/usr/bin/make" "cmTC_e1334/fast"
/usr/bin/make -f CMakeFiles/cmTC_e1334.dir/build.make CMakeFiles/cmTC_e1334.dir/build
make[1]: Entering directory `/src/app/find-object/dependencies/dlib/examples/build/CMakeFiles/CMakeTmp'
Building C object CMakeFiles/cmTC_e1334.dir/CheckIncludeFile.c.o
/usr/bin/cc     -o CMakeFiles/cmTC_e1334.dir/CheckIncludeFile.c.o   -c /src/app/find-object/dependencies/dlib/examples/build/CMakeFiles/CMakeTmp/CheckIncludeFile.c
Linking C executable cmTC_e1334
/usr/bin/cmake -E cmake_link_script CMakeFiles/cmTC_e1334.dir/link.txt --verbose=1
/usr/bin/cc       CMakeFiles/cmTC_e1334.dir/CheckIncludeFile.c.o  -o cmTC_e1334 -rdynamic 
make[1]: Leaving directory `/src/app/find-object/dependencies/dlib/examples/build/CMakeFiles/CMakeTmp'


Determining if the include file stdint.h exists passed with the following output:
Change Dir: /src/app/find-object/dependencies/dlib/examples/build/CMakeFiles/CMakeTmp

Run Build Command:"/usr/bin/make" "cmTC_280e2/fast"
/usr/bin/make -f CMakeFiles/cmTC_280e2.dir/build.make CMakeFiles/cmTC_280e2.dir/build
make[1]: Entering directory `/src/app/find-object/dependencies/dlib/examples/build/CMakeFiles/CMakeTmp'
Building C object CMakeFiles/cmTC_280e2.dir/CheckIncludeFile.c.o
/usr/bin/cc     -o CMakeFiles/cmTC_280e2.dir/CheckIncludeFile.c.o   -c /src/app/find-object/dependencies/dlib/examples/build/CMakeFiles/CMakeTmp/CheckIncludeFile.c
Linking C executable cmTC_280e2
/usr/bin/cmake -E cmake_link_script CMakeFiles/cmTC_280e2.dir/link.txt --verbose=1
/usr/bin/cc       CMakeFiles/cmTC_280e2.dir/CheckIncludeFile.c.o  -o cmTC_280e2 -rdynamic 
make[1]: Leaving directory `/src/app/find-object/dependencies/dlib/examples/build/CMakeFiles/CMakeTmp'


Determining if the include file stddef.h exists passed with the following output:
Change Dir: /src/app/find-object/dependencies/dlib/examples/build/CMakeFiles/CMakeTmp

Run Build Command:"/usr/bin/make" "cmTC_2ebbc/fast"
/usr/bin/make -f CMakeFiles/cmTC_2ebbc.dir/build.make CMakeFiles/cmTC_2ebbc.dir/build
make[1]: Entering directory `/src/app/find-object/dependencies/dlib/examples/build/CMakeFiles/CMakeTmp'
Building C object CMakeFiles/cmTC_2ebbc.dir/CheckIncludeFile.c.o
/usr/bin/cc     -o CMakeFiles/cmTC_2ebbc.dir/CheckIncludeFile.c.o   -c /src/app/find-object/dependencies/dlib/examples/build/CMakeFiles/CMakeTmp/CheckIncludeFile.c
Linking C executable cmTC_2ebbc
/usr/bin/cmake -E cmake_link_script CMakeFiles/cmTC_2ebbc.dir/link.txt --verbose=1
/usr/bin/cc       CMakeFiles/cmTC_2ebbc.dir/CheckIncludeFile.c.o  -o cmTC_2ebbc -rdynamic 
make[1]: Leaving directory `/src/app/find-object/dependencies/dlib/examples/build/CMakeFiles/CMakeTmp'


Determining size of void* passed with the following output:
Change Dir: /src/app/find-object/dependencies/dlib/examples/build/CMakeFiles/CMakeTmp

Run Build Command:"/usr/bin/make" "cmTC_60ad0/fast"
/usr/bin/make -f CMakeFiles/cmTC_60ad0.dir/build.make CMakeFiles/cmTC_60ad0.dir/build
make[1]: Entering directory `/src/app/find-object/dependencies/dlib/examples/build/CMakeFiles/CMakeTmp'
Building C object CMakeFiles/cmTC_60ad0.dir/SIZE_OF_VOID_PTR.c.o
/usr/bin/cc     -o CMakeFiles/cmTC_60ad0.dir/SIZE_OF_VOID_PTR.c.o   -c /src/app/find-object/dependencies/dlib/examples/build/CMakeFiles/CheckTypeSize/SIZE_OF_VOID_PTR.c
Linking C executable cmTC_60ad0
/usr/bin/cmake -E cmake_link_script CMakeFiles/cmTC_60ad0.dir/link.txt --verbose=1
/usr/bin/cc       CMakeFiles/cmTC_60ad0.dir/SIZE_OF_VOID_PTR.c.o  -o cmTC_60ad0 -rdynamic /usr/lib/x86_64-linux-gnu/libjpeg.so 
make[1]: Leaving directory `/src/app/find-object/dependencies/dlib/examples/build/CMakeFiles/CMakeTmp'


Determining if the function cblas_ddot exists passed with the following output:
Change Dir: /src/app/find-object/dependencies/dlib/examples/build/CMakeFiles/CMakeTmp

Run Build Command:"/usr/bin/make" "cmTC_09f1d/fast"
/usr/bin/make -f CMakeFiles/cmTC_09f1d.dir/build.make CMakeFiles/cmTC_09f1d.dir/build
make[1]: Entering directory `/src/app/find-object/dependencies/dlib/examples/build/CMakeFiles/CMakeTmp'
Building C object CMakeFiles/cmTC_09f1d.dir/CheckFunctionExists.c.o
/usr/bin/cc    -DCHECK_FUNCTION_EXISTS=cblas_ddot   -o CMakeFiles/cmTC_09f1d.dir/CheckFunctionExists.c.o   -c /usr/share/cmake-3.4/Modules/CheckFunctionExists.c
Linking C executable cmTC_09f1d
/usr/bin/cmake -E cmake_link_script CMakeFiles/cmTC_09f1d.dir/link.txt --verbose=1
/usr/bin/cc   -DCHECK_FUNCTION_EXISTS=cblas_ddot    CMakeFiles/cmTC_09f1d.dir/CheckFunctionExists.c.o  -o cmTC_09f1d -rdynamic /usr/lib/libatlas.so /usr/lib/libcblas.so 
make[1]: Leaving directory `/src/app/find-object/dependencies/dlib/examples/build/CMakeFiles/CMakeTmp'


Determining if the CXX compiler has std namespace passed with the following output:
Change Dir: /src/app/find-object/dependencies/dlib/examples/build/CMakeFiles/CMakeTmp

Run Build Command:"/usr/bin/make" "cmTC_f7ca1/fast"
/usr/bin/make -f CMakeFiles/cmTC_f7ca1.dir/build.make CMakeFiles/cmTC_f7ca1.dir/build
make[1]: Entering directory `/src/app/find-object/dependencies/dlib/examples/build/CMakeFiles/CMakeTmp'
Building CXX object CMakeFiles/cmTC_f7ca1.dir/TestForSTDNamespace.cxx.o
/usr/bin/c++     -Wreturn-type    -o CMakeFiles/cmTC_f7ca1.dir/TestForSTDNamespace.cxx.o -c /usr/share/cmake-3.4/Modules/TestForSTDNamespace.cxx
Linking CXX executable cmTC_f7ca1
/usr/bin/cmake -E cmake_link_script CMakeFiles/cmTC_f7ca1.dir/link.txt --verbose=1
/usr/bin/c++    -Wreturn-type     CMakeFiles/cmTC_f7ca1.dir/TestForSTDNamespace.cxx.o  -o cmTC_f7ca1 -rdynamic 
make[1]: Leaving directory `/src/app/find-object/dependencies/dlib/examples/build/CMakeFiles/CMakeTmp'


Determining if the include file iostream exists passed with the following output:
Change Dir: /src/app/find-object/dependencies/dlib/examples/build/CMakeFiles/CMakeTmp

Run Build Command:"/usr/bin/make" "cmTC_e0555/fast"
/usr/bin/make -f CMakeFiles/cmTC_e0555.dir/build.make CMakeFiles/cmTC_e0555.dir/build
make[1]: Entering directory `/src/app/find-object/dependencies/dlib/examples/build/CMakeFiles/CMakeTmp'
Building CXX object CMakeFiles/cmTC_e0555.dir/CheckIncludeFile.cxx.o
/usr/bin/c++     -Wreturn-type    -o CMakeFiles/cmTC_e0555.dir/CheckIncludeFile.cxx.o -c /src/app/find-object/dependencies/dlib/examples/build/CMakeFiles/CMakeTmp/CheckIncludeFile.cxx
Linking CXX executable cmTC_e0555
/usr/bin/cmake -E cmake_link_script CMakeFiles/cmTC_e0555.dir/link.txt --verbose=1
/usr/bin/c++    -Wreturn-type     CMakeFiles/cmTC_e0555.dir/CheckIncludeFile.cxx.o  -o cmTC_e0555 -rdynamic 
make[1]: Leaving directory `/src/app/find-object/dependencies/dlib/examples/build/CMakeFiles/CMakeTmp'


