Determining if the Q_WS_WIN exist failed with the following output:
Change Dir: /src/tufao/CMakeFiles/CMakeTmp

Run Build Command:"/usr/bin/make" "cmTC_206bc/fast"
/usr/bin/make -f CMakeFiles/cmTC_206bc.dir/build.make CMakeFiles/cmTC_206bc.dir/build
make[1]: Entering directory `/src/tufao/CMakeFiles/CMakeTmp'
Building CXX object CMakeFiles/cmTC_206bc.dir/CheckSymbolExists.cxx.o
/usr/bin/c++    -I/usr/include/qt4   -o CMakeFiles/cmTC_206bc.dir/CheckSymbolExists.cxx.o -c /src/tufao/CMakeFiles/CMakeTmp/CheckSymbolExists.cxx
/src/tufao/CMakeFiles/CMakeTmp/CheckSymbolExists.cxx: In function 'int main(int, char**)':
/src/tufao/CMakeFiles/CMakeTmp/CheckSymbolExists.cxx:8:19: error: 'Q_WS_WIN' was not declared in this scope
   return ((int*)(&Q_WS_WIN))[argc];
                   ^
make[1]: *** [CMakeFiles/cmTC_206bc.dir/CheckSymbolExists.cxx.o] Error 1
make[1]: Leaving directory `/src/tufao/CMakeFiles/CMakeTmp'
make: *** [cmTC_206bc/fast] Error 2

File /src/tufao/CMakeFiles/CMakeTmp/CheckSymbolExists.cxx:
/* */
#include <QtCore/qglobal.h>

int main(int argc, char** argv)
{
  (void)argv;
#ifndef Q_WS_WIN
  return ((int*)(&Q_WS_WIN))[argc];
#else
  (void)argc;
  return 0;
#endif
}

Determining if the Q_WS_QWS exist failed with the following output:
Change Dir: /src/tufao/CMakeFiles/CMakeTmp

Run Build Command:"/usr/bin/make" "cmTC_fb8f7/fast"
/usr/bin/make -f CMakeFiles/cmTC_fb8f7.dir/build.make CMakeFiles/cmTC_fb8f7.dir/build
make[1]: Entering directory `/src/tufao/CMakeFiles/CMakeTmp'
Building CXX object CMakeFiles/cmTC_fb8f7.dir/CheckSymbolExists.cxx.o
/usr/bin/c++    -I/usr/include/qt4   -o CMakeFiles/cmTC_fb8f7.dir/CheckSymbolExists.cxx.o -c /src/tufao/CMakeFiles/CMakeTmp/CheckSymbolExists.cxx
/src/tufao/CMakeFiles/CMakeTmp/CheckSymbolExists.cxx: In function 'int main(int, char**)':
/src/tufao/CMakeFiles/CMakeTmp/CheckSymbolExists.cxx:8:19: error: 'Q_WS_QWS' was not declared in this scope
   return ((int*)(&Q_WS_QWS))[argc];
                   ^
make[1]: Leaving directory `/src/tufao/CMakeFiles/CMakeTmp'
make[1]: *** [CMakeFiles/cmTC_fb8f7.dir/CheckSymbolExists.cxx.o] Error 1
make: *** [cmTC_fb8f7/fast] Error 2

File /src/tufao/CMakeFiles/CMakeTmp/CheckSymbolExists.cxx:
/* */
#include <QtCore/qglobal.h>

int main(int argc, char** argv)
{
  (void)argv;
#ifndef Q_WS_QWS
  return ((int*)(&Q_WS_QWS))[argc];
#else
  (void)argc;
  return 0;
#endif
}

Determining if the Q_WS_MAC exist failed with the following output:
Change Dir: /src/tufao/CMakeFiles/CMakeTmp

Run Build Command:"/usr/bin/make" "cmTC_5be18/fast"
/usr/bin/make -f CMakeFiles/cmTC_5be18.dir/build.make CMakeFiles/cmTC_5be18.dir/build
make[1]: Entering directory `/src/tufao/CMakeFiles/CMakeTmp'
Building CXX object CMakeFiles/cmTC_5be18.dir/CheckSymbolExists.cxx.o
/usr/bin/c++    -I/usr/include/qt4   -o CMakeFiles/cmTC_5be18.dir/CheckSymbolExists.cxx.o -c /src/tufao/CMakeFiles/CMakeTmp/CheckSymbolExists.cxx
/src/tufao/CMakeFiles/CMakeTmp/CheckSymbolExists.cxx: In function 'int main(int, char**)':
/src/tufao/CMakeFiles/CMakeTmp/CheckSymbolExists.cxx:8:19: error: 'Q_WS_MAC' was not declared in this scope
   return ((int*)(&Q_WS_MAC))[argc];
                   ^
make[1]: *** [CMakeFiles/cmTC_5be18.dir/CheckSymbolExists.cxx.o] Error 1
make[1]: Leaving directory `/src/tufao/CMakeFiles/CMakeTmp'
make: *** [cmTC_5be18/fast] Error 2

File /src/tufao/CMakeFiles/CMakeTmp/CheckSymbolExists.cxx:
/* */
#include <QtCore/qglobal.h>

int main(int argc, char** argv)
{
  (void)argv;
#ifndef Q_WS_MAC
  return ((int*)(&Q_WS_MAC))[argc];
#else
  (void)argc;
  return 0;
#endif
}

Determining if the Q_WS_WIN exist failed with the following output:
Change Dir: /src/app/find-object/include/tufao/CMakeFiles/CMakeTmp

Run Build Command:"/usr/bin/make" "cmTC_b93ac/fast"
/usr/bin/make -f CMakeFiles/cmTC_b93ac.dir/build.make CMakeFiles/cmTC_b93ac.dir/build
make[1]: Entering directory `/src/app/find-object/include/tufao/CMakeFiles/CMakeTmp'
Building CXX object CMakeFiles/cmTC_b93ac.dir/CheckSymbolExists.cxx.o
/usr/bin/c++    -I/usr/include/qt4   -o CMakeFiles/cmTC_b93ac.dir/CheckSymbolExists.cxx.o -c /src/app/find-object/include/tufao/CMakeFiles/CMakeTmp/CheckSymbolExists.cxx
/src/app/find-object/include/tufao/CMakeFiles/CMakeTmp/CheckSymbolExists.cxx: In function 'int main(int, char**)':
/src/app/find-object/include/tufao/CMakeFiles/CMakeTmp/CheckSymbolExists.cxx:8:19: error: 'Q_WS_WIN' was not declared in this scope
   return ((int*)(&Q_WS_WIN))[argc];
                   ^
make[1]: Leaving directory `/src/app/find-object/include/tufao/CMakeFiles/CMakeTmp'
make[1]: *** [CMakeFiles/cmTC_b93ac.dir/CheckSymbolExists.cxx.o] Error 1
make: *** [cmTC_b93ac/fast] Error 2

File /src/app/find-object/include/tufao/CMakeFiles/CMakeTmp/CheckSymbolExists.cxx:
/* */
#include <QtCore/qglobal.h>

int main(int argc, char** argv)
{
  (void)argv;
#ifndef Q_WS_WIN
  return ((int*)(&Q_WS_WIN))[argc];
#else
  (void)argc;
  return 0;
#endif
}

Determining if the Q_WS_QWS exist failed with the following output:
Change Dir: /src/app/find-object/include/tufao/CMakeFiles/CMakeTmp

Run Build Command:"/usr/bin/make" "cmTC_221b3/fast"
/usr/bin/make -f CMakeFiles/cmTC_221b3.dir/build.make CMakeFiles/cmTC_221b3.dir/build
make[1]: Entering directory `/src/app/find-object/include/tufao/CMakeFiles/CMakeTmp'
Building CXX object CMakeFiles/cmTC_221b3.dir/CheckSymbolExists.cxx.o
/usr/bin/c++    -I/usr/include/qt4   -o CMakeFiles/cmTC_221b3.dir/CheckSymbolExists.cxx.o -c /src/app/find-object/include/tufao/CMakeFiles/CMakeTmp/CheckSymbolExists.cxx
/src/app/find-object/include/tufao/CMakeFiles/CMakeTmp/CheckSymbolExists.cxx: In function 'int main(int, char**)':
/src/app/find-object/include/tufao/CMakeFiles/CMakeTmp/CheckSymbolExists.cxx:8:19: error: 'Q_WS_QWS' was not declared in this scope
   return ((int*)(&Q_WS_QWS))[argc];
                   ^
make[1]: *** [CMakeFiles/cmTC_221b3.dir/CheckSymbolExists.cxx.o] Error 1
make[1]: Leaving directory `/src/app/find-object/include/tufao/CMakeFiles/CMakeTmp'
make: *** [cmTC_221b3/fast] Error 2

File /src/app/find-object/include/tufao/CMakeFiles/CMakeTmp/CheckSymbolExists.cxx:
/* */
#include <QtCore/qglobal.h>

int main(int argc, char** argv)
{
  (void)argv;
#ifndef Q_WS_QWS
  return ((int*)(&Q_WS_QWS))[argc];
#else
  (void)argc;
  return 0;
#endif
}

Determining if the Q_WS_MAC exist failed with the following output:
Change Dir: /src/app/find-object/include/tufao/CMakeFiles/CMakeTmp

Run Build Command:"/usr/bin/make" "cmTC_8fe8e/fast"
/usr/bin/make -f CMakeFiles/cmTC_8fe8e.dir/build.make CMakeFiles/cmTC_8fe8e.dir/build
make[1]: Entering directory `/src/app/find-object/include/tufao/CMakeFiles/CMakeTmp'
Building CXX object CMakeFiles/cmTC_8fe8e.dir/CheckSymbolExists.cxx.o
/usr/bin/c++    -I/usr/include/qt4   -o CMakeFiles/cmTC_8fe8e.dir/CheckSymbolExists.cxx.o -c /src/app/find-object/include/tufao/CMakeFiles/CMakeTmp/CheckSymbolExists.cxx
/src/app/find-object/include/tufao/CMakeFiles/CMakeTmp/CheckSymbolExists.cxx: In function 'int main(int, char**)':
/src/app/find-object/include/tufao/CMakeFiles/CMakeTmp/CheckSymbolExists.cxx:8:19: error: 'Q_WS_MAC' was not declared in this scope
   return ((int*)(&Q_WS_MAC))[argc];
                   ^
make[1]: *** [CMakeFiles/cmTC_8fe8e.dir/CheckSymbolExists.cxx.o] Error 1
make[1]: Leaving directory `/src/app/find-object/include/tufao/CMakeFiles/CMakeTmp'
make: *** [cmTC_8fe8e/fast] Error 2

File /src/app/find-object/include/tufao/CMakeFiles/CMakeTmp/CheckSymbolExists.cxx:
/* */
#include <QtCore/qglobal.h>

int main(int argc, char** argv)
{
  (void)argv;
#ifndef Q_WS_MAC
  return ((int*)(&Q_WS_MAC))[argc];
#else
  (void)argc;
  return 0;
#endif
}

