This file contains any messages produced by compilers while
running configure, to aid debugging if configure makes a mistake.

It was created by libmill configure 1.1-8-ge3d8bbb, which was
generated by GNU Autoconf 2.69.  Invocation command line was

  $ ./configure 

## --------- ##
## Platform. ##
## --------- ##

hostname = 1bed67c229f5
uname -m = x86_64
uname -r = 4.2.2-coreos
uname -s = Linux
uname -v = #2 SMP Fri Oct 16 04:19:33 UTC 2015

/usr/bin/uname -p = unknown
/bin/uname -X     = unknown

/bin/arch              = unknown
/usr/bin/arch -k       = unknown
/usr/convex/getsysinfo = unknown
/usr/bin/hostinfo      = unknown
/bin/machine           = unknown
/usr/bin/oslevel       = unknown
/bin/universe          = unknown

PATH: /usr/local/sbin
PATH: /usr/local/bin
PATH: /usr/sbin
PATH: /usr/bin
PATH: /sbin
PATH: /bin
PATH: /root/go/bin
PATH: /usr/local/go/bin


## ----------- ##
## Core tests. ##
## ----------- ##

configure:2166: checking for a BSD-compatible install
configure:2234: result: /usr/bin/install -c
configure:2245: checking whether build environment is sane
configure:2300: result: yes
configure:2451: checking for a thread-safe mkdir -p
configure:2490: result: /bin/mkdir -p
configure:2497: checking for gawk
configure:2527: result: no
configure:2497: checking for mawk
configure:2513: found /usr/bin/mawk
configure:2524: result: mawk
configure:2535: checking whether make sets $(MAKE)
configure:2557: result: yes
configure:2586: checking whether make supports nested variables
configure:2603: result: yes
configure:2692: checking whether UID '0' is supported by ustar format
configure:2695: result: yes
configure:2702: checking whether GID '0' is supported by ustar format
configure:2705: result: yes
configure:2713: checking how to create a ustar tar archive
configure:2724: tar --version
tar (GNU tar) 1.27.1
Copyright (C) 2013 Free Software Foundation, Inc.
License GPLv3+: GNU GPL version 3 or later <http://gnu.org/licenses/gpl.html>.
This is free software: you are free to change and redistribute it.
There is NO WARRANTY, to the extent permitted by law.

Written by John Gilmore and Jay Fenlason.
configure:2727: $? = 0
configure:2767: tardir=conftest.dir && eval tar --format=ustar -chf - "$tardir" >conftest.tar
configure:2770: $? = 0
configure:2774: tar -xf - <conftest.tar
configure:2777: $? = 0
configure:2779: cat conftest.dir/file
GrepMe
configure:2782: $? = 0
configure:2795: result: gnutar
configure:2855: checking whether make supports nested variables
configure:2872: result: yes
configure:2888: checking build system type
configure:2902: result: x86_64-unknown-linux-gnu
configure:2922: checking host system type
configure:2935: result: x86_64-unknown-linux-gnu
configure:2960: checking for a sed that does not truncate output
configure:3024: result: /bin/sed
configure:3033: checking for gawk
configure:3060: result: mawk
configure:3080: Mill package version: 1.1-8-ge3d8bbb
configure:3082: Mill ABI version: 11.0.1
configure:3101: checking for style of include used by make
configure:3129: result: GNU
configure:3200: checking for gcc
configure:3216: found /usr/bin/gcc
configure:3227: result: gcc
configure:3456: checking for C compiler version
configure:3465: gcc --version >&5
gcc (Ubuntu 4.8.4-2ubuntu1~14.04) 4.8.4
Copyright (C) 2013 Free Software Foundation, Inc.
This is free software; see the source for copying conditions.  There is NO
warranty; not even for MERCHANTABILITY or FITNESS FOR A PARTICULAR PURPOSE.

configure:3476: $? = 0
configure:3465: gcc -v >&5
Using built-in specs.
COLLECT_GCC=gcc
COLLECT_LTO_WRAPPER=/usr/lib/gcc/x86_64-linux-gnu/4.8/lto-wrapper
Target: x86_64-linux-gnu
Configured with: ../src/configure -v --with-pkgversion='Ubuntu 4.8.4-2ubuntu1~14.04' --with-bugurl=file:///usr/share/doc/gcc-4.8/README.Bugs --enable-languages=c,c++,java,go,d,fortran,objc,obj-c++ --prefix=/usr --program-suffix=-4.8 --enable-shared --enable-linker-build-id --libexecdir=/usr/lib --without-included-gettext --enable-threads=posix --with-gxx-include-dir=/usr/include/c++/4.8 --libdir=/usr/lib --enable-nls --with-sysroot=/ --enable-clocale=gnu --enable-libstdcxx-debug --enable-libstdcxx-time=yes --enable-gnu-unique-object --disable-libmudflap --enable-plugin --with-system-zlib --disable-browser-plugin --enable-java-awt=gtk --enable-gtk-cairo --with-java-home=/usr/lib/jvm/java-1.5.0-gcj-4.8-amd64/jre --enable-java-home --with-jvm-root-dir=/usr/lib/jvm/java-1.5.0-gcj-4.8-amd64 --with-jvm-jar-dir=/usr/lib/jvm-exports/java-1.5.0-gcj-4.8-amd64 --with-arch-directory=amd64 --with-ecj-jar=/usr/share/java/eclipse-ecj.jar --enable-objc-gc --enable-multiarch --disable-werror --with-arch-32=i686 --with-abi=m64 --with-multilib-list=m32,m64,mx32 --with-tune=generic --enable-checking=release --build=x86_64-linux-gnu --host=x86_64-linux-gnu --target=x86_64-linux-gnu
Thread model: posix
gcc version 4.8.4 (Ubuntu 4.8.4-2ubuntu1~14.04) 
configure:3476: $? = 0
configure:3465: gcc -V >&5
gcc: error: unrecognized command line option '-V'
gcc: fatal error: no input files
compilation terminated.
configure:3476: $? = 4
configure:3465: gcc -qversion >&5
gcc: error: unrecognized command line option '-qversion'
gcc: fatal error: no input files
compilation terminated.
configure:3476: $? = 4
configure:3496: checking whether the C compiler works
configure:3518: gcc    conftest.c  >&5
configure:3522: $? = 0
configure:3570: result: yes
configure:3573: checking for C compiler default output file name
configure:3575: result: a.out
configure:3581: checking for suffix of executables
configure:3588: gcc -o conftest    conftest.c  >&5
configure:3592: $? = 0
configure:3614: result: 
configure:3636: checking whether we are cross compiling
configure:3644: gcc -o conftest    conftest.c  >&5
configure:3648: $? = 0
configure:3655: ./conftest
configure:3659: $? = 0
configure:3674: result: no
configure:3679: checking for suffix of object files
configure:3701: gcc -c   conftest.c >&5
configure:3705: $? = 0
configure:3726: result: o
configure:3730: checking whether we are using the GNU C compiler
configure:3749: gcc -c   conftest.c >&5
configure:3749: $? = 0
configure:3758: result: yes
configure:3767: checking whether gcc accepts -g
configure:3787: gcc -c -g  conftest.c >&5
configure:3787: $? = 0
configure:3828: result: yes
configure:3845: checking for gcc option to accept ISO C89
configure:3908: gcc  -c -g -O2  conftest.c >&5
configure:3908: $? = 0
configure:3921: result: none needed
configure:3946: checking whether gcc understands -c and -o together
configure:3968: gcc -c conftest.c -o conftest2.o
configure:3971: $? = 0
configure:3968: gcc -c conftest.c -o conftest2.o
configure:3971: $? = 0
configure:3983: result: yes
configure:4002: checking dependency style of gcc
configure:4113: result: gcc3
configure:4128: checking for gcc option to accept ISO C99
configure:4277: gcc  -c -g -O2  conftest.c >&5
conftest.c:61:29: error: expected ';', ',' or ')' before 'text'
 test_restrict (ccp restrict text)
                             ^
conftest.c: In function 'main':
conftest.c:115:18: error: expected '=', ',', ';', 'asm' or '__attribute__' before 'newvar'
   char *restrict newvar = "Another string";
                  ^
conftest.c:115:18: error: 'newvar' undeclared (first use in this function)
conftest.c:115:18: note: each undeclared identifier is reported only once for each function it appears in
conftest.c:125:3: error: 'for' loop initial declarations are only allowed in C99 mode
   for (int i = 0; i < ia->datasize; ++i)
   ^
conftest.c:125:3: note: use option -std=c99 or -std=gnu99 to compile your code
configure:4277: $? = 1
configure: failed program was:
| /* confdefs.h */
| #define PACKAGE_NAME "libmill"
| #define PACKAGE_TARNAME "libmill"
| #define PACKAGE_VERSION "1.1-8-ge3d8bbb"
| #define PACKAGE_STRING "libmill 1.1-8-ge3d8bbb"
| #define PACKAGE_BUGREPORT "libmill@freelists.org"
| #define PACKAGE_URL "http://libmill.org/"
| #define PACKAGE "libmill"
| #define VERSION "1.1-8-ge3d8bbb"
| /* end confdefs.h.  */
| #include <stdarg.h>
| #include <stdbool.h>
| #include <stdlib.h>
| #include <wchar.h>
| #include <stdio.h>
| 
| // Check varargs macros.  These examples are taken from C99 6.10.3.5.
| #define debug(...) fprintf (stderr, __VA_ARGS__)
| #define showlist(...) puts (#__VA_ARGS__)
| #define report(test,...) ((test) ? puts (#test) : printf (__VA_ARGS__))
| static void
| test_varargs_macros (void)
| {
|   int x = 1234;
|   int y = 5678;
|   debug ("Flag");
|   debug ("X = %d\n", x);
|   showlist (The first, second, and third items.);
|   report (x>y, "x is %d but y is %d", x, y);
| }
| 
| // Check long long types.
| #define BIG64 18446744073709551615ull
| #define BIG32 4294967295ul
| #define BIG_OK (BIG64 / BIG32 == 4294967297ull && BIG64 % BIG32 == 0)
| #if !BIG_OK
|   your preprocessor is broken;
| #endif
| #if BIG_OK
| #else
|   your preprocessor is broken;
| #endif
| static long long int bignum = -9223372036854775807LL;
| static unsigned long long int ubignum = BIG64;
| 
| struct incomplete_array
| {
|   int datasize;
|   double data[];
| };
| 
| struct named_init {
|   int number;
|   const wchar_t *name;
|   double average;
| };
| 
| typedef const char *ccp;
| 
| static inline int
| test_restrict (ccp restrict text)
| {
|   // See if C++-style comments work.
|   // Iterate through items via the restricted pointer.
|   // Also check for declarations in for loops.
|   for (unsigned int i = 0; *(text+i) != '\0'; ++i)
|     continue;
|   return 0;
| }
| 
| // Check varargs and va_copy.
| static void
| test_varargs (const char *format, ...)
| {
|   va_list args;
|   va_start (args, format);
|   va_list args_copy;
|   va_copy (args_copy, args);
| 
|   const char *str;
|   int number;
|   float fnumber;
| 
|   while (*format)
|     {
|       switch (*format++)
| 	{
| 	case 's': // string
| 	  str = va_arg (args_copy, const char *);
| 	  break;
| 	case 'd': // int
| 	  number = va_arg (args_copy, int);
| 	  break;
| 	case 'f': // float
| 	  fnumber = va_arg (args_copy, double);
| 	  break;
| 	default:
| 	  break;
| 	}
|     }
|   va_end (args_copy);
|   va_end (args);
| }
| 
| int
| main ()
| {
| 
|   // Check bool.
|   _Bool success = false;
| 
|   // Check restrict.
|   if (test_restrict ("String literal") == 0)
|     success = true;
|   char *restrict newvar = "Another string";
| 
|   // Check varargs.
|   test_varargs ("s, d' f .", "string", 65, 34.234);
|   test_varargs_macros ();
| 
|   // Check flexible array members.
|   struct incomplete_array *ia =
|     malloc (sizeof (struct incomplete_array) + (sizeof (double) * 10));
|   ia->datasize = 10;
|   for (int i = 0; i < ia->datasize; ++i)
|     ia->data[i] = i * 1.234;
| 
|   // Check named initializers.
|   struct named_init ni = {
|     .number = 34,
|     .name = L"Test wide string",
|     .average = 543.34343,
|   };
| 
|   ni.number = 58;
| 
|   int dynamic_array[ni.number];
|   dynamic_array[ni.number - 1] = 543;
| 
|   // work around unused variable warnings
|   return (!success || bignum == 0LL || ubignum == 0uLL || newvar[0] == 'x'
| 	  || dynamic_array[ni.number - 1] != 543);
| 
|   ;
|   return 0;
| }
configure:4277: gcc -std=gnu99 -c -g -O2  conftest.c >&5
configure:4277: $? = 0
configure:4297: result: -std=gnu99
configure:4327: checking for posix_memalign
configure:4327: gcc -std=gnu99 -o conftest -g -O2   conftest.c  >&5
configure:4327: $? = 0
configure:4327: result: yes
configure:4333: checking for mprotect
configure:4333: gcc -std=gnu99 -o conftest -g -O2   conftest.c  >&5
configure:4333: $? = 0
configure:4333: result: yes
configure:4339: checking for clock_gettime in -lrt
configure:4364: gcc -std=gnu99 -o conftest -g -O2   conftest.c -lrt   >&5
configure:4364: $? = 0
configure:4373: result: yes
configure:4386: checking for clock_gettime
configure:4386: gcc -std=gnu99 -o conftest -g -O2   conftest.c -lrt  >&5
configure:4386: $? = 0
configure:4386: result: yes
configure:4395: checking for socket in -lsocket
configure:4420: gcc -std=gnu99 -o conftest -g -O2   conftest.c -lsocket  -lrt  >&5
/usr/bin/ld: cannot find -lsocket
collect2: error: ld returned 1 exit status
configure:4420: $? = 1
configure: failed program was:
| /* confdefs.h */
| #define PACKAGE_NAME "libmill"
| #define PACKAGE_TARNAME "libmill"
| #define PACKAGE_VERSION "1.1-8-ge3d8bbb"
| #define PACKAGE_STRING "libmill 1.1-8-ge3d8bbb"
| #define PACKAGE_BUGREPORT "libmill@freelists.org"
| #define PACKAGE_URL "http://libmill.org/"
| #define PACKAGE "libmill"
| #define VERSION "1.1-8-ge3d8bbb"
| #define HAVE_POSIX_MEMALIGN 1
| #define HAVE_MPROTECT 1
| #define HAVE_LIBRT 1
| #define HAVE_CLOCK_GETTIME 1
| /* end confdefs.h.  */
| 
| /* Override any GCC internal prototype to avoid an error.
|    Use char because int might match the return type of a GCC
|    builtin and then its argument prototype would still apply.  */
| #ifdef __cplusplus
| extern "C"
| #endif
| char socket ();
| int
| main ()
| {
| return socket ();
|   ;
|   return 0;
| }
configure:4429: result: no
configure:4440: checking for getaddrinfo_a in -lanl
configure:4465: gcc -std=gnu99 -o conftest -g -O2   conftest.c -lanl  -lrt  >&5
configure:4465: $? = 0
configure:4474: result: yes
configure:4487: checking for getaddrinfo_a
configure:4487: gcc -std=gnu99 -o conftest -g -O2   conftest.c -lanl -lrt  >&5
configure:4487: $? = 0
configure:4487: result: yes
configure:4547: checking how to print strings
configure:4574: result: printf
configure:4595: checking for a sed that does not truncate output
configure:4659: result: /bin/sed
configure:4677: checking for grep that handles long lines and -e
configure:4735: result: /bin/grep
configure:4740: checking for egrep
configure:4802: result: /bin/grep -E
configure:4807: checking for fgrep
configure:4869: result: /bin/grep -F
configure:4904: checking for ld used by gcc -std=gnu99
configure:4971: result: /usr/bin/ld
configure:4978: checking if the linker (/usr/bin/ld) is GNU ld
configure:4993: result: yes
configure:5005: checking for BSD- or MS-compatible name lister (nm)
configure:5054: result: /usr/bin/nm -B
configure:5184: checking the name lister (/usr/bin/nm -B) interface
configure:5191: gcc -std=gnu99 -c -g -O2  conftest.c >&5
configure:5194: /usr/bin/nm -B "conftest.o"
configure:5197: output
0000000000000000 B some_variable
configure:5204: result: BSD nm
configure:5207: checking whether ln -s works
configure:5211: result: yes
configure:5219: checking the maximum length of command line arguments
configure:5350: result: 1572864
configure:5367: checking whether the shell understands some XSI constructs
configure:5377: result: yes
configure:5381: checking whether the shell understands "+="
configure:5387: result: yes
configure:5422: checking how to convert x86_64-unknown-linux-gnu file names to x86_64-unknown-linux-gnu format
configure:5462: result: func_convert_file_noop
configure:5469: checking how to convert x86_64-unknown-linux-gnu file names to toolchain format
configure:5489: result: func_convert_file_noop
configure:5496: checking for /usr/bin/ld option to reload object files
configure:5503: result: -r
configure:5577: checking for objdump
configure:5593: found /usr/bin/objdump
configure:5604: result: objdump
configure:5636: checking how to recognize dependent libraries
configure:5834: result: pass_all
configure:5919: checking for dlltool
configure:5949: result: no
configure:5979: checking how to associate runtime and link libraries
configure:6006: result: printf %s\n
configure:6066: checking for ar
configure:6082: found /usr/bin/ar
configure:6093: result: ar
configure:6130: checking for archiver @FILE support
configure:6147: gcc -std=gnu99 -c -g -O2  conftest.c >&5
configure:6147: $? = 0
configure:6150: ar cru libconftest.a @conftest.lst >&5
configure:6153: $? = 0
configure:6158: ar cru libconftest.a @conftest.lst >&5
ar: conftest.o: No such file or directory
configure:6161: $? = 1
configure:6173: result: @
configure:6231: checking for strip
configure:6247: found /usr/bin/strip
configure:6258: result: strip
configure:6330: checking for ranlib
configure:6346: found /usr/bin/ranlib
configure:6357: result: ranlib
configure:6459: checking command to parse /usr/bin/nm -B output from gcc -std=gnu99 object
configure:6579: gcc -std=gnu99 -c -g -O2  conftest.c >&5
configure:6582: $? = 0
configure:6586: /usr/bin/nm -B conftest.o \| sed -n -e 's/^.*[ ]\([ABCDGIRSTW][ABCDGIRSTW]*\)[ ][ ]*\([_A-Za-z][_A-Za-z0-9]*\)$/\1 \2 \2/p' | sed '/ __gnu_lto/d' \> conftest.nm
configure:6589: $? = 0
configure:6655: gcc -std=gnu99 -o conftest -g -O2   conftest.c conftstm.o >&5
configure:6658: $? = 0
configure:6696: result: ok
configure:6733: checking for sysroot
configure:6763: result: no
configure:6840: gcc -std=gnu99 -c -g -O2  conftest.c >&5
configure:6843: $? = 0
configure:7032: checking for mt
configure:7048: found /bin/mt
configure:7059: result: mt
configure:7082: checking if mt is a manifest tool
configure:7088: mt '-?'
configure:7096: result: no
configure:7738: checking how to run the C preprocessor
configure:7769: gcc -std=gnu99 -E  conftest.c
configure:7769: $? = 0
configure:7783: gcc -std=gnu99 -E  conftest.c
conftest.c:17:28: fatal error: ac_nonexistent.h: No such file or directory
 #include <ac_nonexistent.h>
                            ^
compilation terminated.
configure:7783: $? = 1
configure: failed program was:
| /* confdefs.h */
| #define PACKAGE_NAME "libmill"
| #define PACKAGE_TARNAME "libmill"
| #define PACKAGE_VERSION "1.1-8-ge3d8bbb"
| #define PACKAGE_STRING "libmill 1.1-8-ge3d8bbb"
| #define PACKAGE_BUGREPORT "libmill@freelists.org"
| #define PACKAGE_URL "http://libmill.org/"
| #define PACKAGE "libmill"
| #define VERSION "1.1-8-ge3d8bbb"
| #define HAVE_POSIX_MEMALIGN 1
| #define HAVE_MPROTECT 1
| #define HAVE_LIBRT 1
| #define HAVE_CLOCK_GETTIME 1
| #define HAVE_LIBANL 1
| #define HAVE_GETADDRINFO_A 1
| /* end confdefs.h.  */
| #include <ac_nonexistent.h>
configure:7808: result: gcc -std=gnu99 -E
configure:7828: gcc -std=gnu99 -E  conftest.c
configure:7828: $? = 0
configure:7842: gcc -std=gnu99 -E  conftest.c
conftest.c:17:28: fatal error: ac_nonexistent.h: No such file or directory
 #include <ac_nonexistent.h>
                            ^
compilation terminated.
configure:7842: $? = 1
configure: failed program was:
| /* confdefs.h */
| #define PACKAGE_NAME "libmill"
| #define PACKAGE_TARNAME "libmill"
| #define PACKAGE_VERSION "1.1-8-ge3d8bbb"
| #define PACKAGE_STRING "libmill 1.1-8-ge3d8bbb"
| #define PACKAGE_BUGREPORT "libmill@freelists.org"
| #define PACKAGE_URL "http://libmill.org/"
| #define PACKAGE "libmill"
| #define VERSION "1.1-8-ge3d8bbb"
| #define HAVE_POSIX_MEMALIGN 1
| #define HAVE_MPROTECT 1
| #define HAVE_LIBRT 1
| #define HAVE_CLOCK_GETTIME 1
| #define HAVE_LIBANL 1
| #define HAVE_GETADDRINFO_A 1
| /* end confdefs.h.  */
| #include <ac_nonexistent.h>
configure:7871: checking for ANSI C header files
configure:7891: gcc -std=gnu99 -c -g -O2  conftest.c >&5
configure:7891: $? = 0
configure:7964: gcc -std=gnu99 -o conftest -g -O2   conftest.c -lanl -lrt  >&5
configure:7964: $? = 0
configure:7964: ./conftest
configure:7964: $? = 0
configure:7975: result: yes
configure:7988: checking for sys/types.h
configure:7988: gcc -std=gnu99 -c -g -O2  conftest.c >&5
configure:7988: $? = 0
configure:7988: result: yes
configure:7988: checking for sys/stat.h
configure:7988: gcc -std=gnu99 -c -g -O2  conftest.c >&5
configure:7988: $? = 0
configure:7988: result: yes
configure:7988: checking for stdlib.h
configure:7988: gcc -std=gnu99 -c -g -O2  conftest.c >&5
configure:7988: $? = 0
configure:7988: result: yes
configure:7988: checking for string.h
configure:7988: gcc -std=gnu99 -c -g -O2  conftest.c >&5
configure:7988: $? = 0
configure:7988: result: yes
configure:7988: checking for memory.h
configure:7988: gcc -std=gnu99 -c -g -O2  conftest.c >&5
configure:7988: $? = 0
configure:7988: result: yes
configure:7988: checking for strings.h
configure:7988: gcc -std=gnu99 -c -g -O2  conftest.c >&5
configure:7988: $? = 0
configure:7988: result: yes
configure:7988: checking for inttypes.h
configure:7988: gcc -std=gnu99 -c -g -O2  conftest.c >&5
configure:7988: $? = 0
configure:7988: result: yes
configure:7988: checking for stdint.h
configure:7988: gcc -std=gnu99 -c -g -O2  conftest.c >&5
configure:7988: $? = 0
configure:7988: result: yes
configure:7988: checking for unistd.h
configure:7988: gcc -std=gnu99 -c -g -O2  conftest.c >&5
configure:7988: $? = 0
configure:7988: result: yes
configure:8002: checking for dlfcn.h
configure:8002: gcc -std=gnu99 -c -g -O2  conftest.c >&5
configure:8002: $? = 0
configure:8002: result: yes
configure:8208: checking for objdir
configure:8223: result: .libs
configure:8494: checking if gcc -std=gnu99 supports -fno-rtti -fno-exceptions
configure:8512: gcc -std=gnu99 -c -g -O2  -fno-rtti -fno-exceptions conftest.c >&5
cc1: warning: command line option '-fno-rtti' is valid for C++/ObjC++ but not for C [enabled by default]
configure:8516: $? = 0
configure:8529: result: no
configure:8856: checking for gcc -std=gnu99 option to produce PIC
configure:8863: result: -fPIC -DPIC
configure:8871: checking if gcc -std=gnu99 PIC flag -fPIC -DPIC works
configure:8889: gcc -std=gnu99 -c -g -O2  -fPIC -DPIC -DPIC conftest.c >&5
configure:8893: $? = 0
configure:8906: result: yes
configure:8935: checking if gcc -std=gnu99 static flag -static works
configure:8963: result: yes
configure:8978: checking if gcc -std=gnu99 supports -c -o file.o
configure:8999: gcc -std=gnu99 -c -g -O2  -o out/conftest2.o conftest.c >&5
configure:9003: $? = 0
configure:9025: result: yes
configure:9033: checking if gcc -std=gnu99 supports -c -o file.o
configure:9080: result: yes
configure:9113: checking whether the gcc -std=gnu99 linker (/usr/bin/ld -m elf_x86_64) supports shared libraries
configure:10270: result: yes
configure:10307: checking whether -lc should be explicitly linked in
configure:10315: gcc -std=gnu99 -c -g -O2  conftest.c >&5
configure:10318: $? = 0
configure:10333: gcc -std=gnu99 -shared  -fPIC -DPIC conftest.o  -v -Wl,-soname -Wl,conftest -o conftest 2\>\&1 \| /bin/grep  -lc  \>/dev/null 2\>\&1
configure:10336: $? = 0
configure:10350: result: no
configure:10510: checking dynamic linker characteristics
configure:11010: gcc -std=gnu99 -o conftest -g -O2   -Wl,-rpath -Wl,/foo conftest.c -lanl -lrt  >&5
configure:11010: $? = 0
configure:11244: result: GNU/Linux ld.so
configure:11351: checking how to hardcode library paths into programs
configure:11376: result: immediate
configure:11916: checking whether stripping libraries is possible
configure:11921: result: yes
configure:11956: checking if libtool supports shared libraries
configure:11958: result: yes
configure:11961: checking whether to build shared libraries
configure:11982: result: yes
configure:11985: checking whether to build static libraries
configure:11989: result: yes
configure:12180: checking that generated files are newer than configure
configure:12186: result: done
configure:12209: creating ./config.status

## ---------------------- ##
## Running config.status. ##
## ---------------------- ##

This file was extended by libmill config.status 1.1-8-ge3d8bbb, which was
generated by GNU Autoconf 2.69.  Invocation command line was

  CONFIG_FILES    = 
  CONFIG_HEADERS  = 
  CONFIG_LINKS    = 
  CONFIG_COMMANDS = 
  $ ./config.status 

on 1bed67c229f5

config.status:1009: creating Makefile
config.status:1009: creating libmill.pc
config.status:1181: executing depfiles commands
config.status:1181: executing libtool commands

## ---------------- ##
## Cache variables. ##
## ---------------- ##

ac_cv_build=x86_64-unknown-linux-gnu
ac_cv_c_compiler_gnu=yes
ac_cv_env_CC_set=
ac_cv_env_CC_value=
ac_cv_env_CFLAGS_set=
ac_cv_env_CFLAGS_value=
ac_cv_env_CPPFLAGS_set=
ac_cv_env_CPPFLAGS_value=
ac_cv_env_CPP_set=
ac_cv_env_CPP_value=
ac_cv_env_LDFLAGS_set=
ac_cv_env_LDFLAGS_value=
ac_cv_env_LIBS_set=
ac_cv_env_LIBS_value=
ac_cv_env_build_alias_set=
ac_cv_env_build_alias_value=
ac_cv_env_host_alias_set=
ac_cv_env_host_alias_value=
ac_cv_env_target_alias_set=
ac_cv_env_target_alias_value=
ac_cv_func_clock_gettime=yes
ac_cv_func_getaddrinfo_a=yes
ac_cv_func_mprotect=yes
ac_cv_func_posix_memalign=yes
ac_cv_header_dlfcn_h=yes
ac_cv_header_inttypes_h=yes
ac_cv_header_memory_h=yes
ac_cv_header_stdc=yes
ac_cv_header_stdint_h=yes
ac_cv_header_stdlib_h=yes
ac_cv_header_string_h=yes
ac_cv_header_strings_h=yes
ac_cv_header_sys_stat_h=yes
ac_cv_header_sys_types_h=yes
ac_cv_header_unistd_h=yes
ac_cv_host=x86_64-unknown-linux-gnu
ac_cv_lib_anl_getaddrinfo_a=yes
ac_cv_lib_rt_clock_gettime=yes
ac_cv_lib_socket_socket=no
ac_cv_objext=o
ac_cv_path_EGREP='/bin/grep -E'
ac_cv_path_FGREP='/bin/grep -F'
ac_cv_path_GREP=/bin/grep
ac_cv_path_SED=/bin/sed
ac_cv_path_install='/usr/bin/install -c'
ac_cv_path_mkdir=/bin/mkdir
ac_cv_prog_AWK=mawk
ac_cv_prog_CPP='gcc -std=gnu99 -E'
ac_cv_prog_ac_ct_AR=ar
ac_cv_prog_ac_ct_CC=gcc
ac_cv_prog_ac_ct_MANIFEST_TOOL=mt
ac_cv_prog_ac_ct_OBJDUMP=objdump
ac_cv_prog_ac_ct_RANLIB=ranlib
ac_cv_prog_ac_ct_STRIP=strip
ac_cv_prog_cc_c89=
ac_cv_prog_cc_c99=-std=gnu99
ac_cv_prog_cc_g=yes
ac_cv_prog_make_make_set=yes
am_cv_CC_dependencies_compiler_type=gcc3
am_cv_make_support_nested_variables=yes
am_cv_prog_cc_c_o=yes
am_cv_prog_tar_ustar=gnutar
lt_cv_ar_at_file=@
lt_cv_archive_cmds_need_lc=no
lt_cv_deplibs_check_method=pass_all
lt_cv_file_magic_cmd='$MAGIC_CMD'
lt_cv_file_magic_test_file=
lt_cv_ld_reload_flag=-r
lt_cv_nm_interface='BSD nm'
lt_cv_objdir=.libs
lt_cv_path_LD=/usr/bin/ld
lt_cv_path_NM='/usr/bin/nm -B'
lt_cv_path_mainfest_tool=no
lt_cv_prog_compiler_c_o=yes
lt_cv_prog_compiler_pic='-fPIC -DPIC'
lt_cv_prog_compiler_pic_works=yes
lt_cv_prog_compiler_rtti_exceptions=no
lt_cv_prog_compiler_static_works=yes
lt_cv_prog_gnu_ld=yes
lt_cv_sharedlib_from_linklib_cmd='printf %s\n'
lt_cv_shlibpath_overrides_runpath=no
lt_cv_sys_global_symbol_pipe='sed -n -e '\''s/^.*[	 ]\([ABCDGIRSTW][ABCDGIRSTW]*\)[	 ][	 ]*\([_A-Za-z][_A-Za-z0-9]*\)$/\1 \2 \2/p'\'' | sed '\''/ __gnu_lto/d'\'''
lt_cv_sys_global_symbol_to_c_name_address='sed -n -e '\''s/^: \([^ ]*\)[ ]*$/  {\"\1\", (void *) 0},/p'\'' -e '\''s/^[ABCDGIRSTW]* \([^ ]*\) \([^ ]*\)$/  {"\2", (void *) \&\2},/p'\'''
lt_cv_sys_global_symbol_to_c_name_address_lib_prefix='sed -n -e '\''s/^: \([^ ]*\)[ ]*$/  {\"\1\", (void *) 0},/p'\'' -e '\''s/^[ABCDGIRSTW]* \([^ ]*\) \(lib[^ ]*\)$/  {"\2", (void *) \&\2},/p'\'' -e '\''s/^[ABCDGIRSTW]* \([^ ]*\) \([^ ]*\)$/  {"lib\2", (void *) \&\2},/p'\'''
lt_cv_sys_global_symbol_to_cdecl='sed -n -e '\''s/^T .* \(.*\)$/extern int \1();/p'\'' -e '\''s/^[ABCDGIRSTW]* .* \(.*\)$/extern char \1;/p'\'''
lt_cv_sys_max_cmd_len=1572864
lt_cv_to_host_file_cmd=func_convert_file_noop
lt_cv_to_tool_file_cmd=func_convert_file_noop

## ----------------- ##
## Output variables. ##
## ----------------- ##

ACLOCAL='${SHELL} /src/app/find-object/dependencies/libmill/missing aclocal-1.14'
AMDEPBACKSLASH='\'
AMDEP_FALSE='#'
AMDEP_TRUE=''
AMTAR='$${TAR-tar}'
AM_BACKSLASH='\'
AM_DEFAULT_V='$(AM_DEFAULT_VERBOSITY)'
AM_DEFAULT_VERBOSITY='0'
AM_V='$(V)'
AR='ar'
AUTOCONF='${SHELL} /src/app/find-object/dependencies/libmill/missing autoconf'
AUTOHEADER='${SHELL} /src/app/find-object/dependencies/libmill/missing autoheader'
AUTOMAKE='${SHELL} /src/app/find-object/dependencies/libmill/missing automake-1.14'
AWK='mawk'
CC='gcc -std=gnu99'
CCDEPMODE='depmode=gcc3'
CFLAGS='-g -O2'
CPP='gcc -std=gnu99 -E'
CPPFLAGS=''
CYGPATH_W='echo'
DEFS='-DPACKAGE_NAME=\"libmill\" -DPACKAGE_TARNAME=\"libmill\" -DPACKAGE_VERSION=\"1.1-8-ge3d8bbb\" -DPACKAGE_STRING=\"libmill\ 1.1-8-ge3d8bbb\" -DPACKAGE_BUGREPORT=\"libmill@freelists.org\" -DPACKAGE_URL=\"http://libmill.org/\" -DPACKAGE=\"libmill\" -DVERSION=\"1.1-8-ge3d8bbb\" -DHAVE_POSIX_MEMALIGN=1 -DHAVE_MPROTECT=1 -DHAVE_LIBRT=1 -DHAVE_CLOCK_GETTIME=1 -DHAVE_LIBANL=1 -DHAVE_GETADDRINFO_A=1 -DSTDC_HEADERS=1 -DHAVE_SYS_TYPES_H=1 -DHAVE_SYS_STAT_H=1 -DHAVE_STDLIB_H=1 -DHAVE_STRING_H=1 -DHAVE_MEMORY_H=1 -DHAVE_STRINGS_H=1 -DHAVE_INTTYPES_H=1 -DHAVE_STDINT_H=1 -DHAVE_UNISTD_H=1 -DHAVE_DLFCN_H=1 -DLT_OBJDIR=\".libs/\"'
DEPDIR='.deps'
DLLTOOL='false'
DSYMUTIL=''
DUMPBIN=''
ECHO_C=''
ECHO_N='-n'
ECHO_T=''
EGREP='/bin/grep -E'
EXEEXT=''
FGREP='/bin/grep -F'
GREP='/bin/grep'
INSTALL_DATA='${INSTALL} -m 644'
INSTALL_PROGRAM='${INSTALL}'
INSTALL_SCRIPT='${INSTALL}'
INSTALL_STRIP_PROGRAM='$(install_sh) -c -s'
LD='/usr/bin/ld -m elf_x86_64'
LDFLAGS=''
LIBOBJS=''
LIBS='-lanl -lrt '
LIBTOOL='$(SHELL) $(top_builddir)/libtool'
LIPO=''
LN_S='ln -s'
LTLIBOBJS=''
MAKEINFO='${SHELL} /src/app/find-object/dependencies/libmill/missing makeinfo'
MANIFEST_TOOL=':'
MILL_ABI_VERSION='11.0.1'
MILL_LIBTOOL_VERSION='11:0:1'
MILL_PACKAGE_VERSION='1.1-8-ge3d8bbb'
MKDIR_P='/bin/mkdir -p'
NM='/usr/bin/nm -B'
NMEDIT=''
OBJDUMP='objdump'
OBJEXT='o'
OTOOL64=''
OTOOL=''
PACKAGE='libmill'
PACKAGE_BUGREPORT='libmill@freelists.org'
PACKAGE_NAME='libmill'
PACKAGE_STRING='libmill 1.1-8-ge3d8bbb'
PACKAGE_TARNAME='libmill'
PACKAGE_URL='http://libmill.org/'
PACKAGE_VERSION='1.1-8-ge3d8bbb'
PATH_SEPARATOR=':'
RANLIB='ranlib'
SED='/bin/sed'
SET_MAKE=''
SHELL='/bin/bash'
STRIP='strip'
VERSION='1.1-8-ge3d8bbb'
ac_ct_AR='ar'
ac_ct_CC='gcc'
ac_ct_DUMPBIN=''
am__EXEEXT_FALSE=''
am__EXEEXT_TRUE='#'
am__fastdepCC_FALSE='#'
am__fastdepCC_TRUE=''
am__include='include'
am__isrc=''
am__leading_dot='.'
am__nodep='_no'
am__quote=''
am__tar='tar --format=ustar -chf - "$$tardir"'
am__untar='tar -xf -'
bindir='${exec_prefix}/bin'
build='x86_64-unknown-linux-gnu'
build_alias=''
build_cpu='x86_64'
build_os='linux-gnu'
build_vendor='unknown'
datadir='${datarootdir}'
datarootdir='${prefix}/share'
docdir='${datarootdir}/doc/${PACKAGE_TARNAME}'
dvidir='${docdir}'
exec_prefix='${prefix}'
host='x86_64-unknown-linux-gnu'
host_alias=''
host_cpu='x86_64'
host_os='linux-gnu'
host_vendor='unknown'
htmldir='${docdir}'
includedir='${prefix}/include'
infodir='${datarootdir}/info'
install_sh='${SHELL} /src/app/find-object/dependencies/libmill/install-sh'
libdir='${exec_prefix}/lib'
libexecdir='${exec_prefix}/libexec'
localedir='${datarootdir}/locale'
localstatedir='${prefix}/var'
mandir='${datarootdir}/man'
mkdir_p='$(MKDIR_P)'
oldincludedir='/usr/include'
pdfdir='${docdir}'
prefix='/usr/local'
program_transform_name='s,x,x,'
psdir='${docdir}'
sbindir='${exec_prefix}/sbin'
sharedstatedir='${prefix}/com'
sysconfdir='${prefix}/etc'
target_alias=''

## ----------- ##
## confdefs.h. ##
## ----------- ##

/* confdefs.h */
#define PACKAGE_NAME "libmill"
#define PACKAGE_TARNAME "libmill"
#define PACKAGE_VERSION "1.1-8-ge3d8bbb"
#define PACKAGE_STRING "libmill 1.1-8-ge3d8bbb"
#define PACKAGE_BUGREPORT "libmill@freelists.org"
#define PACKAGE_URL "http://libmill.org/"
#define PACKAGE "libmill"
#define VERSION "1.1-8-ge3d8bbb"
#define HAVE_POSIX_MEMALIGN 1
#define HAVE_MPROTECT 1
#define HAVE_LIBRT 1
#define HAVE_CLOCK_GETTIME 1
#define HAVE_LIBANL 1
#define HAVE_GETADDRINFO_A 1
#define STDC_HEADERS 1
#define HAVE_SYS_TYPES_H 1
#define HAVE_SYS_STAT_H 1
#define HAVE_STDLIB_H 1
#define HAVE_STRING_H 1
#define HAVE_MEMORY_H 1
#define HAVE_STRINGS_H 1
#define HAVE_INTTYPES_H 1
#define HAVE_STDINT_H 1
#define HAVE_UNISTD_H 1
#define HAVE_DLFCN_H 1
#define LT_OBJDIR ".libs/"

configure: exit 0
