Determining if the Q_WS_WIN exist failed with the following output:
Change Dir: /src/app/kubeDimension/build/CMakeFiles/CMakeTmp

Run Build Command:"/usr/bin/make" "cmTC_cf682/fast"
/usr/bin/make -f CMakeFiles/cmTC_cf682.dir/build.make CMakeFiles/cmTC_cf682.dir/build
make[1]: Entering directory `/src/app/kubeDimension/build/CMakeFiles/CMakeTmp'
Building CXX object CMakeFiles/cmTC_cf682.dir/CheckSymbolExists.cxx.o
/usr/bin/c++    -I/usr/include/qt4  -std=c++11 -std=c++1y -Wreorder    -o CMakeFiles/cmTC_cf682.dir/CheckSymbolExists.cxx.o -c /src/app/kubeDimension/build/CMakeFiles/CMakeTmp/CheckSymbolExists.cxx
/src/app/kubeDimension/build/CMakeFiles/CMakeTmp/CheckSymbolExists.cxx: In function 'int main(int, char**)':
/src/app/kubeDimension/build/CMakeFiles/CMakeTmp/CheckSymbolExists.cxx:8:19: error: 'Q_WS_WIN' was not declared in this scope
   return ((int*)(&Q_WS_WIN))[argc];
                   ^
make[1]: *** [CMakeFiles/cmTC_cf682.dir/CheckSymbolExists.cxx.o] Error 1
make[1]: Leaving directory `/src/app/kubeDimension/build/CMakeFiles/CMakeTmp'
make: *** [cmTC_cf682/fast] Error 2

File /src/app/kubeDimension/build/CMakeFiles/CMakeTmp/CheckSymbolExists.cxx:
/* */
#include <QtCore/qglobal.h>

int main(int argc, char** argv)
{
  (void)argv;
#ifndef Q_WS_WIN
  return ((int*)(&Q_WS_WIN))[argc];
#else
  (void)argc;
  return 0;
#endif
}

Determining if the Q_WS_QWS exist failed with the following output:
Change Dir: /src/app/kubeDimension/build/CMakeFiles/CMakeTmp

Run Build Command:"/usr/bin/make" "cmTC_4c23d/fast"
/usr/bin/make -f CMakeFiles/cmTC_4c23d.dir/build.make CMakeFiles/cmTC_4c23d.dir/build
make[1]: Entering directory `/src/app/kubeDimension/build/CMakeFiles/CMakeTmp'
Building CXX object CMakeFiles/cmTC_4c23d.dir/CheckSymbolExists.cxx.o
/usr/bin/c++    -I/usr/include/qt4  -std=c++11 -std=c++1y -Wreorder    -o CMakeFiles/cmTC_4c23d.dir/CheckSymbolExists.cxx.o -c /src/app/kubeDimension/build/CMakeFiles/CMakeTmp/CheckSymbolExists.cxx
/src/app/kubeDimension/build/CMakeFiles/CMakeTmp/CheckSymbolExists.cxx: In function 'int main(int, char**)':
/src/app/kubeDimension/build/CMakeFiles/CMakeTmp/CheckSymbolExists.cxx:8:19: error: 'Q_WS_QWS' was not declared in this scope
   return ((int*)(&Q_WS_QWS))[argc];
                   ^
make[1]: Leaving directory `/src/app/kubeDimension/build/CMakeFiles/CMakeTmp'
make[1]: *** [CMakeFiles/cmTC_4c23d.dir/CheckSymbolExists.cxx.o] Error 1
make: *** [cmTC_4c23d/fast] Error 2

File /src/app/kubeDimension/build/CMakeFiles/CMakeTmp/CheckSymbolExists.cxx:
/* */
#include <QtCore/qglobal.h>

int main(int argc, char** argv)
{
  (void)argv;
#ifndef Q_WS_QWS
  return ((int*)(&Q_WS_QWS))[argc];
#else
  (void)argc;
  return 0;
#endif
}

Determining if the Q_WS_MAC exist failed with the following output:
Change Dir: /src/app/kubeDimension/build/CMakeFiles/CMakeTmp

Run Build Command:"/usr/bin/make" "cmTC_7f254/fast"
/usr/bin/make -f CMakeFiles/cmTC_7f254.dir/build.make CMakeFiles/cmTC_7f254.dir/build
make[1]: Entering directory `/src/app/kubeDimension/build/CMakeFiles/CMakeTmp'
Building CXX object CMakeFiles/cmTC_7f254.dir/CheckSymbolExists.cxx.o
/usr/bin/c++    -I/usr/include/qt4  -std=c++11 -std=c++1y -Wreorder    -o CMakeFiles/cmTC_7f254.dir/CheckSymbolExists.cxx.o -c /src/app/kubeDimension/build/CMakeFiles/CMakeTmp/CheckSymbolExists.cxx
/src/app/kubeDimension/build/CMakeFiles/CMakeTmp/CheckSymbolExists.cxx: In function 'int main(int, char**)':
/src/app/kubeDimension/build/CMakeFiles/CMakeTmp/CheckSymbolExists.cxx:8:19: error: 'Q_WS_MAC' was not declared in this scope
   return ((int*)(&Q_WS_MAC))[argc];
                   ^
make[1]: *** [CMakeFiles/cmTC_7f254.dir/CheckSymbolExists.cxx.o] Error 1
make[1]: Leaving directory `/src/app/kubeDimension/build/CMakeFiles/CMakeTmp'
make: *** [cmTC_7f254/fast] Error 2

File /src/app/kubeDimension/build/CMakeFiles/CMakeTmp/CheckSymbolExists.cxx:
/* */
#include <QtCore/qglobal.h>

int main(int argc, char** argv)
{
  (void)argv;
#ifndef Q_WS_MAC
  return ((int*)(&Q_WS_MAC))[argc];
#else
  (void)argc;
  return 0;
#endif
}

