Performing C++ SOURCE FILE Test CPPDB_HAVE_GCC_BITS_EXCHANGE_AND_ADD failed with the following output:
Change Dir: /src/app/find-object/dependencies/primarysources/cppdb/build/CMakeFiles/CMakeTmp

Run Build Command:"/usr/bin/make" "cmTC_2a7b8/fast"
/usr/bin/make -f CMakeFiles/cmTC_2a7b8.dir/build.make CMakeFiles/cmTC_2a7b8.dir/build
make[1]: Entering directory `/src/app/find-object/dependencies/primarysources/cppdb/build/CMakeFiles/CMakeTmp'
Building CXX object CMakeFiles/cmTC_2a7b8.dir/src.cxx.o
/usr/bin/c++     -Wall -Wextra -DCPPDB_HAVE_GCC_BITS_EXCHANGE_AND_ADD   -o CMakeFiles/cmTC_2a7b8.dir/src.cxx.o -c /src/app/find-object/dependencies/primarysources/cppdb/build/CMakeFiles/CMakeTmp/src.cxx
/src/app/find-object/dependencies/primarysources/cppdb/build/CMakeFiles/CMakeTmp/src.cxx:1:29: fatal error: bits/atomicity.h: No such file or directory
 #include <bits/atomicity.h> 
                             ^
compilation terminated.
make[1]: Leaving directory `/src/app/find-object/dependencies/primarysources/cppdb/build/CMakeFiles/CMakeTmp'
make[1]: *** [CMakeFiles/cmTC_2a7b8.dir/src.cxx.o] Error 1
make: *** [cmTC_2a7b8/fast] Error 2

Source file was:
#include <bits/atomicity.h> 
	using __gnu_cxx::__exchange_and_add;
	int main(){ volatile int x=0; return __exchange_and_add(&x,1);}
Performing C++ SOURCE FILE Test CPPDB_HAVE_FREEBSD_ATOMIC failed with the following output:
Change Dir: /src/app/find-object/dependencies/primarysources/cppdb/build/CMakeFiles/CMakeTmp

Run Build Command:"/usr/bin/make" "cmTC_3e4ab/fast"
/usr/bin/make -f CMakeFiles/cmTC_3e4ab.dir/build.make CMakeFiles/cmTC_3e4ab.dir/build
make[1]: Entering directory `/src/app/find-object/dependencies/primarysources/cppdb/build/CMakeFiles/CMakeTmp'
Building CXX object CMakeFiles/cmTC_3e4ab.dir/src.cxx.o
/usr/bin/c++     -Wall -Wextra -DCPPDB_HAVE_FREEBSD_ATOMIC   -o CMakeFiles/cmTC_3e4ab.dir/src.cxx.o -c /src/app/find-object/dependencies/primarysources/cppdb/build/CMakeFiles/CMakeTmp/src.cxx
/src/app/find-object/dependencies/primarysources/cppdb/build/CMakeFiles/CMakeTmp/src.cxx:2:29: fatal error: machine/atomic.h: No such file or directory
  #include <machine/atomic.h>
                             ^
compilation terminated.
make[1]: Leaving directory `/src/app/find-object/dependencies/primarysources/cppdb/build/CMakeFiles/CMakeTmp'
make[1]: *** [CMakeFiles/cmTC_3e4ab.dir/src.cxx.o] Error 1
make: *** [cmTC_3e4ab/fast] Error 2

Source file was:
#include <sys/types.h>
	#include <machine/atomic.h>
	int main() { volatile unsigned v=0; return atomic_cmpset_int(&v,1,0); }
Performing C++ SOURCE FILE Test CPPDB_HAVE_SOLARIS_ATOMIC failed with the following output:
Change Dir: /src/app/find-object/dependencies/primarysources/cppdb/build/CMakeFiles/CMakeTmp

Run Build Command:"/usr/bin/make" "cmTC_01197/fast"
/usr/bin/make -f CMakeFiles/cmTC_01197.dir/build.make CMakeFiles/cmTC_01197.dir/build
make[1]: Entering directory `/src/app/find-object/dependencies/primarysources/cppdb/build/CMakeFiles/CMakeTmp'
Building CXX object CMakeFiles/cmTC_01197.dir/src.cxx.o
/usr/bin/c++     -Wall -Wextra -DCPPDB_HAVE_SOLARIS_ATOMIC   -o CMakeFiles/cmTC_01197.dir/src.cxx.o -c /src/app/find-object/dependencies/primarysources/cppdb/build/CMakeFiles/CMakeTmp/src.cxx
/src/app/find-object/dependencies/primarysources/cppdb/build/CMakeFiles/CMakeTmp/src.cxx:1:20: fatal error: atomic.h: No such file or directory
 #include <atomic.h>
                    ^
compilation terminated.
make[1]: Leaving directory `/src/app/find-object/dependencies/primarysources/cppdb/build/CMakeFiles/CMakeTmp'
make[1]: *** [CMakeFiles/cmTC_01197.dir/src.cxx.o] Error 1
make: *** [cmTC_01197/fast] Error 2

Source file was:
#include <atomic.h>
	int main() { volatile unsigned v=0; return atomic_add_int_nv(&v,1); }
Performing C++ SOURCE FILE Test CPPDB_HAVE_MAC_OS_X_ATOMIC failed with the following output:
Change Dir: /src/app/find-object/dependencies/primarysources/cppdb/build/CMakeFiles/CMakeTmp

Run Build Command:"/usr/bin/make" "cmTC_fbcf4/fast"
/usr/bin/make -f CMakeFiles/cmTC_fbcf4.dir/build.make CMakeFiles/cmTC_fbcf4.dir/build
make[1]: Entering directory `/src/app/find-object/dependencies/primarysources/cppdb/build/CMakeFiles/CMakeTmp'
Building CXX object CMakeFiles/cmTC_fbcf4.dir/src.cxx.o
/usr/bin/c++     -Wall -Wextra -DCPPDB_HAVE_MAC_OS_X_ATOMIC   -o CMakeFiles/cmTC_fbcf4.dir/src.cxx.o -c /src/app/find-object/dependencies/primarysources/cppdb/build/CMakeFiles/CMakeTmp/src.cxx
/src/app/find-object/dependencies/primarysources/cppdb/build/CMakeFiles/CMakeTmp/src.cxx:1:30: fatal error: libkern/OSAtomic.h: No such file or directory
 #include <libkern/OSAtomic.h>
                              ^
compilation terminated.
make[1]: Leaving directory `/src/app/find-object/dependencies/primarysources/cppdb/build/CMakeFiles/CMakeTmp'
make[1]: *** [CMakeFiles/cmTC_fbcf4.dir/src.cxx.o] Error 1
make: *** [cmTC_fbcf4/fast] Error 2

Source file was:
#include <libkern/OSAtomic.h>
	int main() { volatile int v=0; return OSAtomicAdd32(1,&v); }
