Configuring vector-0.11.0.0...
Building vector-0.11.0.0...
Preprocessing library vector-0.11.0.0...
[ 1 of 21] Compiling Data.Vector.Storable.Internal ( Data/Vector/Storable/Internal.hs, dist/dist-sandbox-1324612c/build/Data/Vector/Storable/Internal.o )
[ 2 of 21] Compiling Data.Vector.Generic.Mutable.Base ( Data/Vector/Generic/Mutable/Base.hs, dist/dist-sandbox-1324612c/build/Data/Vector/Generic/Mutable/Base.o )
[ 3 of 21] Compiling Data.Vector.Generic.Base ( Data/Vector/Generic/Base.hs, dist/dist-sandbox-1324612c/build/Data/Vector/Generic/Base.o )
[ 4 of 21] Compiling Data.Vector.Fusion.Util ( Data/Vector/Fusion/Util.hs, dist/dist-sandbox-1324612c/build/Data/Vector/Fusion/Util.o )
[ 5 of 21] Compiling Data.Vector.Fusion.Bundle.Size ( Data/Vector/Fusion/Bundle/Size.hs, dist/dist-sandbox-1324612c/build/Data/Vector/Fusion/Bundle/Size.o )
[ 6 of 21] Compiling Data.Vector.Internal.Check ( Data/Vector/Internal/Check.hs, dist/dist-sandbox-1324612c/build/Data/Vector/Internal/Check.o )
[ 7 of 21] Compiling Data.Vector.Fusion.Stream.Monadic ( Data/Vector/Fusion/Stream/Monadic.hs, dist/dist-sandbox-1324612c/build/Data/Vector/Fusion/Stream/Monadic.o )
Loading package ghc-prim ... linking ... done.
Loading package integer-gmp ... linking ... done.
Loading package base ... linking ... done.
Loading package transformers-0.4.3.0 ... linking ... done.
Loading package primitive-0.6.1.0 ... linking ... done.
Loading package array-0.4.0.1 ... linking ... done.
Loading package deepseq-1.3.0.1 ... linking ... done.
[ 8 of 21] Compiling Data.Vector.Fusion.Bundle.Monadic ( Data/Vector/Fusion/Bundle/Monadic.hs, dist/dist-sandbox-1324612c/build/Data/Vector/Fusion/Bundle/Monadic.o )
[ 9 of 21] Compiling Data.Vector.Fusion.Bundle ( Data/Vector/Fusion/Bundle.hs, dist/dist-sandbox-1324612c/build/Data/Vector/Fusion/Bundle.o )
[10 of 21] Compiling Data.Vector.Generic.Mutable ( Data/Vector/Generic/Mutable.hs, dist/dist-sandbox-1324612c/build/Data/Vector/Generic/Mutable.o )
[11 of 21] Compiling Data.Vector.Generic.New ( Data/Vector/Generic/New.hs, dist/dist-sandbox-1324612c/build/Data/Vector/Generic/New.o )
[12 of 21] Compiling Data.Vector.Generic ( Data/Vector/Generic.hs, dist/dist-sandbox-1324612c/build/Data/Vector/Generic.o )
[13 of 21] Compiling Data.Vector.Primitive.Mutable ( Data/Vector/Primitive/Mutable.hs, dist/dist-sandbox-1324612c/build/Data/Vector/Primitive/Mutable.o )
[14 of 21] Compiling Data.Vector.Primitive ( Data/Vector/Primitive.hs, dist/dist-sandbox-1324612c/build/Data/Vector/Primitive.o )
[15 of 21] Compiling Data.Vector.Storable.Mutable ( Data/Vector/Storable/Mutable.hs, dist/dist-sandbox-1324612c/build/Data/Vector/Storable/Mutable.o )
[16 of 21] Compiling Data.Vector.Storable ( Data/Vector/Storable.hs, dist/dist-sandbox-1324612c/build/Data/Vector/Storable.o )
[17 of 21] Compiling Data.Vector.Unboxed.Base ( Data/Vector/Unboxed/Base.hs, dist/dist-sandbox-1324612c/build/Data/Vector/Unboxed/Base.o )

Data/Vector/Unboxed/Base.hs:76:1: Warning:
    Top-level binding with no type signature:
      vectorTyCon :: String -> String -> Data.Typeable.Internal.TyCon
[18 of 21] Compiling Data.Vector.Unboxed ( Data/Vector/Unboxed.hs, dist/dist-sandbox-1324612c/build/Data/Vector/Unboxed.o )
[19 of 21] Compiling Data.Vector.Unboxed.Mutable ( Data/Vector/Unboxed/Mutable.hs, dist/dist-sandbox-1324612c/build/Data/Vector/Unboxed/Mutable.o )
[20 of 21] Compiling Data.Vector.Mutable ( Data/Vector/Mutable.hs, dist/dist-sandbox-1324612c/build/Data/Vector/Mutable.o )
[21 of 21] Compiling Data.Vector      ( Data/Vector.hs, dist/dist-sandbox-1324612c/build/Data/Vector.o )
In-place registering vector-0.11.0.0...
Creating package registration file: /tmp/pkgConf-vector-0.11.01026.0
Installing library in
/src/app/find-object/dependencies/bond/compiler/.cabal-sandbox/lib/x86_64-linux-ghc-7.6.3/vector-0.11.0.0
Registering vector-0.11.0.0...
