The system is: Linux - 4.2.2-coreos - x86_64
Compiling the C compiler identification source file "CMakeCCompilerId.c" succeeded.
Compiler: /usr/bin/cc 
Build flags: 
Id flags: 

The output was:
0


Compilation of the C compiler identification source "CMakeCCompilerId.c" produced "a.out"

The C compiler identification is GNU, found in "/src/app/find-object/dependencies/primarysources/cppcms/build/CMakeFiles/3.4.0/CompilerIdC/a.out"

Compiling the CXX compiler identification source file "CMakeCXXCompilerId.cpp" succeeded.
Compiler: /usr/bin/c++ 
Build flags: 
Id flags: 

The output was:
0


Compilation of the CXX compiler identification source "CMakeCXXCompilerId.cpp" produced "a.out"

The CXX compiler identification is GNU, found in "/src/app/find-object/dependencies/primarysources/cppcms/build/CMakeFiles/3.4.0/CompilerIdCXX/a.out"

Determining if the C compiler works passed with the following output:
Change Dir: /src/app/find-object/dependencies/primarysources/cppcms/build/CMakeFiles/CMakeTmp

Run Build Command:"/usr/bin/make" "cmTC_2dc46/fast"
/usr/bin/make -f CMakeFiles/cmTC_2dc46.dir/build.make CMakeFiles/cmTC_2dc46.dir/build
make[1]: Entering directory `/src/app/find-object/dependencies/primarysources/cppcms/build/CMakeFiles/CMakeTmp'
Building C object CMakeFiles/cmTC_2dc46.dir/testCCompiler.c.o
/usr/bin/cc     -o CMakeFiles/cmTC_2dc46.dir/testCCompiler.c.o   -c /src/app/find-object/dependencies/primarysources/cppcms/build/CMakeFiles/CMakeTmp/testCCompiler.c
Linking C executable cmTC_2dc46
/usr/bin/cmake -E cmake_link_script CMakeFiles/cmTC_2dc46.dir/link.txt --verbose=1
/usr/bin/cc       CMakeFiles/cmTC_2dc46.dir/testCCompiler.c.o  -o cmTC_2dc46 -rdynamic 
make[1]: Leaving directory `/src/app/find-object/dependencies/primarysources/cppcms/build/CMakeFiles/CMakeTmp'


Detecting C compiler ABI info compiled with the following output:
Change Dir: /src/app/find-object/dependencies/primarysources/cppcms/build/CMakeFiles/CMakeTmp

Run Build Command:"/usr/bin/make" "cmTC_da284/fast"
/usr/bin/make -f CMakeFiles/cmTC_da284.dir/build.make CMakeFiles/cmTC_da284.dir/build
make[1]: Entering directory `/src/app/find-object/dependencies/primarysources/cppcms/build/CMakeFiles/CMakeTmp'
Building C object CMakeFiles/cmTC_da284.dir/CMakeCCompilerABI.c.o
/usr/bin/cc     -o CMakeFiles/cmTC_da284.dir/CMakeCCompilerABI.c.o   -c /usr/share/cmake-3.4/Modules/CMakeCCompilerABI.c
Linking C executable cmTC_da284
/usr/bin/cmake -E cmake_link_script CMakeFiles/cmTC_da284.dir/link.txt --verbose=1
/usr/bin/cc      -v CMakeFiles/cmTC_da284.dir/CMakeCCompilerABI.c.o  -o cmTC_da284 -rdynamic  
Using built-in specs.
COLLECT_GCC=/usr/bin/cc
COLLECT_LTO_WRAPPER=/usr/lib/gcc/x86_64-linux-gnu/4.8/lto-wrapper
Target: x86_64-linux-gnu
Configured with: ../src/configure -v --with-pkgversion='Ubuntu 4.8.4-2ubuntu1~14.04' --with-bugurl=file:///usr/share/doc/gcc-4.8/README.Bugs --enable-languages=c,c++,java,go,d,fortran,objc,obj-c++ --prefix=/usr --program-suffix=-4.8 --enable-shared --enable-linker-build-id --libexecdir=/usr/lib --without-included-gettext --enable-threads=posix --with-gxx-include-dir=/usr/include/c++/4.8 --libdir=/usr/lib --enable-nls --with-sysroot=/ --enable-clocale=gnu --enable-libstdcxx-debug --enable-libstdcxx-time=yes --enable-gnu-unique-object --disable-libmudflap --enable-plugin --with-system-zlib --disable-browser-plugin --enable-java-awt=gtk --enable-gtk-cairo --with-java-home=/usr/lib/jvm/java-1.5.0-gcj-4.8-amd64/jre --enable-java-home --with-jvm-root-dir=/usr/lib/jvm/java-1.5.0-gcj-4.8-amd64 --with-jvm-jar-dir=/usr/lib/jvm-exports/java-1.5.0-gcj-4.8-amd64 --with-arch-directory=amd64 --with-ecj-jar=/usr/share/java/eclipse-ecj.jar --enable-objc-gc --enable-multiarch --disable-werror --with-arch-32=i686 --with-abi=m64 --with-multilib-list=m32,m64,mx32 --with-tune=generic --enable-checking=release --build=x86_64-linux-gnu --host=x86_64-linux-gnu --target=x86_64-linux-gnu
Thread model: posix
gcc version 4.8.4 (Ubuntu 4.8.4-2ubuntu1~14.04) 
COMPILER_PATH=/usr/lib/gcc/x86_64-linux-gnu/4.8/:/usr/lib/gcc/x86_64-linux-gnu/4.8/:/usr/lib/gcc/x86_64-linux-gnu/:/usr/lib/gcc/x86_64-linux-gnu/4.8/:/usr/lib/gcc/x86_64-linux-gnu/
LIBRARY_PATH=/usr/lib/gcc/x86_64-linux-gnu/4.8/:/usr/lib/gcc/x86_64-linux-gnu/4.8/../../../x86_64-linux-gnu/:/usr/lib/gcc/x86_64-linux-gnu/4.8/../../../../lib/:/lib/x86_64-linux-gnu/:/lib/../lib/:/usr/lib/x86_64-linux-gnu/:/usr/lib/../lib/:/usr/lib/gcc/x86_64-linux-gnu/4.8/../../../:/lib/:/usr/lib/
COLLECT_GCC_OPTIONS='-v' '-o' 'cmTC_da284' '-rdynamic' '-mtune=generic' '-march=x86-64'
 /usr/lib/gcc/x86_64-linux-gnu/4.8/collect2 --sysroot=/ --build-id --eh-frame-hdr -m elf_x86_64 --hash-style=gnu --as-needed -export-dynamic -dynamic-linker /lib64/ld-linux-x86-64.so.2 -z relro -o cmTC_da284 /usr/lib/gcc/x86_64-linux-gnu/4.8/../../../x86_64-linux-gnu/crt1.o /usr/lib/gcc/x86_64-linux-gnu/4.8/../../../x86_64-linux-gnu/crti.o /usr/lib/gcc/x86_64-linux-gnu/4.8/crtbegin.o -L/usr/lib/gcc/x86_64-linux-gnu/4.8 -L/usr/lib/gcc/x86_64-linux-gnu/4.8/../../../x86_64-linux-gnu -L/usr/lib/gcc/x86_64-linux-gnu/4.8/../../../../lib -L/lib/x86_64-linux-gnu -L/lib/../lib -L/usr/lib/x86_64-linux-gnu -L/usr/lib/../lib -L/usr/lib/gcc/x86_64-linux-gnu/4.8/../../.. CMakeFiles/cmTC_da284.dir/CMakeCCompilerABI.c.o -lgcc --as-needed -lgcc_s --no-as-needed -lc -lgcc --as-needed -lgcc_s --no-as-needed /usr/lib/gcc/x86_64-linux-gnu/4.8/crtend.o /usr/lib/gcc/x86_64-linux-gnu/4.8/../../../x86_64-linux-gnu/crtn.o
make[1]: Leaving directory `/src/app/find-object/dependencies/primarysources/cppcms/build/CMakeFiles/CMakeTmp'


Parsed C implicit link information from above output:
  link line regex: [^( *|.*[/\])(ld|([^/\]+-)?ld|collect2)[^/\]*( |$)]
  ignore line: [Change Dir: /src/app/find-object/dependencies/primarysources/cppcms/build/CMakeFiles/CMakeTmp]
  ignore line: []
  ignore line: [Run Build Command:"/usr/bin/make" "cmTC_da284/fast"]
  ignore line: [/usr/bin/make -f CMakeFiles/cmTC_da284.dir/build.make CMakeFiles/cmTC_da284.dir/build]
  ignore line: [make[1]: Entering directory `/src/app/find-object/dependencies/primarysources/cppcms/build/CMakeFiles/CMakeTmp']
  ignore line: [Building C object CMakeFiles/cmTC_da284.dir/CMakeCCompilerABI.c.o]
  ignore line: [/usr/bin/cc     -o CMakeFiles/cmTC_da284.dir/CMakeCCompilerABI.c.o   -c /usr/share/cmake-3.4/Modules/CMakeCCompilerABI.c]
  ignore line: [Linking C executable cmTC_da284]
  ignore line: [/usr/bin/cmake -E cmake_link_script CMakeFiles/cmTC_da284.dir/link.txt --verbose=1]
  ignore line: [/usr/bin/cc      -v CMakeFiles/cmTC_da284.dir/CMakeCCompilerABI.c.o  -o cmTC_da284 -rdynamic  ]
  ignore line: [Using built-in specs.]
  ignore line: [COLLECT_GCC=/usr/bin/cc]
  ignore line: [COLLECT_LTO_WRAPPER=/usr/lib/gcc/x86_64-linux-gnu/4.8/lto-wrapper]
  ignore line: [Target: x86_64-linux-gnu]
  ignore line: [Configured with: ../src/configure -v --with-pkgversion='Ubuntu 4.8.4-2ubuntu1~14.04' --with-bugurl=file:///usr/share/doc/gcc-4.8/README.Bugs --enable-languages=c,c++,java,go,d,fortran,objc,obj-c++ --prefix=/usr --program-suffix=-4.8 --enable-shared --enable-linker-build-id --libexecdir=/usr/lib --without-included-gettext --enable-threads=posix --with-gxx-include-dir=/usr/include/c++/4.8 --libdir=/usr/lib --enable-nls --with-sysroot=/ --enable-clocale=gnu --enable-libstdcxx-debug --enable-libstdcxx-time=yes --enable-gnu-unique-object --disable-libmudflap --enable-plugin --with-system-zlib --disable-browser-plugin --enable-java-awt=gtk --enable-gtk-cairo --with-java-home=/usr/lib/jvm/java-1.5.0-gcj-4.8-amd64/jre --enable-java-home --with-jvm-root-dir=/usr/lib/jvm/java-1.5.0-gcj-4.8-amd64 --with-jvm-jar-dir=/usr/lib/jvm-exports/java-1.5.0-gcj-4.8-amd64 --with-arch-directory=amd64 --with-ecj-jar=/usr/share/java/eclipse-ecj.jar --enable-objc-gc --enable-multiarch --disable-werror --with-arch-32=i686 --with-abi=m64 --with-multilib-list=m32,m64,mx32 --with-tune=generic --enable-checking=release --build=x86_64-linux-gnu --host=x86_64-linux-gnu --target=x86_64-linux-gnu]
  ignore line: [Thread model: posix]
  ignore line: [gcc version 4.8.4 (Ubuntu 4.8.4-2ubuntu1~14.04) ]
  ignore line: [COMPILER_PATH=/usr/lib/gcc/x86_64-linux-gnu/4.8/:/usr/lib/gcc/x86_64-linux-gnu/4.8/:/usr/lib/gcc/x86_64-linux-gnu/:/usr/lib/gcc/x86_64-linux-gnu/4.8/:/usr/lib/gcc/x86_64-linux-gnu/]
  ignore line: [LIBRARY_PATH=/usr/lib/gcc/x86_64-linux-gnu/4.8/:/usr/lib/gcc/x86_64-linux-gnu/4.8/../../../x86_64-linux-gnu/:/usr/lib/gcc/x86_64-linux-gnu/4.8/../../../../lib/:/lib/x86_64-linux-gnu/:/lib/../lib/:/usr/lib/x86_64-linux-gnu/:/usr/lib/../lib/:/usr/lib/gcc/x86_64-linux-gnu/4.8/../../../:/lib/:/usr/lib/]
  ignore line: [COLLECT_GCC_OPTIONS='-v' '-o' 'cmTC_da284' '-rdynamic' '-mtune=generic' '-march=x86-64']
  link line: [ /usr/lib/gcc/x86_64-linux-gnu/4.8/collect2 --sysroot=/ --build-id --eh-frame-hdr -m elf_x86_64 --hash-style=gnu --as-needed -export-dynamic -dynamic-linker /lib64/ld-linux-x86-64.so.2 -z relro -o cmTC_da284 /usr/lib/gcc/x86_64-linux-gnu/4.8/../../../x86_64-linux-gnu/crt1.o /usr/lib/gcc/x86_64-linux-gnu/4.8/../../../x86_64-linux-gnu/crti.o /usr/lib/gcc/x86_64-linux-gnu/4.8/crtbegin.o -L/usr/lib/gcc/x86_64-linux-gnu/4.8 -L/usr/lib/gcc/x86_64-linux-gnu/4.8/../../../x86_64-linux-gnu -L/usr/lib/gcc/x86_64-linux-gnu/4.8/../../../../lib -L/lib/x86_64-linux-gnu -L/lib/../lib -L/usr/lib/x86_64-linux-gnu -L/usr/lib/../lib -L/usr/lib/gcc/x86_64-linux-gnu/4.8/../../.. CMakeFiles/cmTC_da284.dir/CMakeCCompilerABI.c.o -lgcc --as-needed -lgcc_s --no-as-needed -lc -lgcc --as-needed -lgcc_s --no-as-needed /usr/lib/gcc/x86_64-linux-gnu/4.8/crtend.o /usr/lib/gcc/x86_64-linux-gnu/4.8/../../../x86_64-linux-gnu/crtn.o]
    arg [/usr/lib/gcc/x86_64-linux-gnu/4.8/collect2] ==> ignore
    arg [--sysroot=/] ==> ignore
    arg [--build-id] ==> ignore
    arg [--eh-frame-hdr] ==> ignore
    arg [-m] ==> ignore
    arg [elf_x86_64] ==> ignore
    arg [--hash-style=gnu] ==> ignore
    arg [--as-needed] ==> ignore
    arg [-export-dynamic] ==> ignore
    arg [-dynamic-linker] ==> ignore
    arg [/lib64/ld-linux-x86-64.so.2] ==> ignore
    arg [-zrelro] ==> ignore
    arg [-o] ==> ignore
    arg [cmTC_da284] ==> ignore
    arg [/usr/lib/gcc/x86_64-linux-gnu/4.8/../../../x86_64-linux-gnu/crt1.o] ==> ignore
    arg [/usr/lib/gcc/x86_64-linux-gnu/4.8/../../../x86_64-linux-gnu/crti.o] ==> ignore
    arg [/usr/lib/gcc/x86_64-linux-gnu/4.8/crtbegin.o] ==> ignore
    arg [-L/usr/lib/gcc/x86_64-linux-gnu/4.8] ==> dir [/usr/lib/gcc/x86_64-linux-gnu/4.8]
    arg [-L/usr/lib/gcc/x86_64-linux-gnu/4.8/../../../x86_64-linux-gnu] ==> dir [/usr/lib/gcc/x86_64-linux-gnu/4.8/../../../x86_64-linux-gnu]
    arg [-L/usr/lib/gcc/x86_64-linux-gnu/4.8/../../../../lib] ==> dir [/usr/lib/gcc/x86_64-linux-gnu/4.8/../../../../lib]
    arg [-L/lib/x86_64-linux-gnu] ==> dir [/lib/x86_64-linux-gnu]
    arg [-L/lib/../lib] ==> dir [/lib/../lib]
    arg [-L/usr/lib/x86_64-linux-gnu] ==> dir [/usr/lib/x86_64-linux-gnu]
    arg [-L/usr/lib/../lib] ==> dir [/usr/lib/../lib]
    arg [-L/usr/lib/gcc/x86_64-linux-gnu/4.8/../../..] ==> dir [/usr/lib/gcc/x86_64-linux-gnu/4.8/../../..]
    arg [CMakeFiles/cmTC_da284.dir/CMakeCCompilerABI.c.o] ==> ignore
    arg [-lgcc] ==> lib [gcc]
    arg [--as-needed] ==> ignore
    arg [-lgcc_s] ==> lib [gcc_s]
    arg [--no-as-needed] ==> ignore
    arg [-lc] ==> lib [c]
    arg [-lgcc] ==> lib [gcc]
    arg [--as-needed] ==> ignore
    arg [-lgcc_s] ==> lib [gcc_s]
    arg [--no-as-needed] ==> ignore
    arg [/usr/lib/gcc/x86_64-linux-gnu/4.8/crtend.o] ==> ignore
    arg [/usr/lib/gcc/x86_64-linux-gnu/4.8/../../../x86_64-linux-gnu/crtn.o] ==> ignore
  remove lib [gcc]
  remove lib [gcc_s]
  remove lib [gcc]
  remove lib [gcc_s]
  collapse library dir [/usr/lib/gcc/x86_64-linux-gnu/4.8] ==> [/usr/lib/gcc/x86_64-linux-gnu/4.8]
  collapse library dir [/usr/lib/gcc/x86_64-linux-gnu/4.8/../../../x86_64-linux-gnu] ==> [/usr/lib/x86_64-linux-gnu]
  collapse library dir [/usr/lib/gcc/x86_64-linux-gnu/4.8/../../../../lib] ==> [/usr/lib]
  collapse library dir [/lib/x86_64-linux-gnu] ==> [/lib/x86_64-linux-gnu]
  collapse library dir [/lib/../lib] ==> [/lib]
  collapse library dir [/usr/lib/x86_64-linux-gnu] ==> [/usr/lib/x86_64-linux-gnu]
  collapse library dir [/usr/lib/../lib] ==> [/usr/lib]
  collapse library dir [/usr/lib/gcc/x86_64-linux-gnu/4.8/../../..] ==> [/usr/lib]
  implicit libs: [c]
  implicit dirs: [/usr/lib/gcc/x86_64-linux-gnu/4.8;/usr/lib/x86_64-linux-gnu;/usr/lib;/lib/x86_64-linux-gnu;/lib]
  implicit fwks: []




Detecting C [-std=c11] compiler features compiled with the following output:
Change Dir: /src/app/find-object/dependencies/primarysources/cppcms/build/CMakeFiles/CMakeTmp

Run Build Command:"/usr/bin/make" "cmTC_6c18b/fast"
/usr/bin/make -f CMakeFiles/cmTC_6c18b.dir/build.make CMakeFiles/cmTC_6c18b.dir/build
make[1]: Entering directory `/src/app/find-object/dependencies/primarysources/cppcms/build/CMakeFiles/CMakeTmp'
Building C object CMakeFiles/cmTC_6c18b.dir/feature_tests.c.o
/usr/bin/cc    -std=c11 -o CMakeFiles/cmTC_6c18b.dir/feature_tests.c.o   -c /src/app/find-object/dependencies/primarysources/cppcms/build/CMakeFiles/feature_tests.c
Linking C executable cmTC_6c18b
/usr/bin/cmake -E cmake_link_script CMakeFiles/cmTC_6c18b.dir/link.txt --verbose=1
/usr/bin/cc       CMakeFiles/cmTC_6c18b.dir/feature_tests.c.o  -o cmTC_6c18b -rdynamic 
make[1]: Leaving directory `/src/app/find-object/dependencies/primarysources/cppcms/build/CMakeFiles/CMakeTmp'


    Feature record: C_FEATURE:1c_function_prototypes
    Feature record: C_FEATURE:1c_restrict
    Feature record: C_FEATURE:1c_static_assert
    Feature record: C_FEATURE:1c_variadic_macros


Detecting C [-std=c99] compiler features compiled with the following output:
Change Dir: /src/app/find-object/dependencies/primarysources/cppcms/build/CMakeFiles/CMakeTmp

Run Build Command:"/usr/bin/make" "cmTC_6d352/fast"
/usr/bin/make -f CMakeFiles/cmTC_6d352.dir/build.make CMakeFiles/cmTC_6d352.dir/build
make[1]: Entering directory `/src/app/find-object/dependencies/primarysources/cppcms/build/CMakeFiles/CMakeTmp'
Building C object CMakeFiles/cmTC_6d352.dir/feature_tests.c.o
/usr/bin/cc    -std=c99 -o CMakeFiles/cmTC_6d352.dir/feature_tests.c.o   -c /src/app/find-object/dependencies/primarysources/cppcms/build/CMakeFiles/feature_tests.c
Linking C executable cmTC_6d352
/usr/bin/cmake -E cmake_link_script CMakeFiles/cmTC_6d352.dir/link.txt --verbose=1
/usr/bin/cc       CMakeFiles/cmTC_6d352.dir/feature_tests.c.o  -o cmTC_6d352 -rdynamic 
make[1]: Leaving directory `/src/app/find-object/dependencies/primarysources/cppcms/build/CMakeFiles/CMakeTmp'


    Feature record: C_FEATURE:1c_function_prototypes
    Feature record: C_FEATURE:1c_restrict
    Feature record: C_FEATURE:0c_static_assert
    Feature record: C_FEATURE:1c_variadic_macros


Detecting C [-std=c90] compiler features compiled with the following output:
Change Dir: /src/app/find-object/dependencies/primarysources/cppcms/build/CMakeFiles/CMakeTmp

Run Build Command:"/usr/bin/make" "cmTC_8ed06/fast"
/usr/bin/make -f CMakeFiles/cmTC_8ed06.dir/build.make CMakeFiles/cmTC_8ed06.dir/build
make[1]: Entering directory `/src/app/find-object/dependencies/primarysources/cppcms/build/CMakeFiles/CMakeTmp'
Building C object CMakeFiles/cmTC_8ed06.dir/feature_tests.c.o
/usr/bin/cc    -std=c90 -o CMakeFiles/cmTC_8ed06.dir/feature_tests.c.o   -c /src/app/find-object/dependencies/primarysources/cppcms/build/CMakeFiles/feature_tests.c
Linking C executable cmTC_8ed06
/usr/bin/cmake -E cmake_link_script CMakeFiles/cmTC_8ed06.dir/link.txt --verbose=1
/usr/bin/cc       CMakeFiles/cmTC_8ed06.dir/feature_tests.c.o  -o cmTC_8ed06 -rdynamic 
make[1]: Leaving directory `/src/app/find-object/dependencies/primarysources/cppcms/build/CMakeFiles/CMakeTmp'


    Feature record: C_FEATURE:1c_function_prototypes
    Feature record: C_FEATURE:0c_restrict
    Feature record: C_FEATURE:0c_static_assert
    Feature record: C_FEATURE:0c_variadic_macros
Determining if the CXX compiler works passed with the following output:
Change Dir: /src/app/find-object/dependencies/primarysources/cppcms/build/CMakeFiles/CMakeTmp

Run Build Command:"/usr/bin/make" "cmTC_954cc/fast"
/usr/bin/make -f CMakeFiles/cmTC_954cc.dir/build.make CMakeFiles/cmTC_954cc.dir/build
make[1]: Entering directory `/src/app/find-object/dependencies/primarysources/cppcms/build/CMakeFiles/CMakeTmp'
Building CXX object CMakeFiles/cmTC_954cc.dir/testCXXCompiler.cxx.o
/usr/bin/c++      -o CMakeFiles/cmTC_954cc.dir/testCXXCompiler.cxx.o -c /src/app/find-object/dependencies/primarysources/cppcms/build/CMakeFiles/CMakeTmp/testCXXCompiler.cxx
Linking CXX executable cmTC_954cc
/usr/bin/cmake -E cmake_link_script CMakeFiles/cmTC_954cc.dir/link.txt --verbose=1
/usr/bin/c++        CMakeFiles/cmTC_954cc.dir/testCXXCompiler.cxx.o  -o cmTC_954cc -rdynamic 
make[1]: Leaving directory `/src/app/find-object/dependencies/primarysources/cppcms/build/CMakeFiles/CMakeTmp'


Detecting CXX compiler ABI info compiled with the following output:
Change Dir: /src/app/find-object/dependencies/primarysources/cppcms/build/CMakeFiles/CMakeTmp

Run Build Command:"/usr/bin/make" "cmTC_a11e2/fast"
/usr/bin/make -f CMakeFiles/cmTC_a11e2.dir/build.make CMakeFiles/cmTC_a11e2.dir/build
make[1]: Entering directory `/src/app/find-object/dependencies/primarysources/cppcms/build/CMakeFiles/CMakeTmp'
Building CXX object CMakeFiles/cmTC_a11e2.dir/CMakeCXXCompilerABI.cpp.o
/usr/bin/c++      -o CMakeFiles/cmTC_a11e2.dir/CMakeCXXCompilerABI.cpp.o -c /usr/share/cmake-3.4/Modules/CMakeCXXCompilerABI.cpp
Linking CXX executable cmTC_a11e2
/usr/bin/cmake -E cmake_link_script CMakeFiles/cmTC_a11e2.dir/link.txt --verbose=1
/usr/bin/c++       -v CMakeFiles/cmTC_a11e2.dir/CMakeCXXCompilerABI.cpp.o  -o cmTC_a11e2 -rdynamic  
Using built-in specs.
COLLECT_GCC=/usr/bin/c++
COLLECT_LTO_WRAPPER=/usr/lib/gcc/x86_64-linux-gnu/4.8/lto-wrapper
Target: x86_64-linux-gnu
Configured with: ../src/configure -v --with-pkgversion='Ubuntu 4.8.4-2ubuntu1~14.04' --with-bugurl=file:///usr/share/doc/gcc-4.8/README.Bugs --enable-languages=c,c++,java,go,d,fortran,objc,obj-c++ --prefix=/usr --program-suffix=-4.8 --enable-shared --enable-linker-build-id --libexecdir=/usr/lib --without-included-gettext --enable-threads=posix --with-gxx-include-dir=/usr/include/c++/4.8 --libdir=/usr/lib --enable-nls --with-sysroot=/ --enable-clocale=gnu --enable-libstdcxx-debug --enable-libstdcxx-time=yes --enable-gnu-unique-object --disable-libmudflap --enable-plugin --with-system-zlib --disable-browser-plugin --enable-java-awt=gtk --enable-gtk-cairo --with-java-home=/usr/lib/jvm/java-1.5.0-gcj-4.8-amd64/jre --enable-java-home --with-jvm-root-dir=/usr/lib/jvm/java-1.5.0-gcj-4.8-amd64 --with-jvm-jar-dir=/usr/lib/jvm-exports/java-1.5.0-gcj-4.8-amd64 --with-arch-directory=amd64 --with-ecj-jar=/usr/share/java/eclipse-ecj.jar --enable-objc-gc --enable-multiarch --disable-werror --with-arch-32=i686 --with-abi=m64 --with-multilib-list=m32,m64,mx32 --with-tune=generic --enable-checking=release --build=x86_64-linux-gnu --host=x86_64-linux-gnu --target=x86_64-linux-gnu
Thread model: posix
gcc version 4.8.4 (Ubuntu 4.8.4-2ubuntu1~14.04) 
COMPILER_PATH=/usr/lib/gcc/x86_64-linux-gnu/4.8/:/usr/lib/gcc/x86_64-linux-gnu/4.8/:/usr/lib/gcc/x86_64-linux-gnu/:/usr/lib/gcc/x86_64-linux-gnu/4.8/:/usr/lib/gcc/x86_64-linux-gnu/
LIBRARY_PATH=/usr/lib/gcc/x86_64-linux-gnu/4.8/:/usr/lib/gcc/x86_64-linux-gnu/4.8/../../../x86_64-linux-gnu/:/usr/lib/gcc/x86_64-linux-gnu/4.8/../../../../lib/:/lib/x86_64-linux-gnu/:/lib/../lib/:/usr/lib/x86_64-linux-gnu/:/usr/lib/../lib/:/usr/lib/gcc/x86_64-linux-gnu/4.8/../../../:/lib/:/usr/lib/
COLLECT_GCC_OPTIONS='-v' '-o' 'cmTC_a11e2' '-rdynamic' '-shared-libgcc' '-mtune=generic' '-march=x86-64'
 /usr/lib/gcc/x86_64-linux-gnu/4.8/collect2 --sysroot=/ --build-id --eh-frame-hdr -m elf_x86_64 --hash-style=gnu --as-needed -export-dynamic -dynamic-linker /lib64/ld-linux-x86-64.so.2 -z relro -o cmTC_a11e2 /usr/lib/gcc/x86_64-linux-gnu/4.8/../../../x86_64-linux-gnu/crt1.o /usr/lib/gcc/x86_64-linux-gnu/4.8/../../../x86_64-linux-gnu/crti.o /usr/lib/gcc/x86_64-linux-gnu/4.8/crtbegin.o -L/usr/lib/gcc/x86_64-linux-gnu/4.8 -L/usr/lib/gcc/x86_64-linux-gnu/4.8/../../../x86_64-linux-gnu -L/usr/lib/gcc/x86_64-linux-gnu/4.8/../../../../lib -L/lib/x86_64-linux-gnu -L/lib/../lib -L/usr/lib/x86_64-linux-gnu -L/usr/lib/../lib -L/usr/lib/gcc/x86_64-linux-gnu/4.8/../../.. CMakeFiles/cmTC_a11e2.dir/CMakeCXXCompilerABI.cpp.o -lstdc++ -lm -lgcc_s -lgcc -lc -lgcc_s -lgcc /usr/lib/gcc/x86_64-linux-gnu/4.8/crtend.o /usr/lib/gcc/x86_64-linux-gnu/4.8/../../../x86_64-linux-gnu/crtn.o
make[1]: Leaving directory `/src/app/find-object/dependencies/primarysources/cppcms/build/CMakeFiles/CMakeTmp'


Parsed CXX implicit link information from above output:
  link line regex: [^( *|.*[/\])(ld|([^/\]+-)?ld|collect2)[^/\]*( |$)]
  ignore line: [Change Dir: /src/app/find-object/dependencies/primarysources/cppcms/build/CMakeFiles/CMakeTmp]
  ignore line: []
  ignore line: [Run Build Command:"/usr/bin/make" "cmTC_a11e2/fast"]
  ignore line: [/usr/bin/make -f CMakeFiles/cmTC_a11e2.dir/build.make CMakeFiles/cmTC_a11e2.dir/build]
  ignore line: [make[1]: Entering directory `/src/app/find-object/dependencies/primarysources/cppcms/build/CMakeFiles/CMakeTmp']
  ignore line: [Building CXX object CMakeFiles/cmTC_a11e2.dir/CMakeCXXCompilerABI.cpp.o]
  ignore line: [/usr/bin/c++      -o CMakeFiles/cmTC_a11e2.dir/CMakeCXXCompilerABI.cpp.o -c /usr/share/cmake-3.4/Modules/CMakeCXXCompilerABI.cpp]
  ignore line: [Linking CXX executable cmTC_a11e2]
  ignore line: [/usr/bin/cmake -E cmake_link_script CMakeFiles/cmTC_a11e2.dir/link.txt --verbose=1]
  ignore line: [/usr/bin/c++       -v CMakeFiles/cmTC_a11e2.dir/CMakeCXXCompilerABI.cpp.o  -o cmTC_a11e2 -rdynamic  ]
  ignore line: [Using built-in specs.]
  ignore line: [COLLECT_GCC=/usr/bin/c++]
  ignore line: [COLLECT_LTO_WRAPPER=/usr/lib/gcc/x86_64-linux-gnu/4.8/lto-wrapper]
  ignore line: [Target: x86_64-linux-gnu]
  ignore line: [Configured with: ../src/configure -v --with-pkgversion='Ubuntu 4.8.4-2ubuntu1~14.04' --with-bugurl=file:///usr/share/doc/gcc-4.8/README.Bugs --enable-languages=c,c++,java,go,d,fortran,objc,obj-c++ --prefix=/usr --program-suffix=-4.8 --enable-shared --enable-linker-build-id --libexecdir=/usr/lib --without-included-gettext --enable-threads=posix --with-gxx-include-dir=/usr/include/c++/4.8 --libdir=/usr/lib --enable-nls --with-sysroot=/ --enable-clocale=gnu --enable-libstdcxx-debug --enable-libstdcxx-time=yes --enable-gnu-unique-object --disable-libmudflap --enable-plugin --with-system-zlib --disable-browser-plugin --enable-java-awt=gtk --enable-gtk-cairo --with-java-home=/usr/lib/jvm/java-1.5.0-gcj-4.8-amd64/jre --enable-java-home --with-jvm-root-dir=/usr/lib/jvm/java-1.5.0-gcj-4.8-amd64 --with-jvm-jar-dir=/usr/lib/jvm-exports/java-1.5.0-gcj-4.8-amd64 --with-arch-directory=amd64 --with-ecj-jar=/usr/share/java/eclipse-ecj.jar --enable-objc-gc --enable-multiarch --disable-werror --with-arch-32=i686 --with-abi=m64 --with-multilib-list=m32,m64,mx32 --with-tune=generic --enable-checking=release --build=x86_64-linux-gnu --host=x86_64-linux-gnu --target=x86_64-linux-gnu]
  ignore line: [Thread model: posix]
  ignore line: [gcc version 4.8.4 (Ubuntu 4.8.4-2ubuntu1~14.04) ]
  ignore line: [COMPILER_PATH=/usr/lib/gcc/x86_64-linux-gnu/4.8/:/usr/lib/gcc/x86_64-linux-gnu/4.8/:/usr/lib/gcc/x86_64-linux-gnu/:/usr/lib/gcc/x86_64-linux-gnu/4.8/:/usr/lib/gcc/x86_64-linux-gnu/]
  ignore line: [LIBRARY_PATH=/usr/lib/gcc/x86_64-linux-gnu/4.8/:/usr/lib/gcc/x86_64-linux-gnu/4.8/../../../x86_64-linux-gnu/:/usr/lib/gcc/x86_64-linux-gnu/4.8/../../../../lib/:/lib/x86_64-linux-gnu/:/lib/../lib/:/usr/lib/x86_64-linux-gnu/:/usr/lib/../lib/:/usr/lib/gcc/x86_64-linux-gnu/4.8/../../../:/lib/:/usr/lib/]
  ignore line: [COLLECT_GCC_OPTIONS='-v' '-o' 'cmTC_a11e2' '-rdynamic' '-shared-libgcc' '-mtune=generic' '-march=x86-64']
  link line: [ /usr/lib/gcc/x86_64-linux-gnu/4.8/collect2 --sysroot=/ --build-id --eh-frame-hdr -m elf_x86_64 --hash-style=gnu --as-needed -export-dynamic -dynamic-linker /lib64/ld-linux-x86-64.so.2 -z relro -o cmTC_a11e2 /usr/lib/gcc/x86_64-linux-gnu/4.8/../../../x86_64-linux-gnu/crt1.o /usr/lib/gcc/x86_64-linux-gnu/4.8/../../../x86_64-linux-gnu/crti.o /usr/lib/gcc/x86_64-linux-gnu/4.8/crtbegin.o -L/usr/lib/gcc/x86_64-linux-gnu/4.8 -L/usr/lib/gcc/x86_64-linux-gnu/4.8/../../../x86_64-linux-gnu -L/usr/lib/gcc/x86_64-linux-gnu/4.8/../../../../lib -L/lib/x86_64-linux-gnu -L/lib/../lib -L/usr/lib/x86_64-linux-gnu -L/usr/lib/../lib -L/usr/lib/gcc/x86_64-linux-gnu/4.8/../../.. CMakeFiles/cmTC_a11e2.dir/CMakeCXXCompilerABI.cpp.o -lstdc++ -lm -lgcc_s -lgcc -lc -lgcc_s -lgcc /usr/lib/gcc/x86_64-linux-gnu/4.8/crtend.o /usr/lib/gcc/x86_64-linux-gnu/4.8/../../../x86_64-linux-gnu/crtn.o]
    arg [/usr/lib/gcc/x86_64-linux-gnu/4.8/collect2] ==> ignore
    arg [--sysroot=/] ==> ignore
    arg [--build-id] ==> ignore
    arg [--eh-frame-hdr] ==> ignore
    arg [-m] ==> ignore
    arg [elf_x86_64] ==> ignore
    arg [--hash-style=gnu] ==> ignore
    arg [--as-needed] ==> ignore
    arg [-export-dynamic] ==> ignore
    arg [-dynamic-linker] ==> ignore
    arg [/lib64/ld-linux-x86-64.so.2] ==> ignore
    arg [-zrelro] ==> ignore
    arg [-o] ==> ignore
    arg [cmTC_a11e2] ==> ignore
    arg [/usr/lib/gcc/x86_64-linux-gnu/4.8/../../../x86_64-linux-gnu/crt1.o] ==> ignore
    arg [/usr/lib/gcc/x86_64-linux-gnu/4.8/../../../x86_64-linux-gnu/crti.o] ==> ignore
    arg [/usr/lib/gcc/x86_64-linux-gnu/4.8/crtbegin.o] ==> ignore
    arg [-L/usr/lib/gcc/x86_64-linux-gnu/4.8] ==> dir [/usr/lib/gcc/x86_64-linux-gnu/4.8]
    arg [-L/usr/lib/gcc/x86_64-linux-gnu/4.8/../../../x86_64-linux-gnu] ==> dir [/usr/lib/gcc/x86_64-linux-gnu/4.8/../../../x86_64-linux-gnu]
    arg [-L/usr/lib/gcc/x86_64-linux-gnu/4.8/../../../../lib] ==> dir [/usr/lib/gcc/x86_64-linux-gnu/4.8/../../../../lib]
    arg [-L/lib/x86_64-linux-gnu] ==> dir [/lib/x86_64-linux-gnu]
    arg [-L/lib/../lib] ==> dir [/lib/../lib]
    arg [-L/usr/lib/x86_64-linux-gnu] ==> dir [/usr/lib/x86_64-linux-gnu]
    arg [-L/usr/lib/../lib] ==> dir [/usr/lib/../lib]
    arg [-L/usr/lib/gcc/x86_64-linux-gnu/4.8/../../..] ==> dir [/usr/lib/gcc/x86_64-linux-gnu/4.8/../../..]
    arg [CMakeFiles/cmTC_a11e2.dir/CMakeCXXCompilerABI.cpp.o] ==> ignore
    arg [-lstdc++] ==> lib [stdc++]
    arg [-lm] ==> lib [m]
    arg [-lgcc_s] ==> lib [gcc_s]
    arg [-lgcc] ==> lib [gcc]
    arg [-lc] ==> lib [c]
    arg [-lgcc_s] ==> lib [gcc_s]
    arg [-lgcc] ==> lib [gcc]
    arg [/usr/lib/gcc/x86_64-linux-gnu/4.8/crtend.o] ==> ignore
    arg [/usr/lib/gcc/x86_64-linux-gnu/4.8/../../../x86_64-linux-gnu/crtn.o] ==> ignore
  remove lib [gcc_s]
  remove lib [gcc]
  remove lib [gcc_s]
  remove lib [gcc]
  collapse library dir [/usr/lib/gcc/x86_64-linux-gnu/4.8] ==> [/usr/lib/gcc/x86_64-linux-gnu/4.8]
  collapse library dir [/usr/lib/gcc/x86_64-linux-gnu/4.8/../../../x86_64-linux-gnu] ==> [/usr/lib/x86_64-linux-gnu]
  collapse library dir [/usr/lib/gcc/x86_64-linux-gnu/4.8/../../../../lib] ==> [/usr/lib]
  collapse library dir [/lib/x86_64-linux-gnu] ==> [/lib/x86_64-linux-gnu]
  collapse library dir [/lib/../lib] ==> [/lib]
  collapse library dir [/usr/lib/x86_64-linux-gnu] ==> [/usr/lib/x86_64-linux-gnu]
  collapse library dir [/usr/lib/../lib] ==> [/usr/lib]
  collapse library dir [/usr/lib/gcc/x86_64-linux-gnu/4.8/../../..] ==> [/usr/lib]
  implicit libs: [stdc++;m;c]
  implicit dirs: [/usr/lib/gcc/x86_64-linux-gnu/4.8;/usr/lib/x86_64-linux-gnu;/usr/lib;/lib/x86_64-linux-gnu;/lib]
  implicit fwks: []




Detecting CXX [-std=c++1y] compiler features compiled with the following output:
Change Dir: /src/app/find-object/dependencies/primarysources/cppcms/build/CMakeFiles/CMakeTmp

Run Build Command:"/usr/bin/make" "cmTC_5fed2/fast"
/usr/bin/make -f CMakeFiles/cmTC_5fed2.dir/build.make CMakeFiles/cmTC_5fed2.dir/build
make[1]: Entering directory `/src/app/find-object/dependencies/primarysources/cppcms/build/CMakeFiles/CMakeTmp'
Building CXX object CMakeFiles/cmTC_5fed2.dir/feature_tests.cxx.o
/usr/bin/c++     -std=c++1y -o CMakeFiles/cmTC_5fed2.dir/feature_tests.cxx.o -c /src/app/find-object/dependencies/primarysources/cppcms/build/CMakeFiles/feature_tests.cxx
Linking CXX executable cmTC_5fed2
/usr/bin/cmake -E cmake_link_script CMakeFiles/cmTC_5fed2.dir/link.txt --verbose=1
/usr/bin/c++        CMakeFiles/cmTC_5fed2.dir/feature_tests.cxx.o  -o cmTC_5fed2 -rdynamic 
make[1]: Leaving directory `/src/app/find-object/dependencies/primarysources/cppcms/build/CMakeFiles/CMakeTmp'


    Feature record: CXX_FEATURE:0cxx_aggregate_default_initializers
    Feature record: CXX_FEATURE:1cxx_alias_templates
    Feature record: CXX_FEATURE:1cxx_alignas
    Feature record: CXX_FEATURE:1cxx_alignof
    Feature record: CXX_FEATURE:1cxx_attributes
    Feature record: CXX_FEATURE:0cxx_attribute_deprecated
    Feature record: CXX_FEATURE:1cxx_auto_type
    Feature record: CXX_FEATURE:0cxx_binary_literals
    Feature record: CXX_FEATURE:1cxx_constexpr
    Feature record: CXX_FEATURE:0cxx_contextual_conversions
    Feature record: CXX_FEATURE:1cxx_decltype
    Feature record: CXX_FEATURE:0cxx_decltype_auto
    Feature record: CXX_FEATURE:1cxx_decltype_incomplete_return_types
    Feature record: CXX_FEATURE:1cxx_default_function_template_args
    Feature record: CXX_FEATURE:1cxx_defaulted_functions
    Feature record: CXX_FEATURE:1cxx_defaulted_move_initializers
    Feature record: CXX_FEATURE:1cxx_delegating_constructors
    Feature record: CXX_FEATURE:1cxx_deleted_functions
    Feature record: CXX_FEATURE:0cxx_digit_separators
    Feature record: CXX_FEATURE:1cxx_enum_forward_declarations
    Feature record: CXX_FEATURE:1cxx_explicit_conversions
    Feature record: CXX_FEATURE:1cxx_extended_friend_declarations
    Feature record: CXX_FEATURE:1cxx_extern_templates
    Feature record: CXX_FEATURE:1cxx_final
    Feature record: CXX_FEATURE:1cxx_func_identifier
    Feature record: CXX_FEATURE:1cxx_generalized_initializers
    Feature record: CXX_FEATURE:0cxx_generic_lambdas
    Feature record: CXX_FEATURE:1cxx_inheriting_constructors
    Feature record: CXX_FEATURE:1cxx_inline_namespaces
    Feature record: CXX_FEATURE:1cxx_lambdas
    Feature record: CXX_FEATURE:0cxx_lambda_init_captures
    Feature record: CXX_FEATURE:1cxx_local_type_template_args
    Feature record: CXX_FEATURE:1cxx_long_long_type
    Feature record: CXX_FEATURE:1cxx_noexcept
    Feature record: CXX_FEATURE:1cxx_nonstatic_member_init
    Feature record: CXX_FEATURE:1cxx_nullptr
    Feature record: CXX_FEATURE:1cxx_override
    Feature record: CXX_FEATURE:1cxx_range_for
    Feature record: CXX_FEATURE:1cxx_raw_string_literals
    Feature record: CXX_FEATURE:1cxx_reference_qualified_functions
    Feature record: CXX_FEATURE:0cxx_relaxed_constexpr
    Feature record: CXX_FEATURE:0cxx_return_type_deduction
    Feature record: CXX_FEATURE:1cxx_right_angle_brackets
    Feature record: CXX_FEATURE:1cxx_rvalue_references
    Feature record: CXX_FEATURE:1cxx_sizeof_member
    Feature record: CXX_FEATURE:1cxx_static_assert
    Feature record: CXX_FEATURE:1cxx_strong_enums
    Feature record: CXX_FEATURE:1cxx_template_template_parameters
    Feature record: CXX_FEATURE:1cxx_thread_local
    Feature record: CXX_FEATURE:1cxx_trailing_return_types
    Feature record: CXX_FEATURE:1cxx_unicode_literals
    Feature record: CXX_FEATURE:1cxx_uniform_initialization
    Feature record: CXX_FEATURE:1cxx_unrestricted_unions
    Feature record: CXX_FEATURE:1cxx_user_literals
    Feature record: CXX_FEATURE:0cxx_variable_templates
    Feature record: CXX_FEATURE:1cxx_variadic_macros
    Feature record: CXX_FEATURE:1cxx_variadic_templates


Detecting CXX [-std=c++11] compiler features compiled with the following output:
Change Dir: /src/app/find-object/dependencies/primarysources/cppcms/build/CMakeFiles/CMakeTmp

Run Build Command:"/usr/bin/make" "cmTC_97230/fast"
/usr/bin/make -f CMakeFiles/cmTC_97230.dir/build.make CMakeFiles/cmTC_97230.dir/build
make[1]: Entering directory `/src/app/find-object/dependencies/primarysources/cppcms/build/CMakeFiles/CMakeTmp'
Building CXX object CMakeFiles/cmTC_97230.dir/feature_tests.cxx.o
/usr/bin/c++     -std=c++11 -o CMakeFiles/cmTC_97230.dir/feature_tests.cxx.o -c /src/app/find-object/dependencies/primarysources/cppcms/build/CMakeFiles/feature_tests.cxx
Linking CXX executable cmTC_97230
/usr/bin/cmake -E cmake_link_script CMakeFiles/cmTC_97230.dir/link.txt --verbose=1
/usr/bin/c++        CMakeFiles/cmTC_97230.dir/feature_tests.cxx.o  -o cmTC_97230 -rdynamic 
make[1]: Leaving directory `/src/app/find-object/dependencies/primarysources/cppcms/build/CMakeFiles/CMakeTmp'


    Feature record: CXX_FEATURE:0cxx_aggregate_default_initializers
    Feature record: CXX_FEATURE:1cxx_alias_templates
    Feature record: CXX_FEATURE:1cxx_alignas
    Feature record: CXX_FEATURE:1cxx_alignof
    Feature record: CXX_FEATURE:1cxx_attributes
    Feature record: CXX_FEATURE:0cxx_attribute_deprecated
    Feature record: CXX_FEATURE:1cxx_auto_type
    Feature record: CXX_FEATURE:0cxx_binary_literals
    Feature record: CXX_FEATURE:1cxx_constexpr
    Feature record: CXX_FEATURE:0cxx_contextual_conversions
    Feature record: CXX_FEATURE:1cxx_decltype
    Feature record: CXX_FEATURE:0cxx_decltype_auto
    Feature record: CXX_FEATURE:1cxx_decltype_incomplete_return_types
    Feature record: CXX_FEATURE:1cxx_default_function_template_args
    Feature record: CXX_FEATURE:1cxx_defaulted_functions
    Feature record: CXX_FEATURE:1cxx_defaulted_move_initializers
    Feature record: CXX_FEATURE:1cxx_delegating_constructors
    Feature record: CXX_FEATURE:1cxx_deleted_functions
    Feature record: CXX_FEATURE:0cxx_digit_separators
    Feature record: CXX_FEATURE:1cxx_enum_forward_declarations
    Feature record: CXX_FEATURE:1cxx_explicit_conversions
    Feature record: CXX_FEATURE:1cxx_extended_friend_declarations
    Feature record: CXX_FEATURE:1cxx_extern_templates
    Feature record: CXX_FEATURE:1cxx_final
    Feature record: CXX_FEATURE:1cxx_func_identifier
    Feature record: CXX_FEATURE:1cxx_generalized_initializers
    Feature record: CXX_FEATURE:0cxx_generic_lambdas
    Feature record: CXX_FEATURE:1cxx_inheriting_constructors
    Feature record: CXX_FEATURE:1cxx_inline_namespaces
    Feature record: CXX_FEATURE:1cxx_lambdas
    Feature record: CXX_FEATURE:0cxx_lambda_init_captures
    Feature record: CXX_FEATURE:1cxx_local_type_template_args
    Feature record: CXX_FEATURE:1cxx_long_long_type
    Feature record: CXX_FEATURE:1cxx_noexcept
    Feature record: CXX_FEATURE:1cxx_nonstatic_member_init
    Feature record: CXX_FEATURE:1cxx_nullptr
    Feature record: CXX_FEATURE:1cxx_override
    Feature record: CXX_FEATURE:1cxx_range_for
    Feature record: CXX_FEATURE:1cxx_raw_string_literals
    Feature record: CXX_FEATURE:1cxx_reference_qualified_functions
    Feature record: CXX_FEATURE:0cxx_relaxed_constexpr
    Feature record: CXX_FEATURE:0cxx_return_type_deduction
    Feature record: CXX_FEATURE:1cxx_right_angle_brackets
    Feature record: CXX_FEATURE:1cxx_rvalue_references
    Feature record: CXX_FEATURE:1cxx_sizeof_member
    Feature record: CXX_FEATURE:1cxx_static_assert
    Feature record: CXX_FEATURE:1cxx_strong_enums
    Feature record: CXX_FEATURE:1cxx_template_template_parameters
    Feature record: CXX_FEATURE:1cxx_thread_local
    Feature record: CXX_FEATURE:1cxx_trailing_return_types
    Feature record: CXX_FEATURE:1cxx_unicode_literals
    Feature record: CXX_FEATURE:1cxx_uniform_initialization
    Feature record: CXX_FEATURE:1cxx_unrestricted_unions
    Feature record: CXX_FEATURE:1cxx_user_literals
    Feature record: CXX_FEATURE:0cxx_variable_templates
    Feature record: CXX_FEATURE:1cxx_variadic_macros
    Feature record: CXX_FEATURE:1cxx_variadic_templates


Detecting CXX [-std=c++98] compiler features compiled with the following output:
Change Dir: /src/app/find-object/dependencies/primarysources/cppcms/build/CMakeFiles/CMakeTmp

Run Build Command:"/usr/bin/make" "cmTC_119dc/fast"
/usr/bin/make -f CMakeFiles/cmTC_119dc.dir/build.make CMakeFiles/cmTC_119dc.dir/build
make[1]: Entering directory `/src/app/find-object/dependencies/primarysources/cppcms/build/CMakeFiles/CMakeTmp'
Building CXX object CMakeFiles/cmTC_119dc.dir/feature_tests.cxx.o
/usr/bin/c++     -std=c++98 -o CMakeFiles/cmTC_119dc.dir/feature_tests.cxx.o -c /src/app/find-object/dependencies/primarysources/cppcms/build/CMakeFiles/feature_tests.cxx
Linking CXX executable cmTC_119dc
/usr/bin/cmake -E cmake_link_script CMakeFiles/cmTC_119dc.dir/link.txt --verbose=1
/usr/bin/c++        CMakeFiles/cmTC_119dc.dir/feature_tests.cxx.o  -o cmTC_119dc -rdynamic 
make[1]: Leaving directory `/src/app/find-object/dependencies/primarysources/cppcms/build/CMakeFiles/CMakeTmp'


    Feature record: CXX_FEATURE:0cxx_aggregate_default_initializers
    Feature record: CXX_FEATURE:0cxx_alias_templates
    Feature record: CXX_FEATURE:0cxx_alignas
    Feature record: CXX_FEATURE:0cxx_alignof
    Feature record: CXX_FEATURE:0cxx_attributes
    Feature record: CXX_FEATURE:0cxx_attribute_deprecated
    Feature record: CXX_FEATURE:0cxx_auto_type
    Feature record: CXX_FEATURE:0cxx_binary_literals
    Feature record: CXX_FEATURE:0cxx_constexpr
    Feature record: CXX_FEATURE:0cxx_contextual_conversions
    Feature record: CXX_FEATURE:0cxx_decltype
    Feature record: CXX_FEATURE:0cxx_decltype_auto
    Feature record: CXX_FEATURE:0cxx_decltype_incomplete_return_types
    Feature record: CXX_FEATURE:0cxx_default_function_template_args
    Feature record: CXX_FEATURE:0cxx_defaulted_functions
    Feature record: CXX_FEATURE:0cxx_defaulted_move_initializers
    Feature record: CXX_FEATURE:0cxx_delegating_constructors
    Feature record: CXX_FEATURE:0cxx_deleted_functions
    Feature record: CXX_FEATURE:0cxx_digit_separators
    Feature record: CXX_FEATURE:0cxx_enum_forward_declarations
    Feature record: CXX_FEATURE:0cxx_explicit_conversions
    Feature record: CXX_FEATURE:0cxx_extended_friend_declarations
    Feature record: CXX_FEATURE:0cxx_extern_templates
    Feature record: CXX_FEATURE:0cxx_final
    Feature record: CXX_FEATURE:0cxx_func_identifier
    Feature record: CXX_FEATURE:0cxx_generalized_initializers
    Feature record: CXX_FEATURE:0cxx_generic_lambdas
    Feature record: CXX_FEATURE:0cxx_inheriting_constructors
    Feature record: CXX_FEATURE:0cxx_inline_namespaces
    Feature record: CXX_FEATURE:0cxx_lambdas
    Feature record: CXX_FEATURE:0cxx_lambda_init_captures
    Feature record: CXX_FEATURE:0cxx_local_type_template_args
    Feature record: CXX_FEATURE:0cxx_long_long_type
    Feature record: CXX_FEATURE:0cxx_noexcept
    Feature record: CXX_FEATURE:0cxx_nonstatic_member_init
    Feature record: CXX_FEATURE:0cxx_nullptr
    Feature record: CXX_FEATURE:0cxx_override
    Feature record: CXX_FEATURE:0cxx_range_for
    Feature record: CXX_FEATURE:0cxx_raw_string_literals
    Feature record: CXX_FEATURE:0cxx_reference_qualified_functions
    Feature record: CXX_FEATURE:0cxx_relaxed_constexpr
    Feature record: CXX_FEATURE:0cxx_return_type_deduction
    Feature record: CXX_FEATURE:0cxx_right_angle_brackets
    Feature record: CXX_FEATURE:0cxx_rvalue_references
    Feature record: CXX_FEATURE:0cxx_sizeof_member
    Feature record: CXX_FEATURE:0cxx_static_assert
    Feature record: CXX_FEATURE:0cxx_strong_enums
    Feature record: CXX_FEATURE:1cxx_template_template_parameters
    Feature record: CXX_FEATURE:0cxx_thread_local
    Feature record: CXX_FEATURE:0cxx_trailing_return_types
    Feature record: CXX_FEATURE:0cxx_unicode_literals
    Feature record: CXX_FEATURE:0cxx_uniform_initialization
    Feature record: CXX_FEATURE:0cxx_unrestricted_unions
    Feature record: CXX_FEATURE:0cxx_user_literals
    Feature record: CXX_FEATURE:0cxx_variable_templates
    Feature record: CXX_FEATURE:0cxx_variadic_macros
    Feature record: CXX_FEATURE:0cxx_variadic_templates
Performing C++ SOURCE FILE Test LIBC_ICONV succeded with the following output:
Change Dir: /src/app/find-object/dependencies/primarysources/cppcms/build/CMakeFiles/CMakeTmp

Run Build Command:"/usr/bin/make" "cmTC_820d6/fast"
/usr/bin/make -f CMakeFiles/cmTC_820d6.dir/build.make CMakeFiles/cmTC_820d6.dir/build
make[1]: Entering directory `/src/app/find-object/dependencies/primarysources/cppcms/build/CMakeFiles/CMakeTmp'
Building CXX object CMakeFiles/cmTC_820d6.dir/src.cxx.o
/usr/bin/c++     -DLIBC_ICONV   -o CMakeFiles/cmTC_820d6.dir/src.cxx.o -c /src/app/find-object/dependencies/primarysources/cppcms/build/CMakeFiles/CMakeTmp/src.cxx
Linking CXX executable cmTC_820d6
/usr/bin/cmake -E cmake_link_script CMakeFiles/cmTC_820d6.dir/link.txt --verbose=1
/usr/bin/c++    -DLIBC_ICONV    CMakeFiles/cmTC_820d6.dir/src.cxx.o  -o cmTC_820d6 -rdynamic 
make[1]: Leaving directory `/src/app/find-object/dependencies/primarysources/cppcms/build/CMakeFiles/CMakeTmp'

Source file was:
#include <iconv.h> 
		 int main() { iconv_t v=iconv_open((char *)0,(char *)0); }
Performing C++ SOURCE FILE Test GCC_IS_GCC4 succeded with the following output:
Change Dir: /src/app/find-object/dependencies/primarysources/cppcms/build/CMakeFiles/CMakeTmp

Run Build Command:"/usr/bin/make" "cmTC_2b1a2/fast"
/usr/bin/make -f CMakeFiles/cmTC_2b1a2.dir/build.make CMakeFiles/cmTC_2b1a2.dir/build
make[1]: Entering directory `/src/app/find-object/dependencies/primarysources/cppcms/build/CMakeFiles/CMakeTmp'
Building CXX object CMakeFiles/cmTC_2b1a2.dir/src.cxx.o
/usr/bin/c++     -DGCC_IS_GCC4   -o CMakeFiles/cmTC_2b1a2.dir/src.cxx.o -c /src/app/find-object/dependencies/primarysources/cppcms/build/CMakeFiles/CMakeTmp/src.cxx
Linking CXX executable cmTC_2b1a2
/usr/bin/cmake -E cmake_link_script CMakeFiles/cmTC_2b1a2.dir/link.txt --verbose=1
/usr/bin/c++    -DGCC_IS_GCC4    CMakeFiles/cmTC_2b1a2.dir/src.cxx.o  -o cmTC_2b1a2 -rdynamic 
make[1]: Leaving directory `/src/app/find-object/dependencies/primarysources/cppcms/build/CMakeFiles/CMakeTmp'

Source file was:
#if __GNUC__ < 4
		#error
		#endif
		int main() {}
Determining if the function socket exists passed with the following output:
Change Dir: /src/app/find-object/dependencies/primarysources/cppcms/build/CMakeFiles/CMakeTmp

Run Build Command:"/usr/bin/make" "cmTC_60f20/fast"
/usr/bin/make -f CMakeFiles/cmTC_60f20.dir/build.make CMakeFiles/cmTC_60f20.dir/build
make[1]: Entering directory `/src/app/find-object/dependencies/primarysources/cppcms/build/CMakeFiles/CMakeTmp'
Building C object CMakeFiles/cmTC_60f20.dir/CheckFunctionExists.c.o
/usr/bin/cc    -DCHECK_FUNCTION_EXISTS=socket   -o CMakeFiles/cmTC_60f20.dir/CheckFunctionExists.c.o   -c /usr/share/cmake-3.4/Modules/CheckFunctionExists.c
Linking C executable cmTC_60f20
/usr/bin/cmake -E cmake_link_script CMakeFiles/cmTC_60f20.dir/link.txt --verbose=1
/usr/bin/cc   -DCHECK_FUNCTION_EXISTS=socket    CMakeFiles/cmTC_60f20.dir/CheckFunctionExists.c.o  -o cmTC_60f20 -rdynamic 
make[1]: Leaving directory `/src/app/find-object/dependencies/primarysources/cppcms/build/CMakeFiles/CMakeTmp'


Determining if the function gethostbyname exists passed with the following output:
Change Dir: /src/app/find-object/dependencies/primarysources/cppcms/build/CMakeFiles/CMakeTmp

Run Build Command:"/usr/bin/make" "cmTC_94cfd/fast"
/usr/bin/make -f CMakeFiles/cmTC_94cfd.dir/build.make CMakeFiles/cmTC_94cfd.dir/build
make[1]: Entering directory `/src/app/find-object/dependencies/primarysources/cppcms/build/CMakeFiles/CMakeTmp'
Building C object CMakeFiles/cmTC_94cfd.dir/CheckFunctionExists.c.o
/usr/bin/cc    -DCHECK_FUNCTION_EXISTS=gethostbyname   -o CMakeFiles/cmTC_94cfd.dir/CheckFunctionExists.c.o   -c /usr/share/cmake-3.4/Modules/CheckFunctionExists.c
Linking C executable cmTC_94cfd
/usr/bin/cmake -E cmake_link_script CMakeFiles/cmTC_94cfd.dir/link.txt --verbose=1
/usr/bin/cc   -DCHECK_FUNCTION_EXISTS=gethostbyname    CMakeFiles/cmTC_94cfd.dir/CheckFunctionExists.c.o  -o cmTC_94cfd -rdynamic 
make[1]: Leaving directory `/src/app/find-object/dependencies/primarysources/cppcms/build/CMakeFiles/CMakeTmp'


Performing C++ SOURCE FILE Test BOOSTER_HAS_GCC_SYNC succeded with the following output:
Change Dir: /src/app/find-object/dependencies/primarysources/cppcms/build/CMakeFiles/CMakeTmp

Run Build Command:"/usr/bin/make" "cmTC_2e378/fast"
/usr/bin/make -f CMakeFiles/cmTC_2e378.dir/build.make CMakeFiles/cmTC_2e378.dir/build
make[1]: Entering directory `/src/app/find-object/dependencies/primarysources/cppcms/build/CMakeFiles/CMakeTmp'
Building CXX object CMakeFiles/cmTC_2e378.dir/src.cxx.o
/usr/bin/c++     -Wall -Wextra -DBOOSTER_HAS_GCC_SYNC   -o CMakeFiles/cmTC_2e378.dir/src.cxx.o -c /src/app/find-object/dependencies/primarysources/cppcms/build/CMakeFiles/CMakeTmp/src.cxx
Linking CXX executable cmTC_2e378
/usr/bin/cmake -E cmake_link_script CMakeFiles/cmTC_2e378.dir/link.txt --verbose=1
/usr/bin/c++    -Wall -Wextra -DBOOSTER_HAS_GCC_SYNC    CMakeFiles/cmTC_2e378.dir/src.cxx.o  -o cmTC_2e378 -rdynamic 
make[1]: Leaving directory `/src/app/find-object/dependencies/primarysources/cppcms/build/CMakeFiles/CMakeTmp'

Source file was:
int main() { volatile int v=0; return __sync_bool_compare_and_swap(&v,0,1); }
Performing C++ SOURCE FILE Test BOOSTER_HAVE_GCC_EXT_EXCHANGE_AND_ADD succeded with the following output:
Change Dir: /src/app/find-object/dependencies/primarysources/cppcms/build/CMakeFiles/CMakeTmp

Run Build Command:"/usr/bin/make" "cmTC_2404b/fast"
/usr/bin/make -f CMakeFiles/cmTC_2404b.dir/build.make CMakeFiles/cmTC_2404b.dir/build
make[1]: Entering directory `/src/app/find-object/dependencies/primarysources/cppcms/build/CMakeFiles/CMakeTmp'
Building CXX object CMakeFiles/cmTC_2404b.dir/src.cxx.o
/usr/bin/c++     -Wall -Wextra -DBOOSTER_HAVE_GCC_EXT_EXCHANGE_AND_ADD   -o CMakeFiles/cmTC_2404b.dir/src.cxx.o -c /src/app/find-object/dependencies/primarysources/cppcms/build/CMakeFiles/CMakeTmp/src.cxx
Linking CXX executable cmTC_2404b
/usr/bin/cmake -E cmake_link_script CMakeFiles/cmTC_2404b.dir/link.txt --verbose=1
/usr/bin/c++    -Wall -Wextra -DBOOSTER_HAVE_GCC_EXT_EXCHANGE_AND_ADD    CMakeFiles/cmTC_2404b.dir/src.cxx.o  -o cmTC_2404b -rdynamic 
make[1]: Leaving directory `/src/app/find-object/dependencies/primarysources/cppcms/build/CMakeFiles/CMakeTmp'

Source file was:
#include <ext/atomicity.h> 
	using __gnu_cxx::__exchange_and_add;
	int main(){ volatile int x=0; return __exchange_and_add(&x,1);}
Performing C++ SOURCE FILE Test BOOSTER_HAVE_EXECINFO succeded with the following output:
Change Dir: /src/app/find-object/dependencies/primarysources/cppcms/build/CMakeFiles/CMakeTmp

Run Build Command:"/usr/bin/make" "cmTC_b8566/fast"
/usr/bin/make -f CMakeFiles/cmTC_b8566.dir/build.make CMakeFiles/cmTC_b8566.dir/build
make[1]: Entering directory `/src/app/find-object/dependencies/primarysources/cppcms/build/CMakeFiles/CMakeTmp'
Building CXX object CMakeFiles/cmTC_b8566.dir/src.cxx.o
/usr/bin/c++     -Wall -Wextra -DBOOSTER_HAVE_EXECINFO   -o CMakeFiles/cmTC_b8566.dir/src.cxx.o -c /src/app/find-object/dependencies/primarysources/cppcms/build/CMakeFiles/CMakeTmp/src.cxx
/src/app/find-object/dependencies/primarysources/cppcms/build/CMakeFiles/CMakeTmp/src.cxx: In function 'int main()':
/src/app/find-object/dependencies/primarysources/cppcms/build/CMakeFiles/CMakeTmp/src.cxx:2:28: warning: null argument where non-null required (argument 1) [-Wnonnull]
  int main() { backtrace(0,0); }
                            ^
Linking CXX executable cmTC_b8566
/usr/bin/cmake -E cmake_link_script CMakeFiles/cmTC_b8566.dir/link.txt --verbose=1
/usr/bin/c++    -Wall -Wextra -DBOOSTER_HAVE_EXECINFO    CMakeFiles/cmTC_b8566.dir/src.cxx.o  -o cmTC_b8566 -rdynamic 
make[1]: Leaving directory `/src/app/find-object/dependencies/primarysources/cppcms/build/CMakeFiles/CMakeTmp'

Source file was:
#include <execinfo.h>
	int main() { backtrace(0,0); }
Performing C++ SOURCE FILE Test BOOSTER_HAVE_STDINT_H succeded with the following output:
Change Dir: /src/app/find-object/dependencies/primarysources/cppcms/build/CMakeFiles/CMakeTmp

Run Build Command:"/usr/bin/make" "cmTC_f4ae5/fast"
/usr/bin/make -f CMakeFiles/cmTC_f4ae5.dir/build.make CMakeFiles/cmTC_f4ae5.dir/build
make[1]: Entering directory `/src/app/find-object/dependencies/primarysources/cppcms/build/CMakeFiles/CMakeTmp'
Building CXX object CMakeFiles/cmTC_f4ae5.dir/src.cxx.o
/usr/bin/c++     -Wall -Wextra -DBOOSTER_HAVE_STDINT_H   -o CMakeFiles/cmTC_f4ae5.dir/src.cxx.o -c /src/app/find-object/dependencies/primarysources/cppcms/build/CMakeFiles/CMakeTmp/src.cxx
/src/app/find-object/dependencies/primarysources/cppcms/build/CMakeFiles/CMakeTmp/src.cxx: In function 'int main()':
/src/app/find-object/dependencies/primarysources/cppcms/build/CMakeFiles/CMakeTmp/src.cxx:2:23: warning: unused variable 'x' [-Wunused-variable]
  int main() { int64_t x=10; return 0; }
                       ^
Linking CXX executable cmTC_f4ae5
/usr/bin/cmake -E cmake_link_script CMakeFiles/cmTC_f4ae5.dir/link.txt --verbose=1
/usr/bin/c++    -Wall -Wextra -DBOOSTER_HAVE_STDINT_H    CMakeFiles/cmTC_f4ae5.dir/src.cxx.o  -o cmTC_f4ae5 -rdynamic 
make[1]: Leaving directory `/src/app/find-object/dependencies/primarysources/cppcms/build/CMakeFiles/CMakeTmp'

Source file was:
#include <stdint.h>
	int main() { int64_t x=10; return 0; }
Performing C++ SOURCE FILE Test BOOSTER_HAVE_INTTYPES_H succeded with the following output:
Change Dir: /src/app/find-object/dependencies/primarysources/cppcms/build/CMakeFiles/CMakeTmp

Run Build Command:"/usr/bin/make" "cmTC_984e9/fast"
/usr/bin/make -f CMakeFiles/cmTC_984e9.dir/build.make CMakeFiles/cmTC_984e9.dir/build
make[1]: Entering directory `/src/app/find-object/dependencies/primarysources/cppcms/build/CMakeFiles/CMakeTmp'
Building CXX object CMakeFiles/cmTC_984e9.dir/src.cxx.o
/usr/bin/c++     -Wall -Wextra -DBOOSTER_HAVE_INTTYPES_H   -o CMakeFiles/cmTC_984e9.dir/src.cxx.o -c /src/app/find-object/dependencies/primarysources/cppcms/build/CMakeFiles/CMakeTmp/src.cxx
/src/app/find-object/dependencies/primarysources/cppcms/build/CMakeFiles/CMakeTmp/src.cxx: In function 'int main()':
/src/app/find-object/dependencies/primarysources/cppcms/build/CMakeFiles/CMakeTmp/src.cxx:2:23: warning: unused variable 'x' [-Wunused-variable]
  int main() { int64_t x=10; return 0; }
                       ^
Linking CXX executable cmTC_984e9
/usr/bin/cmake -E cmake_link_script CMakeFiles/cmTC_984e9.dir/link.txt --verbose=1
/usr/bin/c++    -Wall -Wextra -DBOOSTER_HAVE_INTTYPES_H    CMakeFiles/cmTC_984e9.dir/src.cxx.o  -o cmTC_984e9 -rdynamic 
make[1]: Leaving directory `/src/app/find-object/dependencies/primarysources/cppcms/build/CMakeFiles/CMakeTmp'

Source file was:
#include <inttypes.h>
	int main() { int64_t x=10; return 0; }
Performing C++ SOURCE FILE Test BOOSTER_AIO_HAVE_PF_INET6 succeded with the following output:
Change Dir: /src/app/find-object/dependencies/primarysources/cppcms/build/CMakeFiles/CMakeTmp

Run Build Command:"/usr/bin/make" "cmTC_de830/fast"
/usr/bin/make -f CMakeFiles/cmTC_de830.dir/build.make CMakeFiles/cmTC_de830.dir/build
make[1]: Entering directory `/src/app/find-object/dependencies/primarysources/cppcms/build/CMakeFiles/CMakeTmp'
Building CXX object CMakeFiles/cmTC_de830.dir/src.cxx.o
/usr/bin/c++     -Wall -Wextra -DBOOSTER_AIO_HAVE_PF_INET6   -o CMakeFiles/cmTC_de830.dir/src.cxx.o -c /src/app/find-object/dependencies/primarysources/cppcms/build/CMakeFiles/CMakeTmp/src.cxx
/src/app/find-object/dependencies/primarysources/cppcms/build/CMakeFiles/CMakeTmp/src.cxx: In function 'int main()':
/src/app/find-object/dependencies/primarysources/cppcms/build/CMakeFiles/CMakeTmp/src.cxx:6:24: warning: unused variable 'in6' [-Wunused-variable]
  { struct sockaddr_in6 in6; struct in6_addr in6addr; ::inet_pton(AF_INET6,"::1",&in6addr); return 0; }
                        ^
Linking CXX executable cmTC_de830
/usr/bin/cmake -E cmake_link_script CMakeFiles/cmTC_de830.dir/link.txt --verbose=1
/usr/bin/c++    -Wall -Wextra -DBOOSTER_AIO_HAVE_PF_INET6    CMakeFiles/cmTC_de830.dir/src.cxx.o  -o cmTC_de830 -rdynamic 
make[1]: Leaving directory `/src/app/find-object/dependencies/primarysources/cppcms/build/CMakeFiles/CMakeTmp'

Source file was:
#include <arpa/inet.h>
	#include <sys/socket.h>
	#include <sys/un.h>
	#include <netinet/in.h>
	int main()
	{ struct sockaddr_in6 in6; struct in6_addr in6addr; ::inet_pton(AF_INET6,"::1",&in6addr); return 0; }
Performing C++ SOURCE FILE Test CPPCMS_HAVE_STDINT_H succeded with the following output:
Change Dir: /src/app/find-object/dependencies/primarysources/cppcms/build/CMakeFiles/CMakeTmp

Run Build Command:"/usr/bin/make" "cmTC_43cbe/fast"
/usr/bin/make -f CMakeFiles/cmTC_43cbe.dir/build.make CMakeFiles/cmTC_43cbe.dir/build
make[1]: Entering directory `/src/app/find-object/dependencies/primarysources/cppcms/build/CMakeFiles/CMakeTmp'
Building CXX object CMakeFiles/cmTC_43cbe.dir/src.cxx.o
/usr/bin/c++     -Wall -Wextra -DCPPCMS_HAVE_STDINT_H   -o CMakeFiles/cmTC_43cbe.dir/src.cxx.o -c /src/app/find-object/dependencies/primarysources/cppcms/build/CMakeFiles/CMakeTmp/src.cxx
/src/app/find-object/dependencies/primarysources/cppcms/build/CMakeFiles/CMakeTmp/src.cxx: In function 'int main()':
/src/app/find-object/dependencies/primarysources/cppcms/build/CMakeFiles/CMakeTmp/src.cxx:2:21: warning: unused variable 'x' [-Wunused-variable]
  int main(){int32_t x; int64_t y; return 0; }
                     ^
/src/app/find-object/dependencies/primarysources/cppcms/build/CMakeFiles/CMakeTmp/src.cxx:2:32: warning: unused variable 'y' [-Wunused-variable]
  int main(){int32_t x; int64_t y; return 0; }
                                ^
Linking CXX executable cmTC_43cbe
/usr/bin/cmake -E cmake_link_script CMakeFiles/cmTC_43cbe.dir/link.txt --verbose=1
/usr/bin/c++    -Wall -Wextra -DCPPCMS_HAVE_STDINT_H    CMakeFiles/cmTC_43cbe.dir/src.cxx.o  -o cmTC_43cbe -rdynamic 
make[1]: Leaving directory `/src/app/find-object/dependencies/primarysources/cppcms/build/CMakeFiles/CMakeTmp'

Source file was:
#include <stdint.h> 
	int main(){int32_t x; int64_t y; return 0; }
Performing C++ SOURCE FILE Test CPPCMS_HAVE_INTTYPES_H succeded with the following output:
Change Dir: /src/app/find-object/dependencies/primarysources/cppcms/build/CMakeFiles/CMakeTmp

Run Build Command:"/usr/bin/make" "cmTC_06798/fast"
/usr/bin/make -f CMakeFiles/cmTC_06798.dir/build.make CMakeFiles/cmTC_06798.dir/build
make[1]: Entering directory `/src/app/find-object/dependencies/primarysources/cppcms/build/CMakeFiles/CMakeTmp'
Building CXX object CMakeFiles/cmTC_06798.dir/src.cxx.o
/usr/bin/c++     -Wall -Wextra -DCPPCMS_HAVE_INTTYPES_H   -o CMakeFiles/cmTC_06798.dir/src.cxx.o -c /src/app/find-object/dependencies/primarysources/cppcms/build/CMakeFiles/CMakeTmp/src.cxx
/src/app/find-object/dependencies/primarysources/cppcms/build/CMakeFiles/CMakeTmp/src.cxx: In function 'int main()':
/src/app/find-object/dependencies/primarysources/cppcms/build/CMakeFiles/CMakeTmp/src.cxx:2:21: warning: unused variable 'x' [-Wunused-variable]
  int main(){int32_t x; int64_t y; return 0; }
                     ^
/src/app/find-object/dependencies/primarysources/cppcms/build/CMakeFiles/CMakeTmp/src.cxx:2:32: warning: unused variable 'y' [-Wunused-variable]
  int main(){int32_t x; int64_t y; return 0; }
                                ^
Linking CXX executable cmTC_06798
/usr/bin/cmake -E cmake_link_script CMakeFiles/cmTC_06798.dir/link.txt --verbose=1
/usr/bin/c++    -Wall -Wextra -DCPPCMS_HAVE_INTTYPES_H    CMakeFiles/cmTC_06798.dir/src.cxx.o  -o cmTC_06798 -rdynamic 
make[1]: Leaving directory `/src/app/find-object/dependencies/primarysources/cppcms/build/CMakeFiles/CMakeTmp'

Source file was:
#include <inttypes.h> 
	int main(){int32_t x; int64_t y; return 0; }
Determining if the function atoll exists passed with the following output:
Change Dir: /src/app/find-object/dependencies/primarysources/cppcms/build/CMakeFiles/CMakeTmp

Run Build Command:"/usr/bin/make" "cmTC_46cf1/fast"
/usr/bin/make -f CMakeFiles/cmTC_46cf1.dir/build.make CMakeFiles/cmTC_46cf1.dir/build
make[1]: Entering directory `/src/app/find-object/dependencies/primarysources/cppcms/build/CMakeFiles/CMakeTmp'
Building C object CMakeFiles/cmTC_46cf1.dir/CheckFunctionExists.c.o
/usr/bin/cc    -DCHECK_FUNCTION_EXISTS=atoll   -o CMakeFiles/cmTC_46cf1.dir/CheckFunctionExists.c.o   -c /usr/share/cmake-3.4/Modules/CheckFunctionExists.c
Linking C executable cmTC_46cf1
/usr/bin/cmake -E cmake_link_script CMakeFiles/cmTC_46cf1.dir/link.txt --verbose=1
/usr/bin/cc   -DCHECK_FUNCTION_EXISTS=atoll    CMakeFiles/cmTC_46cf1.dir/CheckFunctionExists.c.o  -o cmTC_46cf1 -rdynamic 
make[1]: Leaving directory `/src/app/find-object/dependencies/primarysources/cppcms/build/CMakeFiles/CMakeTmp'


Determining if the function snprintf exists passed with the following output:
Change Dir: /src/app/find-object/dependencies/primarysources/cppcms/build/CMakeFiles/CMakeTmp

Run Build Command:"/usr/bin/make" "cmTC_76756/fast"
/usr/bin/make -f CMakeFiles/cmTC_76756.dir/build.make CMakeFiles/cmTC_76756.dir/build
make[1]: Entering directory `/src/app/find-object/dependencies/primarysources/cppcms/build/CMakeFiles/CMakeTmp'
Building C object CMakeFiles/cmTC_76756.dir/CheckFunctionExists.c.o
/usr/bin/cc    -DCHECK_FUNCTION_EXISTS=snprintf   -o CMakeFiles/cmTC_76756.dir/CheckFunctionExists.c.o   -c /usr/share/cmake-3.4/Modules/CheckFunctionExists.c
<command-line>:0:23: warning: conflicting types for built-in function 'snprintf' [enabled by default]
/usr/share/cmake-3.4/Modules/CheckFunctionExists.c:6:6: note: in expansion of macro 'CHECK_FUNCTION_EXISTS'
 char CHECK_FUNCTION_EXISTS();
      ^
Linking C executable cmTC_76756
/usr/bin/cmake -E cmake_link_script CMakeFiles/cmTC_76756.dir/link.txt --verbose=1
/usr/bin/cc   -DCHECK_FUNCTION_EXISTS=snprintf    CMakeFiles/cmTC_76756.dir/CheckFunctionExists.c.o  -o cmTC_76756 -rdynamic 
make[1]: Leaving directory `/src/app/find-object/dependencies/primarysources/cppcms/build/CMakeFiles/CMakeTmp'


Determining if the function stat exists passed with the following output:
Change Dir: /src/app/find-object/dependencies/primarysources/cppcms/build/CMakeFiles/CMakeTmp

Run Build Command:"/usr/bin/make" "cmTC_e9092/fast"
/usr/bin/make -f CMakeFiles/cmTC_e9092.dir/build.make CMakeFiles/cmTC_e9092.dir/build
make[1]: Entering directory `/src/app/find-object/dependencies/primarysources/cppcms/build/CMakeFiles/CMakeTmp'
Building C object CMakeFiles/cmTC_e9092.dir/CheckFunctionExists.c.o
/usr/bin/cc    -DCHECK_FUNCTION_EXISTS=stat   -o CMakeFiles/cmTC_e9092.dir/CheckFunctionExists.c.o   -c /usr/share/cmake-3.4/Modules/CheckFunctionExists.c
Linking C executable cmTC_e9092
/usr/bin/cmake -E cmake_link_script CMakeFiles/cmTC_e9092.dir/link.txt --verbose=1
/usr/bin/cc   -DCHECK_FUNCTION_EXISTS=stat    CMakeFiles/cmTC_e9092.dir/CheckFunctionExists.c.o  -o cmTC_e9092 -rdynamic 
make[1]: Leaving directory `/src/app/find-object/dependencies/primarysources/cppcms/build/CMakeFiles/CMakeTmp'


Performing C++ SOURCE FILE Test CPPCMS_HAVE_STD_WSTRING succeded with the following output:
Change Dir: /src/app/find-object/dependencies/primarysources/cppcms/build/CMakeFiles/CMakeTmp

Run Build Command:"/usr/bin/make" "cmTC_085ea/fast"
/usr/bin/make -f CMakeFiles/cmTC_085ea.dir/build.make CMakeFiles/cmTC_085ea.dir/build
make[1]: Entering directory `/src/app/find-object/dependencies/primarysources/cppcms/build/CMakeFiles/CMakeTmp'
Building CXX object CMakeFiles/cmTC_085ea.dir/src.cxx.o
/usr/bin/c++     -Wall -Wextra -DCPPCMS_HAVE_STD_WSTRING   -o CMakeFiles/cmTC_085ea.dir/src.cxx.o -c /src/app/find-object/dependencies/primarysources/cppcms/build/CMakeFiles/CMakeTmp/src.cxx
Linking CXX executable cmTC_085ea
/usr/bin/cmake -E cmake_link_script CMakeFiles/cmTC_085ea.dir/link.txt --verbose=1
/usr/bin/c++    -Wall -Wextra -DCPPCMS_HAVE_STD_WSTRING    CMakeFiles/cmTC_085ea.dir/src.cxx.o  -o cmTC_085ea -rdynamic 
make[1]: Leaving directory `/src/app/find-object/dependencies/primarysources/cppcms/build/CMakeFiles/CMakeTmp'

Source file was:
#include <string> 
	int main() { std::wstring s; }
Performing C++ SOURCE FILE Test CPPCMS_HAVE_BSD_TM succeded with the following output:
Change Dir: /src/app/find-object/dependencies/primarysources/cppcms/build/CMakeFiles/CMakeTmp

Run Build Command:"/usr/bin/make" "cmTC_9642b/fast"
/usr/bin/make -f CMakeFiles/cmTC_9642b.dir/build.make CMakeFiles/cmTC_9642b.dir/build
make[1]: Entering directory `/src/app/find-object/dependencies/primarysources/cppcms/build/CMakeFiles/CMakeTmp'
Building CXX object CMakeFiles/cmTC_9642b.dir/src.cxx.o
/usr/bin/c++     -Wall -Wextra -DCPPCMS_HAVE_BSD_TM   -o CMakeFiles/cmTC_9642b.dir/src.cxx.o -c /src/app/find-object/dependencies/primarysources/cppcms/build/CMakeFiles/CMakeTmp/src.cxx
/src/app/find-object/dependencies/primarysources/cppcms/build/CMakeFiles/CMakeTmp/src.cxx: In function 'int main()':
/src/app/find-object/dependencies/primarysources/cppcms/build/CMakeFiles/CMakeTmp/src.cxx:2:40: warning: unused variable 'p' [-Wunused-variable]
  int main() { struct tm t; char const *p=t.tm_zone; long o=t.tm_gmtoff; }
                                        ^
/src/app/find-object/dependencies/primarysources/cppcms/build/CMakeFiles/CMakeTmp/src.cxx:2:58: warning: unused variable 'o' [-Wunused-variable]
  int main() { struct tm t; char const *p=t.tm_zone; long o=t.tm_gmtoff; }
                                                          ^
Linking CXX executable cmTC_9642b
/usr/bin/cmake -E cmake_link_script CMakeFiles/cmTC_9642b.dir/link.txt --verbose=1
/usr/bin/c++    -Wall -Wextra -DCPPCMS_HAVE_BSD_TM    CMakeFiles/cmTC_9642b.dir/src.cxx.o  -o cmTC_9642b -rdynamic 
make[1]: Leaving directory `/src/app/find-object/dependencies/primarysources/cppcms/build/CMakeFiles/CMakeTmp'

Source file was:
#include <time.h> 
	int main() { struct tm t; char const *p=t.tm_zone; long o=t.tm_gmtoff; }
Performing C++ SOURCE FILE Test CPPCMS_HAVE_GCC_TYPEOF succeded with the following output:
Change Dir: /src/app/find-object/dependencies/primarysources/cppcms/build/CMakeFiles/CMakeTmp

Run Build Command:"/usr/bin/make" "cmTC_bf918/fast"
/usr/bin/make -f CMakeFiles/cmTC_bf918.dir/build.make CMakeFiles/cmTC_bf918.dir/build
make[1]: Entering directory `/src/app/find-object/dependencies/primarysources/cppcms/build/CMakeFiles/CMakeTmp'
Building CXX object CMakeFiles/cmTC_bf918.dir/src.cxx.o
/usr/bin/c++     -Wall -Wextra -DCPPCMS_HAVE_GCC_TYPEOF   -o CMakeFiles/cmTC_bf918.dir/src.cxx.o -c /src/app/find-object/dependencies/primarysources/cppcms/build/CMakeFiles/CMakeTmp/src.cxx
Linking CXX executable cmTC_bf918
/usr/bin/cmake -E cmake_link_script CMakeFiles/cmTC_bf918.dir/link.txt --verbose=1
/usr/bin/c++    -Wall -Wextra -DCPPCMS_HAVE_GCC_TYPEOF    CMakeFiles/cmTC_bf918.dir/src.cxx.o  -o cmTC_bf918 -rdynamic 
make[1]: Leaving directory `/src/app/find-object/dependencies/primarysources/cppcms/build/CMakeFiles/CMakeTmp'

Source file was:
#include <list> 
	int main(){std::list<int> l; typeof(l.begin()) p=l.begin();}
Performing C++ SOURCE FILE Test CPPCMS_HAVE_UNDERSCORE_TYPEOF succeded with the following output:
Change Dir: /src/app/find-object/dependencies/primarysources/cppcms/build/CMakeFiles/CMakeTmp

Run Build Command:"/usr/bin/make" "cmTC_4bbfe/fast"
/usr/bin/make -f CMakeFiles/cmTC_4bbfe.dir/build.make CMakeFiles/cmTC_4bbfe.dir/build
make[1]: Entering directory `/src/app/find-object/dependencies/primarysources/cppcms/build/CMakeFiles/CMakeTmp'
Building CXX object CMakeFiles/cmTC_4bbfe.dir/src.cxx.o
/usr/bin/c++     -Wall -Wextra -DCPPCMS_HAVE_UNDERSCORE_TYPEOF   -o CMakeFiles/cmTC_4bbfe.dir/src.cxx.o -c /src/app/find-object/dependencies/primarysources/cppcms/build/CMakeFiles/CMakeTmp/src.cxx
Linking CXX executable cmTC_4bbfe
/usr/bin/cmake -E cmake_link_script CMakeFiles/cmTC_4bbfe.dir/link.txt --verbose=1
/usr/bin/c++    -Wall -Wextra -DCPPCMS_HAVE_UNDERSCORE_TYPEOF    CMakeFiles/cmTC_4bbfe.dir/src.cxx.o  -o cmTC_4bbfe -rdynamic 
make[1]: Leaving directory `/src/app/find-object/dependencies/primarysources/cppcms/build/CMakeFiles/CMakeTmp'

Source file was:
#include <list> 
	int main(){std::list<int> l; __typeof__(l.begin()) p=l.begin();}
Determining if the function dlopen exists in the dl passed with the following output:
Change Dir: /src/app/find-object/dependencies/primarysources/cppcms/build/CMakeFiles/CMakeTmp

Run Build Command:"/usr/bin/make" "cmTC_58fcf/fast"
/usr/bin/make -f CMakeFiles/cmTC_58fcf.dir/build.make CMakeFiles/cmTC_58fcf.dir/build
make[1]: Entering directory `/src/app/find-object/dependencies/primarysources/cppcms/build/CMakeFiles/CMakeTmp'
Building C object CMakeFiles/cmTC_58fcf.dir/CheckFunctionExists.c.o
/usr/bin/cc    -DCHECK_FUNCTION_EXISTS=dlopen   -o CMakeFiles/cmTC_58fcf.dir/CheckFunctionExists.c.o   -c /usr/share/cmake-3.4/Modules/CheckFunctionExists.c
Linking C executable cmTC_58fcf
/usr/bin/cmake -E cmake_link_script CMakeFiles/cmTC_58fcf.dir/link.txt --verbose=1
/usr/bin/cc   -DCHECK_FUNCTION_EXISTS=dlopen    CMakeFiles/cmTC_58fcf.dir/CheckFunctionExists.c.o  -o cmTC_58fcf -rdynamic -ldl 
make[1]: Leaving directory `/src/app/find-object/dependencies/primarysources/cppcms/build/CMakeFiles/CMakeTmp'


Determining if the function socket exists passed with the following output:
Change Dir: /src/app/find-object/dependencies/primarysources/cppcms/build/CMakeFiles/CMakeTmp

Run Build Command:"/usr/bin/make" "cmTC_57550/fast"
/usr/bin/make -f CMakeFiles/cmTC_57550.dir/build.make CMakeFiles/cmTC_57550.dir/build
make[1]: Entering directory `/src/app/find-object/dependencies/primarysources/cppcms/build/CMakeFiles/CMakeTmp'
Building C object CMakeFiles/cmTC_57550.dir/CheckFunctionExists.c.o
/usr/bin/cc    -DCHECK_FUNCTION_EXISTS=socket   -o CMakeFiles/cmTC_57550.dir/CheckFunctionExists.c.o   -c /usr/share/cmake-3.4/Modules/CheckFunctionExists.c
Linking C executable cmTC_57550
/usr/bin/cmake -E cmake_link_script CMakeFiles/cmTC_57550.dir/link.txt --verbose=1
/usr/bin/cc   -DCHECK_FUNCTION_EXISTS=socket    CMakeFiles/cmTC_57550.dir/CheckFunctionExists.c.o  -o cmTC_57550 -rdynamic 
make[1]: Leaving directory `/src/app/find-object/dependencies/primarysources/cppcms/build/CMakeFiles/CMakeTmp'


Determining if the function gethostbyname exists passed with the following output:
Change Dir: /src/app/find-object/dependencies/primarysources/cppcms/build/CMakeFiles/CMakeTmp

Run Build Command:"/usr/bin/make" "cmTC_294ff/fast"
/usr/bin/make -f CMakeFiles/cmTC_294ff.dir/build.make CMakeFiles/cmTC_294ff.dir/build
make[1]: Entering directory `/src/app/find-object/dependencies/primarysources/cppcms/build/CMakeFiles/CMakeTmp'
Building C object CMakeFiles/cmTC_294ff.dir/CheckFunctionExists.c.o
/usr/bin/cc    -DCHECK_FUNCTION_EXISTS=gethostbyname   -o CMakeFiles/cmTC_294ff.dir/CheckFunctionExists.c.o   -c /usr/share/cmake-3.4/Modules/CheckFunctionExists.c
Linking C executable cmTC_294ff
/usr/bin/cmake -E cmake_link_script CMakeFiles/cmTC_294ff.dir/link.txt --verbose=1
/usr/bin/cc   -DCHECK_FUNCTION_EXISTS=gethostbyname    CMakeFiles/cmTC_294ff.dir/CheckFunctionExists.c.o  -o cmTC_294ff -rdynamic 
make[1]: Leaving directory `/src/app/find-object/dependencies/primarysources/cppcms/build/CMakeFiles/CMakeTmp'


Determining if the function canonicalize_file_name exists passed with the following output:
Change Dir: /src/app/find-object/dependencies/primarysources/cppcms/build/CMakeFiles/CMakeTmp

Run Build Command:"/usr/bin/make" "cmTC_a9079/fast"
/usr/bin/make -f CMakeFiles/cmTC_a9079.dir/build.make CMakeFiles/cmTC_a9079.dir/build
make[1]: Entering directory `/src/app/find-object/dependencies/primarysources/cppcms/build/CMakeFiles/CMakeTmp'
Building C object CMakeFiles/cmTC_a9079.dir/CheckFunctionExists.c.o
/usr/bin/cc    -DCHECK_FUNCTION_EXISTS=canonicalize_file_name   -o CMakeFiles/cmTC_a9079.dir/CheckFunctionExists.c.o   -c /usr/share/cmake-3.4/Modules/CheckFunctionExists.c
Linking C executable cmTC_a9079
/usr/bin/cmake -E cmake_link_script CMakeFiles/cmTC_a9079.dir/link.txt --verbose=1
/usr/bin/cc   -DCHECK_FUNCTION_EXISTS=canonicalize_file_name    CMakeFiles/cmTC_a9079.dir/CheckFunctionExists.c.o  -o cmTC_a9079 -rdynamic 
make[1]: Leaving directory `/src/app/find-object/dependencies/primarysources/cppcms/build/CMakeFiles/CMakeTmp'


