Determining if the pthread_create exist failed with the following output:
Change Dir: /src/app/find-object/dependencies/primarysources/backend/build/CMakeFiles/CMakeTmp

Run Build Command:"/usr/bin/make" "cmTC_a198c/fast"
/usr/bin/make -f CMakeFiles/cmTC_a198c.dir/build.make CMakeFiles/cmTC_a198c.dir/build
make[1]: Entering directory `/src/app/find-object/dependencies/primarysources/backend/build/CMakeFiles/CMakeTmp'
Building C object CMakeFiles/cmTC_a198c.dir/CheckSymbolExists.c.o
/usr/bin/cc     -o CMakeFiles/cmTC_a198c.dir/CheckSymbolExists.c.o   -c /src/app/find-object/dependencies/primarysources/backend/build/CMakeFiles/CMakeTmp/CheckSymbolExists.c
Linking C executable cmTC_a198c
/usr/bin/cmake -E cmake_link_script CMakeFiles/cmTC_a198c.dir/link.txt --verbose=1
/usr/bin/cc       CMakeFiles/cmTC_a198c.dir/CheckSymbolExists.c.o  -o cmTC_a198c -rdynamic 
CMakeFiles/cmTC_a198c.dir/CheckSymbolExists.c.o: In function `main':
CheckSymbolExists.c:(.text+0x16): undefined reference to `pthread_create'
collect2: error: ld returned 1 exit status
make[1]: *** [cmTC_a198c] Error 1
make[1]: Leaving directory `/src/app/find-object/dependencies/primarysources/backend/build/CMakeFiles/CMakeTmp'
make: *** [cmTC_a198c/fast] Error 2

File /src/app/find-object/dependencies/primarysources/backend/build/CMakeFiles/CMakeTmp/CheckSymbolExists.c:
/* */
#include <pthread.h>

int main(int argc, char** argv)
{
  (void)argv;
#ifndef pthread_create
  return ((int*)(&pthread_create))[argc];
#else
  (void)argc;
  return 0;
#endif
}

Determining if the function pthread_create exists in the pthreads failed with the following output:
Change Dir: /src/app/find-object/dependencies/primarysources/backend/build/CMakeFiles/CMakeTmp

Run Build Command:"/usr/bin/make" "cmTC_16787/fast"
/usr/bin/make -f CMakeFiles/cmTC_16787.dir/build.make CMakeFiles/cmTC_16787.dir/build
make[1]: Entering directory `/src/app/find-object/dependencies/primarysources/backend/build/CMakeFiles/CMakeTmp'
Building C object CMakeFiles/cmTC_16787.dir/CheckFunctionExists.c.o
/usr/bin/cc    -DCHECK_FUNCTION_EXISTS=pthread_create   -o CMakeFiles/cmTC_16787.dir/CheckFunctionExists.c.o   -c /usr/share/cmake-3.4/Modules/CheckFunctionExists.c
Linking C executable cmTC_16787
/usr/bin/cmake -E cmake_link_script CMakeFiles/cmTC_16787.dir/link.txt --verbose=1
/usr/bin/cc   -DCHECK_FUNCTION_EXISTS=pthread_create    CMakeFiles/cmTC_16787.dir/CheckFunctionExists.c.o  -o cmTC_16787 -rdynamic -lpthreads 
/usr/bin/ld: cannot find -lpthreads
collect2: error: ld returned 1 exit status
make[1]: Leaving directory `/src/app/find-object/dependencies/primarysources/backend/build/CMakeFiles/CMakeTmp'
make[1]: *** [cmTC_16787] Error 1
make: *** [cmTC_16787/fast] Error 2


