This file contains any messages produced by compilers while
running configure, to aid debugging if configure makes a mistake.

It was created by libressl configure 2.2.4, which was
generated by GNU Autoconf 2.69.  Invocation command line was

  $ ./configure --prefix=/src/app/find-object/dependencies/h2o/build/libressl-build --libdir=/src/app/find-object/dependencies/h2o/build/libressl-build/lib --disable-shared

## --------- ##
## Platform. ##
## --------- ##

hostname = 1bed67c229f5
uname -m = x86_64
uname -r = 4.2.2-coreos
uname -s = Linux
uname -v = #2 SMP Fri Oct 16 04:19:33 UTC 2015

/usr/bin/uname -p = unknown
/bin/uname -X     = unknown

/bin/arch              = unknown
/usr/bin/arch -k       = unknown
/usr/convex/getsysinfo = unknown
/usr/bin/hostinfo      = unknown
/bin/machine           = unknown
/usr/bin/oslevel       = unknown
/bin/universe          = unknown

PATH: /usr/local/sbin
PATH: /usr/local/bin
PATH: /usr/sbin
PATH: /usr/bin
PATH: /sbin
PATH: /bin
PATH: /root/go/bin
PATH: /usr/local/go/bin


## ----------- ##
## Core tests. ##
## ----------- ##

configure:2327: checking build system type
configure:2341: result: x86_64-unknown-linux-gnu
configure:2361: checking host system type
configure:2374: result: x86_64-unknown-linux-gnu
configure:2410: checking for a BSD-compatible install
configure:2478: result: /usr/bin/install -c
configure:2489: checking whether build environment is sane
configure:2544: result: yes
configure:2695: checking for a thread-safe mkdir -p
configure:2734: result: /bin/mkdir -p
configure:2741: checking for gawk
configure:2771: result: no
configure:2741: checking for mawk
configure:2757: found /usr/bin/mawk
configure:2768: result: mawk
configure:2779: checking whether make sets $(MAKE)
configure:2801: result: yes
configure:2830: checking whether make supports nested variables
configure:2847: result: yes
configure:2986: checking whether make supports nested variables
configure:3003: result: yes
configure:3066: checking for gcc
configure:3082: found /usr/bin/gcc
configure:3093: result: gcc
configure:3322: checking for C compiler version
configure:3331: gcc --version >&5
gcc (Ubuntu 4.8.4-2ubuntu1~14.04) 4.8.4
Copyright (C) 2013 Free Software Foundation, Inc.
This is free software; see the source for copying conditions.  There is NO
warranty; not even for MERCHANTABILITY or FITNESS FOR A PARTICULAR PURPOSE.

configure:3342: $? = 0
configure:3331: gcc -v >&5
Using built-in specs.
COLLECT_GCC=gcc
COLLECT_LTO_WRAPPER=/usr/lib/gcc/x86_64-linux-gnu/4.8/lto-wrapper
Target: x86_64-linux-gnu
Configured with: ../src/configure -v --with-pkgversion='Ubuntu 4.8.4-2ubuntu1~14.04' --with-bugurl=file:///usr/share/doc/gcc-4.8/README.Bugs --enable-languages=c,c++,java,go,d,fortran,objc,obj-c++ --prefix=/usr --program-suffix=-4.8 --enable-shared --enable-linker-build-id --libexecdir=/usr/lib --without-included-gettext --enable-threads=posix --with-gxx-include-dir=/usr/include/c++/4.8 --libdir=/usr/lib --enable-nls --with-sysroot=/ --enable-clocale=gnu --enable-libstdcxx-debug --enable-libstdcxx-time=yes --enable-gnu-unique-object --disable-libmudflap --enable-plugin --with-system-zlib --disable-browser-plugin --enable-java-awt=gtk --enable-gtk-cairo --with-java-home=/usr/lib/jvm/java-1.5.0-gcj-4.8-amd64/jre --enable-java-home --with-jvm-root-dir=/usr/lib/jvm/java-1.5.0-gcj-4.8-amd64 --with-jvm-jar-dir=/usr/lib/jvm-exports/java-1.5.0-gcj-4.8-amd64 --with-arch-directory=amd64 --with-ecj-jar=/usr/share/java/eclipse-ecj.jar --enable-objc-gc --enable-multiarch --disable-werror --with-arch-32=i686 --with-abi=m64 --with-multilib-list=m32,m64,mx32 --with-tune=generic --enable-checking=release --build=x86_64-linux-gnu --host=x86_64-linux-gnu --target=x86_64-linux-gnu
Thread model: posix
gcc version 4.8.4 (Ubuntu 4.8.4-2ubuntu1~14.04) 
configure:3342: $? = 0
configure:3331: gcc -V >&5
gcc: error: unrecognized command line option '-V'
gcc: fatal error: no input files
compilation terminated.
configure:3342: $? = 4
configure:3331: gcc -qversion >&5
gcc: error: unrecognized command line option '-qversion'
gcc: fatal error: no input files
compilation terminated.
configure:3342: $? = 4
configure:3362: checking whether the C compiler works
configure:3384: gcc    conftest.c  >&5
configure:3388: $? = 0
configure:3436: result: yes
configure:3439: checking for C compiler default output file name
configure:3441: result: a.out
configure:3447: checking for suffix of executables
configure:3454: gcc -o conftest    conftest.c  >&5
configure:3458: $? = 0
configure:3480: result: 
configure:3502: checking whether we are cross compiling
configure:3510: gcc -o conftest    conftest.c  >&5
configure:3514: $? = 0
configure:3521: ./conftest
configure:3525: $? = 0
configure:3540: result: no
configure:3545: checking for suffix of object files
configure:3567: gcc -c   conftest.c >&5
configure:3571: $? = 0
configure:3592: result: o
configure:3596: checking whether we are using the GNU C compiler
configure:3615: gcc -c   conftest.c >&5
configure:3615: $? = 0
configure:3624: result: yes
configure:3633: checking whether gcc accepts -g
configure:3653: gcc -c -g  conftest.c >&5
configure:3653: $? = 0
configure:3694: result: yes
configure:3711: checking for gcc option to accept ISO C89
configure:3774: gcc  -c -g -O2  conftest.c >&5
configure:3774: $? = 0
configure:3787: result: none needed
configure:3812: checking whether gcc understands -c and -o together
configure:3834: gcc -c conftest.c -o conftest2.o
configure:3837: $? = 0
configure:3834: gcc -c conftest.c -o conftest2.o
configure:3837: $? = 0
configure:3849: result: yes
configure:3877: checking for style of include used by make
configure:3905: result: GNU
configure:3931: checking dependency style of gcc
configure:4042: result: gcc3
configure:4061: checking for gcc option to accept ISO C99
configure:4210: gcc  -c -g -O2  conftest.c >&5
conftest.c:61:29: error: expected ';', ',' or ')' before 'text'
 test_restrict (ccp restrict text)
                             ^
conftest.c: In function 'main':
conftest.c:115:18: error: expected '=', ',', ';', 'asm' or '__attribute__' before 'newvar'
   char *restrict newvar = "Another string";
                  ^
conftest.c:115:18: error: 'newvar' undeclared (first use in this function)
conftest.c:115:18: note: each undeclared identifier is reported only once for each function it appears in
conftest.c:125:3: error: 'for' loop initial declarations are only allowed in C99 mode
   for (int i = 0; i < ia->datasize; ++i)
   ^
conftest.c:125:3: note: use option -std=c99 or -std=gnu99 to compile your code
configure:4210: $? = 1
configure: failed program was:
| /* confdefs.h */
| #define PACKAGE_NAME "libressl"
| #define PACKAGE_TARNAME "libressl"
| #define PACKAGE_VERSION "2.2.4"
| #define PACKAGE_STRING "libressl 2.2.4"
| #define PACKAGE_BUGREPORT ""
| #define PACKAGE_URL ""
| #define PACKAGE "libressl"
| #define VERSION "2.2.4"
| /* end confdefs.h.  */
| #include <stdarg.h>
| #include <stdbool.h>
| #include <stdlib.h>
| #include <wchar.h>
| #include <stdio.h>
| 
| // Check varargs macros.  These examples are taken from C99 6.10.3.5.
| #define debug(...) fprintf (stderr, __VA_ARGS__)
| #define showlist(...) puts (#__VA_ARGS__)
| #define report(test,...) ((test) ? puts (#test) : printf (__VA_ARGS__))
| static void
| test_varargs_macros (void)
| {
|   int x = 1234;
|   int y = 5678;
|   debug ("Flag");
|   debug ("X = %d\n", x);
|   showlist (The first, second, and third items.);
|   report (x>y, "x is %d but y is %d", x, y);
| }
| 
| // Check long long types.
| #define BIG64 18446744073709551615ull
| #define BIG32 4294967295ul
| #define BIG_OK (BIG64 / BIG32 == 4294967297ull && BIG64 % BIG32 == 0)
| #if !BIG_OK
|   your preprocessor is broken;
| #endif
| #if BIG_OK
| #else
|   your preprocessor is broken;
| #endif
| static long long int bignum = -9223372036854775807LL;
| static unsigned long long int ubignum = BIG64;
| 
| struct incomplete_array
| {
|   int datasize;
|   double data[];
| };
| 
| struct named_init {
|   int number;
|   const wchar_t *name;
|   double average;
| };
| 
| typedef const char *ccp;
| 
| static inline int
| test_restrict (ccp restrict text)
| {
|   // See if C++-style comments work.
|   // Iterate through items via the restricted pointer.
|   // Also check for declarations in for loops.
|   for (unsigned int i = 0; *(text+i) != '\0'; ++i)
|     continue;
|   return 0;
| }
| 
| // Check varargs and va_copy.
| static void
| test_varargs (const char *format, ...)
| {
|   va_list args;
|   va_start (args, format);
|   va_list args_copy;
|   va_copy (args_copy, args);
| 
|   const char *str;
|   int number;
|   float fnumber;
| 
|   while (*format)
|     {
|       switch (*format++)
| 	{
| 	case 's': // string
| 	  str = va_arg (args_copy, const char *);
| 	  break;
| 	case 'd': // int
| 	  number = va_arg (args_copy, int);
| 	  break;
| 	case 'f': // float
| 	  fnumber = va_arg (args_copy, double);
| 	  break;
| 	default:
| 	  break;
| 	}
|     }
|   va_end (args_copy);
|   va_end (args);
| }
| 
| int
| main ()
| {
| 
|   // Check bool.
|   _Bool success = false;
| 
|   // Check restrict.
|   if (test_restrict ("String literal") == 0)
|     success = true;
|   char *restrict newvar = "Another string";
| 
|   // Check varargs.
|   test_varargs ("s, d' f .", "string", 65, 34.234);
|   test_varargs_macros ();
| 
|   // Check flexible array members.
|   struct incomplete_array *ia =
|     malloc (sizeof (struct incomplete_array) + (sizeof (double) * 10));
|   ia->datasize = 10;
|   for (int i = 0; i < ia->datasize; ++i)
|     ia->data[i] = i * 1.234;
| 
|   // Check named initializers.
|   struct named_init ni = {
|     .number = 34,
|     .name = L"Test wide string",
|     .average = 543.34343,
|   };
| 
|   ni.number = 58;
| 
|   int dynamic_array[ni.number];
|   dynamic_array[ni.number - 1] = 543;
| 
|   // work around unused variable warnings
|   return (!success || bignum == 0LL || ubignum == 0uLL || newvar[0] == 'x'
| 	  || dynamic_array[ni.number - 1] != 543);
| 
|   ;
|   return 0;
| }
configure:4210: gcc -std=gnu99 -c -g -O2  conftest.c >&5
configure:4210: $? = 0
configure:4230: result: -std=gnu99
configure:4331: checking for gcc -std=gnu99 option to accept ISO Standard C
configure:4345: result: -std=gnu99
configure:4396: checking how to print strings
configure:4423: result: printf
configure:4444: checking for a sed that does not truncate output
configure:4508: result: /bin/sed
configure:4526: checking for grep that handles long lines and -e
configure:4584: result: /bin/grep
configure:4589: checking for egrep
configure:4651: result: /bin/grep -E
configure:4656: checking for fgrep
configure:4718: result: /bin/grep -F
configure:4753: checking for ld used by gcc -std=gnu99
configure:4820: result: /usr/bin/ld
configure:4827: checking if the linker (/usr/bin/ld) is GNU ld
configure:4842: result: yes
configure:4854: checking for BSD- or MS-compatible name lister (nm)
configure:4903: result: /usr/bin/nm -B
configure:5033: checking the name lister (/usr/bin/nm -B) interface
configure:5040: gcc -std=gnu99 -c -g -O2  conftest.c >&5
configure:5043: /usr/bin/nm -B "conftest.o"
configure:5046: output
0000000000000000 B some_variable
configure:5053: result: BSD nm
configure:5056: checking whether ln -s works
configure:5060: result: yes
configure:5068: checking the maximum length of command line arguments
configure:5198: result: 3458764513820540925
configure:5215: checking whether the shell understands some XSI constructs
configure:5225: result: yes
configure:5229: checking whether the shell understands "+="
configure:5235: result: yes
configure:5270: checking how to convert x86_64-unknown-linux-gnu file names to x86_64-unknown-linux-gnu format
configure:5310: result: func_convert_file_noop
configure:5317: checking how to convert x86_64-unknown-linux-gnu file names to toolchain format
configure:5337: result: func_convert_file_noop
configure:5344: checking for /usr/bin/ld option to reload object files
configure:5351: result: -r
configure:5425: checking for objdump
configure:5441: found /usr/bin/objdump
configure:5452: result: objdump
configure:5484: checking how to recognize dependent libraries
configure:5686: result: pass_all
configure:5771: checking for dlltool
configure:5801: result: no
configure:5831: checking how to associate runtime and link libraries
configure:5858: result: printf %s\n
configure:5919: checking for ar
configure:5935: found /usr/bin/ar
configure:5946: result: ar
configure:5983: checking for archiver @FILE support
configure:6000: gcc -std=gnu99 -c -g -O2  conftest.c >&5
configure:6000: $? = 0
configure:6003: ar cru libconftest.a @conftest.lst >&5
configure:6006: $? = 0
configure:6011: ar cru libconftest.a @conftest.lst >&5
ar: conftest.o: No such file or directory
configure:6014: $? = 1
configure:6026: result: @
configure:6084: checking for strip
configure:6100: found /usr/bin/strip
configure:6111: result: strip
configure:6183: checking for ranlib
configure:6199: found /usr/bin/ranlib
configure:6210: result: ranlib
configure:6312: checking command to parse /usr/bin/nm -B output from gcc -std=gnu99 object
configure:6432: gcc -std=gnu99 -c -g -O2  conftest.c >&5
configure:6435: $? = 0
configure:6439: /usr/bin/nm -B conftest.o \| sed -n -e 's/^.*[ ]\([ABCDGIRSTW][ABCDGIRSTW]*\)[ ][ ]*\([_A-Za-z][_A-Za-z0-9]*\)$/\1 \2 \2/p' | sed '/ __gnu_lto/d' \> conftest.nm
configure:6442: $? = 0
configure:6508: gcc -std=gnu99 -o conftest -g -O2   conftest.c conftstm.o >&5
configure:6511: $? = 0
configure:6549: result: ok
configure:6586: checking for sysroot
configure:6616: result: no
configure:6693: gcc -std=gnu99 -c -g -O2  conftest.c >&5
configure:6696: $? = 0
configure:6872: checking for mt
configure:6888: found /bin/mt
configure:6899: result: mt
configure:6922: checking if mt is a manifest tool
configure:6928: mt '-?'
configure:6936: result: no
configure:7578: checking how to run the C preprocessor
configure:7609: gcc -std=gnu99 -E  conftest.c
configure:7609: $? = 0
configure:7623: gcc -std=gnu99 -E  conftest.c
conftest.c:11:28: fatal error: ac_nonexistent.h: No such file or directory
 #include <ac_nonexistent.h>
                            ^
compilation terminated.
configure:7623: $? = 1
configure: failed program was:
| /* confdefs.h */
| #define PACKAGE_NAME "libressl"
| #define PACKAGE_TARNAME "libressl"
| #define PACKAGE_VERSION "2.2.4"
| #define PACKAGE_STRING "libressl 2.2.4"
| #define PACKAGE_BUGREPORT ""
| #define PACKAGE_URL ""
| #define PACKAGE "libressl"
| #define VERSION "2.2.4"
| /* end confdefs.h.  */
| #include <ac_nonexistent.h>
configure:7648: result: gcc -std=gnu99 -E
configure:7668: gcc -std=gnu99 -E  conftest.c
configure:7668: $? = 0
configure:7682: gcc -std=gnu99 -E  conftest.c
conftest.c:11:28: fatal error: ac_nonexistent.h: No such file or directory
 #include <ac_nonexistent.h>
                            ^
compilation terminated.
configure:7682: $? = 1
configure: failed program was:
| /* confdefs.h */
| #define PACKAGE_NAME "libressl"
| #define PACKAGE_TARNAME "libressl"
| #define PACKAGE_VERSION "2.2.4"
| #define PACKAGE_STRING "libressl 2.2.4"
| #define PACKAGE_BUGREPORT ""
| #define PACKAGE_URL ""
| #define PACKAGE "libressl"
| #define VERSION "2.2.4"
| /* end confdefs.h.  */
| #include <ac_nonexistent.h>
configure:7711: checking for ANSI C header files
configure:7731: gcc -std=gnu99 -c -g -O2  conftest.c >&5
configure:7731: $? = 0
configure:7804: gcc -std=gnu99 -o conftest -g -O2   conftest.c  >&5
configure:7804: $? = 0
configure:7804: ./conftest
configure:7804: $? = 0
configure:7815: result: yes
configure:7828: checking for sys/types.h
configure:7828: gcc -std=gnu99 -c -g -O2  conftest.c >&5
configure:7828: $? = 0
configure:7828: result: yes
configure:7828: checking for sys/stat.h
configure:7828: gcc -std=gnu99 -c -g -O2  conftest.c >&5
configure:7828: $? = 0
configure:7828: result: yes
configure:7828: checking for stdlib.h
configure:7828: gcc -std=gnu99 -c -g -O2  conftest.c >&5
configure:7828: $? = 0
configure:7828: result: yes
configure:7828: checking for string.h
configure:7828: gcc -std=gnu99 -c -g -O2  conftest.c >&5
configure:7828: $? = 0
configure:7828: result: yes
configure:7828: checking for memory.h
configure:7828: gcc -std=gnu99 -c -g -O2  conftest.c >&5
configure:7828: $? = 0
configure:7828: result: yes
configure:7828: checking for strings.h
configure:7828: gcc -std=gnu99 -c -g -O2  conftest.c >&5
configure:7828: $? = 0
configure:7828: result: yes
configure:7828: checking for inttypes.h
configure:7828: gcc -std=gnu99 -c -g -O2  conftest.c >&5
configure:7828: $? = 0
configure:7828: result: yes
configure:7828: checking for stdint.h
configure:7828: gcc -std=gnu99 -c -g -O2  conftest.c >&5
configure:7828: $? = 0
configure:7828: result: yes
configure:7828: checking for unistd.h
configure:7828: gcc -std=gnu99 -c -g -O2  conftest.c >&5
configure:7828: $? = 0
configure:7828: result: yes
configure:7842: checking for dlfcn.h
configure:7842: gcc -std=gnu99 -c -g -O2  conftest.c >&5
configure:7842: $? = 0
configure:7842: result: yes
configure:8048: checking for objdir
configure:8063: result: .libs
configure:8334: checking if gcc -std=gnu99 supports -fno-rtti -fno-exceptions
configure:8352: gcc -std=gnu99 -c -g -O2  -fno-rtti -fno-exceptions conftest.c >&5
cc1: warning: command line option '-fno-rtti' is valid for C++/ObjC++ but not for C [enabled by default]
configure:8356: $? = 0
configure:8369: result: no
configure:8696: checking for gcc -std=gnu99 option to produce PIC
configure:8703: result: -fPIC -DPIC
configure:8711: checking if gcc -std=gnu99 PIC flag -fPIC -DPIC works
configure:8729: gcc -std=gnu99 -c -g -O2  -fPIC -DPIC -DPIC conftest.c >&5
configure:8733: $? = 0
configure:8746: result: yes
configure:8775: checking if gcc -std=gnu99 static flag -static works
configure:8803: result: yes
configure:8818: checking if gcc -std=gnu99 supports -c -o file.o
configure:8839: gcc -std=gnu99 -c -g -O2  -o out/conftest2.o conftest.c >&5
configure:8843: $? = 0
configure:8865: result: yes
configure:8873: checking if gcc -std=gnu99 supports -c -o file.o
configure:8920: result: yes
configure:8953: checking whether the gcc -std=gnu99 linker (/usr/bin/ld -m elf_x86_64) supports shared libraries
configure:10106: result: yes
configure:10346: checking dynamic linker characteristics
configure:10857: gcc -std=gnu99 -o conftest -g -O2   -Wl,-rpath -Wl,/foo conftest.c  >&5
configure:10857: $? = 0
configure:11079: result: GNU/Linux ld.so
configure:11186: checking how to hardcode library paths into programs
configure:11211: result: immediate
configure:11751: checking whether stripping libraries is possible
configure:11756: result: yes
configure:11791: checking if libtool supports shared libraries
configure:11793: result: yes
configure:11796: checking whether to build shared libraries
configure:11817: result: no
configure:11820: checking whether to build static libraries
configure:11824: result: yes
configure:12040: checking if gcc -std=gnu99 supports "-fno-strict-overflow"
configure:12057: ./scripts/wrap-compiler-for-flag-check gcc -std=gnu99 -o conftest -fno-strict-overflow -Wall -Werror  -D_DEFAULT_SOURCE -D_BSD_SOURCE -D_POSIX_SOURCE -D_GNU_SOURCE  conftest.c  >&5

configure:12057: $? = 0
configure:12058: result: yes
configure:12075: checking if gcc -std=gnu99 supports "-D_FORTIFY_SOURCE=2"
configure:12092: ./scripts/wrap-compiler-for-flag-check gcc -std=gnu99 -o conftest -D_FORTIFY_SOURCE=2 -Wall -Werror  -D_DEFAULT_SOURCE -D_BSD_SOURCE -D_POSIX_SOURCE -D_GNU_SOURCE  conftest.c  >&5

configure:12092: $? = 0
configure:12093: result: yes
configure:12110: checking if /usr/bin/ld -m elf_x86_64 supports "-Wl,-z,relro"
configure:12127: ./scripts/wrap-compiler-for-flag-check gcc -std=gnu99 -o conftest -g -O2 -Wall -std=gnu99 -fno-strict-aliasing  -D_DEFAULT_SOURCE -D_BSD_SOURCE -D_POSIX_SOURCE -D_GNU_SOURCE -Wl,-z,relro -Wall -Werror conftest.c  >&5

configure:12127: $? = 0
configure:12128: result: yes
configure:12143: checking if /usr/bin/ld -m elf_x86_64 supports "-Wl,-z,now"
configure:12160: ./scripts/wrap-compiler-for-flag-check gcc -std=gnu99 -o conftest -g -O2 -Wall -std=gnu99 -fno-strict-aliasing  -D_DEFAULT_SOURCE -D_BSD_SOURCE -D_POSIX_SOURCE -D_GNU_SOURCE -Wl,-z,now -Wall -Werror conftest.c  >&5

configure:12160: $? = 0
configure:12161: result: yes
configure:12286: checking if gcc -std=gnu99 supports "-fstack-protector-strong"
configure:12303: ./scripts/wrap-compiler-for-flag-check gcc -std=gnu99 -o conftest -fstack-protector-strong -Wall -Werror  -D_DEFAULT_SOURCE -D_BSD_SOURCE -D_POSIX_SOURCE -D_GNU_SOURCE  conftest.c  >&5
gcc: error: unrecognized command line option '-fstack-protector-strong'
configure:12303: $? = 1
configure: failed program was:
| /* confdefs.h */
| #define PACKAGE_NAME "libressl"
| #define PACKAGE_TARNAME "libressl"
| #define PACKAGE_VERSION "2.2.4"
| #define PACKAGE_STRING "libressl 2.2.4"
| #define PACKAGE_BUGREPORT ""
| #define PACKAGE_URL ""
| #define PACKAGE "libressl"
| #define VERSION "2.2.4"
| #define STDC_HEADERS 1
| #define HAVE_SYS_TYPES_H 1
| #define HAVE_SYS_STAT_H 1
| #define HAVE_STDLIB_H 1
| #define HAVE_STRING_H 1
| #define HAVE_MEMORY_H 1
| #define HAVE_STRINGS_H 1
| #define HAVE_INTTYPES_H 1
| #define HAVE_STDINT_H 1
| #define HAVE_UNISTD_H 1
| #define HAVE_DLFCN_H 1
| #define LT_OBJDIR ".libs/"
| /* end confdefs.h.  */
| 
| 		      #include <stdio.h>
| 
| int
| main ()
| {
| printf("Hello")
|   ;
|   return 0;
| }
configure:12309: result: no
configure:12314: checking if gcc -std=gnu99 supports "-fstack-protector-all"
configure:12331: ./scripts/wrap-compiler-for-flag-check gcc -std=gnu99 -o conftest -fstack-protector-all -Wall -Werror  -D_DEFAULT_SOURCE -D_BSD_SOURCE -D_POSIX_SOURCE -D_GNU_SOURCE  conftest.c  >&5

configure:12331: $? = 0
configure:12332: result: yes
configure:12428: checking whether AS supports .note.GNU-stack
configure:12442: gcc -std=gnu99 -c   -D_DEFAULT_SOURCE -D_BSD_SOURCE -D_POSIX_SOURCE -D_GNU_SOURCE conftest.c >&5
configure:12442: $? = 0
configure:12443: result: yes
configure:12463: checking dependency style of gcc -std=gnu99
configure:12572: result: gcc3
configure:12591: checking if compiling with clang
configure:12608: gcc -std=gnu99 -c -g -O2 -Wall -std=gnu99 -fno-strict-aliasing  -fno-strict-overflow -D_FORTIFY_SOURCE=2 -fstack-protector-all -DHAVE_GNU_STACK  -D_DEFAULT_SOURCE -D_BSD_SOURCE -D_POSIX_SOURCE -D_GNU_SOURCE conftest.c >&5
conftest.c: In function 'main':
conftest.c:29:2: error: unknown type name 'not'
  not clang
  ^
conftest.c:29:6: warning: unused variable 'clang' [-Wunused-variable]
  not clang
      ^
configure:12608: $? = 1
configure: failed program was:
| /* confdefs.h */
| #define PACKAGE_NAME "libressl"
| #define PACKAGE_TARNAME "libressl"
| #define PACKAGE_VERSION "2.2.4"
| #define PACKAGE_STRING "libressl 2.2.4"
| #define PACKAGE_BUGREPORT ""
| #define PACKAGE_URL ""
| #define PACKAGE "libressl"
| #define VERSION "2.2.4"
| #define STDC_HEADERS 1
| #define HAVE_SYS_TYPES_H 1
| #define HAVE_SYS_STAT_H 1
| #define HAVE_STDLIB_H 1
| #define HAVE_STRING_H 1
| #define HAVE_MEMORY_H 1
| #define HAVE_STRINGS_H 1
| #define HAVE_INTTYPES_H 1
| #define HAVE_STDINT_H 1
| #define HAVE_UNISTD_H 1
| #define HAVE_DLFCN_H 1
| #define LT_OBJDIR ".libs/"
| /* end confdefs.h.  */
| 
| int
| main ()
| {
| 
| #ifndef __clang__
| 	not clang
| #endif
| 
|   ;
|   return 0;
| }
configure:12615: result: no
configure:12627: checking whether CC supports -Wno-pointer-sign
configure:12640: gcc -std=gnu99 -c -Wno-pointer-sign  -D_DEFAULT_SOURCE -D_BSD_SOURCE -D_POSIX_SOURCE -D_GNU_SOURCE conftest.c >&5
configure:12640: $? = 0
configure:12641: result: yes
configure:12656: checking for symlink
configure:12656: gcc -std=gnu99 -o conftest -g -O2 -Wall -std=gnu99 -fno-strict-aliasing  -fno-strict-overflow -D_FORTIFY_SOURCE=2 -fstack-protector-all -DHAVE_GNU_STACK  -Wno-pointer-sign  -D_DEFAULT_SOURCE -D_BSD_SOURCE -D_POSIX_SOURCE -D_GNU_SOURCE   -Wl,-z,relro -Wl,-z,now  conftest.c  >&5
configure:12656: $? = 0
configure:12656: result: yes
configure:12675: checking for funopen
configure:12675: gcc -std=gnu99 -o conftest -g -O2 -Wall -std=gnu99 -fno-strict-aliasing  -fno-strict-overflow -D_FORTIFY_SOURCE=2 -fstack-protector-all -DHAVE_GNU_STACK  -Wno-pointer-sign  -D_DEFAULT_SOURCE -D_BSD_SOURCE -D_POSIX_SOURCE -D_GNU_SOURCE   -Wl,-z,relro -Wl,-z,now  conftest.c  >&5
/tmp/cc5l7hNs.o: In function `main':
/src/app/find-object/dependencies/h2o/build/libressl-2.2.4/conftest.c:58: undefined reference to `funopen'
collect2: error: ld returned 1 exit status
configure:12675: $? = 1
configure: failed program was:
| /* confdefs.h */
| #define PACKAGE_NAME "libressl"
| #define PACKAGE_TARNAME "libressl"
| #define PACKAGE_VERSION "2.2.4"
| #define PACKAGE_STRING "libressl 2.2.4"
| #define PACKAGE_BUGREPORT ""
| #define PACKAGE_URL ""
| #define PACKAGE "libressl"
| #define VERSION "2.2.4"
| #define STDC_HEADERS 1
| #define HAVE_SYS_TYPES_H 1
| #define HAVE_SYS_STAT_H 1
| #define HAVE_STDLIB_H 1
| #define HAVE_STRING_H 1
| #define HAVE_MEMORY_H 1
| #define HAVE_STRINGS_H 1
| #define HAVE_INTTYPES_H 1
| #define HAVE_STDINT_H 1
| #define HAVE_UNISTD_H 1
| #define HAVE_DLFCN_H 1
| #define LT_OBJDIR ".libs/"
| #define HAVE_SYMLINK 1
| /* end confdefs.h.  */
| /* Define funopen to an innocuous variant, in case <limits.h> declares funopen.
|    For example, HP-UX 11i <limits.h> declares gettimeofday.  */
| #define funopen innocuous_funopen
| 
| /* System header to define __stub macros and hopefully few prototypes,
|     which can conflict with char funopen (); below.
|     Prefer <limits.h> to <assert.h> if __STDC__ is defined, since
|     <limits.h> exists even on freestanding compilers.  */
| 
| #ifdef __STDC__
| # include <limits.h>
| #else
| # include <assert.h>
| #endif
| 
| #undef funopen
| 
| /* Override any GCC internal prototype to avoid an error.
|    Use char because int might match the return type of a GCC
|    builtin and then its argument prototype would still apply.  */
| #ifdef __cplusplus
| extern "C"
| #endif
| char funopen ();
| /* The GNU C library defines this for functions which it implements
|     to always fail with ENOSYS.  Some functions are actually named
|     something starting with __ and the normal name is an alias.  */
| #if defined __stub_funopen || defined __stub___funopen
| choke me
| #endif
| 
| int
| main ()
| {
| return funopen ();
|   ;
|   return 0;
| }
configure:12675: result: no
configure:12686: checking for asprintf
configure:12686: gcc -std=gnu99 -o conftest -g -O2 -Wall -std=gnu99 -fno-strict-aliasing  -fno-strict-overflow -D_FORTIFY_SOURCE=2 -fstack-protector-all -DHAVE_GNU_STACK  -Wno-pointer-sign  -D_DEFAULT_SOURCE -D_BSD_SOURCE -D_POSIX_SOURCE -D_GNU_SOURCE   -Wl,-z,relro -Wl,-z,now  conftest.c  >&5
configure:12686: $? = 0
configure:12686: result: yes
configure:12686: checking for inet_pton
configure:12686: gcc -std=gnu99 -o conftest -g -O2 -Wall -std=gnu99 -fno-strict-aliasing  -fno-strict-overflow -D_FORTIFY_SOURCE=2 -fstack-protector-all -DHAVE_GNU_STACK  -Wno-pointer-sign  -D_DEFAULT_SOURCE -D_BSD_SOURCE -D_POSIX_SOURCE -D_GNU_SOURCE   -Wl,-z,relro -Wl,-z,now  conftest.c  >&5
configure:12686: $? = 0
configure:12686: result: yes
configure:12686: checking for memmem
configure:12686: gcc -std=gnu99 -o conftest -g -O2 -Wall -std=gnu99 -fno-strict-aliasing  -fno-strict-overflow -D_FORTIFY_SOURCE=2 -fstack-protector-all -DHAVE_GNU_STACK  -Wno-pointer-sign  -D_DEFAULT_SOURCE -D_BSD_SOURCE -D_POSIX_SOURCE -D_GNU_SOURCE   -Wl,-z,relro -Wl,-z,now  conftest.c  >&5
configure:12686: $? = 0
configure:12686: result: yes
configure:12686: checking for poll
configure:12686: gcc -std=gnu99 -o conftest -g -O2 -Wall -std=gnu99 -fno-strict-aliasing  -fno-strict-overflow -D_FORTIFY_SOURCE=2 -fstack-protector-all -DHAVE_GNU_STACK  -Wno-pointer-sign  -D_DEFAULT_SOURCE -D_BSD_SOURCE -D_POSIX_SOURCE -D_GNU_SOURCE   -Wl,-z,relro -Wl,-z,now  conftest.c  >&5
configure:12686: $? = 0
configure:12686: result: yes
configure:12686: checking for reallocarray
configure:12686: gcc -std=gnu99 -o conftest -g -O2 -Wall -std=gnu99 -fno-strict-aliasing  -fno-strict-overflow -D_FORTIFY_SOURCE=2 -fstack-protector-all -DHAVE_GNU_STACK  -Wno-pointer-sign  -D_DEFAULT_SOURCE -D_BSD_SOURCE -D_POSIX_SOURCE -D_GNU_SOURCE   -Wl,-z,relro -Wl,-z,now  conftest.c  >&5
/tmp/cccNKkVH.o: In function `main':
/src/app/find-object/dependencies/h2o/build/libressl-2.2.4/conftest.c:62: undefined reference to `reallocarray'
collect2: error: ld returned 1 exit status
configure:12686: $? = 1
configure: failed program was:
| /* confdefs.h */
| #define PACKAGE_NAME "libressl"
| #define PACKAGE_TARNAME "libressl"
| #define PACKAGE_VERSION "2.2.4"
| #define PACKAGE_STRING "libressl 2.2.4"
| #define PACKAGE_BUGREPORT ""
| #define PACKAGE_URL ""
| #define PACKAGE "libressl"
| #define VERSION "2.2.4"
| #define STDC_HEADERS 1
| #define HAVE_SYS_TYPES_H 1
| #define HAVE_SYS_STAT_H 1
| #define HAVE_STDLIB_H 1
| #define HAVE_STRING_H 1
| #define HAVE_MEMORY_H 1
| #define HAVE_STRINGS_H 1
| #define HAVE_INTTYPES_H 1
| #define HAVE_STDINT_H 1
| #define HAVE_UNISTD_H 1
| #define HAVE_DLFCN_H 1
| #define LT_OBJDIR ".libs/"
| #define HAVE_SYMLINK 1
| #define HAVE_ASPRINTF 1
| #define HAVE_INET_PTON 1
| #define HAVE_MEMMEM 1
| #define HAVE_POLL 1
| /* end confdefs.h.  */
| /* Define reallocarray to an innocuous variant, in case <limits.h> declares reallocarray.
|    For example, HP-UX 11i <limits.h> declares gettimeofday.  */
| #define reallocarray innocuous_reallocarray
| 
| /* System header to define __stub macros and hopefully few prototypes,
|     which can conflict with char reallocarray (); below.
|     Prefer <limits.h> to <assert.h> if __STDC__ is defined, since
|     <limits.h> exists even on freestanding compilers.  */
| 
| #ifdef __STDC__
| # include <limits.h>
| #else
| # include <assert.h>
| #endif
| 
| #undef reallocarray
| 
| /* Override any GCC internal prototype to avoid an error.
|    Use char because int might match the return type of a GCC
|    builtin and then its argument prototype would still apply.  */
| #ifdef __cplusplus
| extern "C"
| #endif
| char reallocarray ();
| /* The GNU C library defines this for functions which it implements
|     to always fail with ENOSYS.  Some functions are actually named
|     something starting with __ and the normal name is an alias.  */
| #if defined __stub_reallocarray || defined __stub___reallocarray
| choke me
| #endif
| 
| int
| main ()
| {
| return reallocarray ();
|   ;
|   return 0;
| }
configure:12686: result: no
configure:12698: checking for strlcat
configure:12698: gcc -std=gnu99 -o conftest -g -O2 -Wall -std=gnu99 -fno-strict-aliasing  -fno-strict-overflow -D_FORTIFY_SOURCE=2 -fstack-protector-all -DHAVE_GNU_STACK  -Wno-pointer-sign  -D_DEFAULT_SOURCE -D_BSD_SOURCE -D_POSIX_SOURCE -D_GNU_SOURCE   -Wl,-z,relro -Wl,-z,now  conftest.c  >&5
/tmp/cczsOKiK.o: In function `main':
/src/app/find-object/dependencies/h2o/build/libressl-2.2.4/conftest.c:62: undefined reference to `strlcat'
collect2: error: ld returned 1 exit status
configure:12698: $? = 1
configure: failed program was:
| /* confdefs.h */
| #define PACKAGE_NAME "libressl"
| #define PACKAGE_TARNAME "libressl"
| #define PACKAGE_VERSION "2.2.4"
| #define PACKAGE_STRING "libressl 2.2.4"
| #define PACKAGE_BUGREPORT ""
| #define PACKAGE_URL ""
| #define PACKAGE "libressl"
| #define VERSION "2.2.4"
| #define STDC_HEADERS 1
| #define HAVE_SYS_TYPES_H 1
| #define HAVE_SYS_STAT_H 1
| #define HAVE_STDLIB_H 1
| #define HAVE_STRING_H 1
| #define HAVE_MEMORY_H 1
| #define HAVE_STRINGS_H 1
| #define HAVE_INTTYPES_H 1
| #define HAVE_STDINT_H 1
| #define HAVE_UNISTD_H 1
| #define HAVE_DLFCN_H 1
| #define LT_OBJDIR ".libs/"
| #define HAVE_SYMLINK 1
| #define HAVE_ASPRINTF 1
| #define HAVE_INET_PTON 1
| #define HAVE_MEMMEM 1
| #define HAVE_POLL 1
| /* end confdefs.h.  */
| /* Define strlcat to an innocuous variant, in case <limits.h> declares strlcat.
|    For example, HP-UX 11i <limits.h> declares gettimeofday.  */
| #define strlcat innocuous_strlcat
| 
| /* System header to define __stub macros and hopefully few prototypes,
|     which can conflict with char strlcat (); below.
|     Prefer <limits.h> to <assert.h> if __STDC__ is defined, since
|     <limits.h> exists even on freestanding compilers.  */
| 
| #ifdef __STDC__
| # include <limits.h>
| #else
| # include <assert.h>
| #endif
| 
| #undef strlcat
| 
| /* Override any GCC internal prototype to avoid an error.
|    Use char because int might match the return type of a GCC
|    builtin and then its argument prototype would still apply.  */
| #ifdef __cplusplus
| extern "C"
| #endif
| char strlcat ();
| /* The GNU C library defines this for functions which it implements
|     to always fail with ENOSYS.  Some functions are actually named
|     something starting with __ and the normal name is an alias.  */
| #if defined __stub_strlcat || defined __stub___strlcat
| choke me
| #endif
| 
| int
| main ()
| {
| return strlcat ();
|   ;
|   return 0;
| }
configure:12698: result: no
configure:12698: checking for strlcpy
configure:12698: gcc -std=gnu99 -o conftest -g -O2 -Wall -std=gnu99 -fno-strict-aliasing  -fno-strict-overflow -D_FORTIFY_SOURCE=2 -fstack-protector-all -DHAVE_GNU_STACK  -Wno-pointer-sign  -D_DEFAULT_SOURCE -D_BSD_SOURCE -D_POSIX_SOURCE -D_GNU_SOURCE   -Wl,-z,relro -Wl,-z,now  conftest.c  >&5
/tmp/cc2airqN.o: In function `main':
/src/app/find-object/dependencies/h2o/build/libressl-2.2.4/conftest.c:62: undefined reference to `strlcpy'
collect2: error: ld returned 1 exit status
configure:12698: $? = 1
configure: failed program was:
| /* confdefs.h */
| #define PACKAGE_NAME "libressl"
| #define PACKAGE_TARNAME "libressl"
| #define PACKAGE_VERSION "2.2.4"
| #define PACKAGE_STRING "libressl 2.2.4"
| #define PACKAGE_BUGREPORT ""
| #define PACKAGE_URL ""
| #define PACKAGE "libressl"
| #define VERSION "2.2.4"
| #define STDC_HEADERS 1
| #define HAVE_SYS_TYPES_H 1
| #define HAVE_SYS_STAT_H 1
| #define HAVE_STDLIB_H 1
| #define HAVE_STRING_H 1
| #define HAVE_MEMORY_H 1
| #define HAVE_STRINGS_H 1
| #define HAVE_INTTYPES_H 1
| #define HAVE_STDINT_H 1
| #define HAVE_UNISTD_H 1
| #define HAVE_DLFCN_H 1
| #define LT_OBJDIR ".libs/"
| #define HAVE_SYMLINK 1
| #define HAVE_ASPRINTF 1
| #define HAVE_INET_PTON 1
| #define HAVE_MEMMEM 1
| #define HAVE_POLL 1
| /* end confdefs.h.  */
| /* Define strlcpy to an innocuous variant, in case <limits.h> declares strlcpy.
|    For example, HP-UX 11i <limits.h> declares gettimeofday.  */
| #define strlcpy innocuous_strlcpy
| 
| /* System header to define __stub macros and hopefully few prototypes,
|     which can conflict with char strlcpy (); below.
|     Prefer <limits.h> to <assert.h> if __STDC__ is defined, since
|     <limits.h> exists even on freestanding compilers.  */
| 
| #ifdef __STDC__
| # include <limits.h>
| #else
| # include <assert.h>
| #endif
| 
| #undef strlcpy
| 
| /* Override any GCC internal prototype to avoid an error.
|    Use char because int might match the return type of a GCC
|    builtin and then its argument prototype would still apply.  */
| #ifdef __cplusplus
| extern "C"
| #endif
| char strlcpy ();
| /* The GNU C library defines this for functions which it implements
|     to always fail with ENOSYS.  Some functions are actually named
|     something starting with __ and the normal name is an alias.  */
| #if defined __stub_strlcpy || defined __stub___strlcpy
| choke me
| #endif
| 
| int
| main ()
| {
| return strlcpy ();
|   ;
|   return 0;
| }
configure:12698: result: no
configure:12698: checking for strndup
configure:12698: gcc -std=gnu99 -o conftest -g -O2 -Wall -std=gnu99 -fno-strict-aliasing  -fno-strict-overflow -D_FORTIFY_SOURCE=2 -fstack-protector-all -DHAVE_GNU_STACK  -Wno-pointer-sign  -D_DEFAULT_SOURCE -D_BSD_SOURCE -D_POSIX_SOURCE -D_GNU_SOURCE   -Wl,-z,relro -Wl,-z,now  conftest.c  >&5
conftest.c:51:6: warning: conflicting types for built-in function 'strndup' [enabled by default]
 char strndup ();
      ^
configure:12698: $? = 0
configure:12698: result: yes
configure:12698: checking for strnlen
configure:12698: gcc -std=gnu99 -o conftest -g -O2 -Wall -std=gnu99 -fno-strict-aliasing  -fno-strict-overflow -D_FORTIFY_SOURCE=2 -fstack-protector-all -DHAVE_GNU_STACK  -Wno-pointer-sign  -D_DEFAULT_SOURCE -D_BSD_SOURCE -D_POSIX_SOURCE -D_GNU_SOURCE   -Wl,-z,relro -Wl,-z,now  conftest.c  >&5
configure:12698: $? = 0
configure:12698: result: yes
configure:12698: checking for strsep
configure:12698: gcc -std=gnu99 -o conftest -g -O2 -Wall -std=gnu99 -fno-strict-aliasing  -fno-strict-overflow -D_FORTIFY_SOURCE=2 -fstack-protector-all -DHAVE_GNU_STACK  -Wno-pointer-sign  -D_DEFAULT_SOURCE -D_BSD_SOURCE -D_POSIX_SOURCE -D_GNU_SOURCE   -Wl,-z,relro -Wl,-z,now  conftest.c  >&5
configure:12698: $? = 0
configure:12698: result: yes
configure:12698: checking for strtonum
configure:12698: gcc -std=gnu99 -o conftest -g -O2 -Wall -std=gnu99 -fno-strict-aliasing  -fno-strict-overflow -D_FORTIFY_SOURCE=2 -fstack-protector-all -DHAVE_GNU_STACK  -Wno-pointer-sign  -D_DEFAULT_SOURCE -D_BSD_SOURCE -D_POSIX_SOURCE -D_GNU_SOURCE   -Wl,-z,relro -Wl,-z,now  conftest.c  >&5
/tmp/cclPrt0Z.o: In function `main':
/src/app/find-object/dependencies/h2o/build/libressl-2.2.4/conftest.c:65: undefined reference to `strtonum'
collect2: error: ld returned 1 exit status
configure:12698: $? = 1
configure: failed program was:
| /* confdefs.h */
| #define PACKAGE_NAME "libressl"
| #define PACKAGE_TARNAME "libressl"
| #define PACKAGE_VERSION "2.2.4"
| #define PACKAGE_STRING "libressl 2.2.4"
| #define PACKAGE_BUGREPORT ""
| #define PACKAGE_URL ""
| #define PACKAGE "libressl"
| #define VERSION "2.2.4"
| #define STDC_HEADERS 1
| #define HAVE_SYS_TYPES_H 1
| #define HAVE_SYS_STAT_H 1
| #define HAVE_STDLIB_H 1
| #define HAVE_STRING_H 1
| #define HAVE_MEMORY_H 1
| #define HAVE_STRINGS_H 1
| #define HAVE_INTTYPES_H 1
| #define HAVE_STDINT_H 1
| #define HAVE_UNISTD_H 1
| #define HAVE_DLFCN_H 1
| #define LT_OBJDIR ".libs/"
| #define HAVE_SYMLINK 1
| #define HAVE_ASPRINTF 1
| #define HAVE_INET_PTON 1
| #define HAVE_MEMMEM 1
| #define HAVE_POLL 1
| #define HAVE_STRNDUP 1
| #define HAVE_STRNLEN 1
| #define HAVE_STRSEP 1
| /* end confdefs.h.  */
| /* Define strtonum to an innocuous variant, in case <limits.h> declares strtonum.
|    For example, HP-UX 11i <limits.h> declares gettimeofday.  */
| #define strtonum innocuous_strtonum
| 
| /* System header to define __stub macros and hopefully few prototypes,
|     which can conflict with char strtonum (); below.
|     Prefer <limits.h> to <assert.h> if __STDC__ is defined, since
|     <limits.h> exists even on freestanding compilers.  */
| 
| #ifdef __STDC__
| # include <limits.h>
| #else
| # include <assert.h>
| #endif
| 
| #undef strtonum
| 
| /* Override any GCC internal prototype to avoid an error.
|    Use char because int might match the return type of a GCC
|    builtin and then its argument prototype would still apply.  */
| #ifdef __cplusplus
| extern "C"
| #endif
| char strtonum ();
| /* The GNU C library defines this for functions which it implements
|     to always fail with ENOSYS.  Some functions are actually named
|     something starting with __ and the normal name is an alias.  */
| #if defined __stub_strtonum || defined __stub___strtonum
| choke me
| #endif
| 
| int
| main ()
| {
| return strtonum ();
|   ;
|   return 0;
| }
configure:12698: result: no
configure:12801: checking for arc4random_buf
configure:12801: gcc -std=gnu99 -o conftest -g -O2 -Wall -std=gnu99 -fno-strict-aliasing  -fno-strict-overflow -D_FORTIFY_SOURCE=2 -fstack-protector-all -DHAVE_GNU_STACK  -Wno-pointer-sign  -D_DEFAULT_SOURCE -D_BSD_SOURCE -D_POSIX_SOURCE -D_GNU_SOURCE   -Wl,-z,relro -Wl,-z,now  conftest.c  >&5
/tmp/ccjlsmz1.o: In function `main':
/src/app/find-object/dependencies/h2o/build/libressl-2.2.4/conftest.c:65: undefined reference to `arc4random_buf'
collect2: error: ld returned 1 exit status
configure:12801: $? = 1
configure: failed program was:
| /* confdefs.h */
| #define PACKAGE_NAME "libressl"
| #define PACKAGE_TARNAME "libressl"
| #define PACKAGE_VERSION "2.2.4"
| #define PACKAGE_STRING "libressl 2.2.4"
| #define PACKAGE_BUGREPORT ""
| #define PACKAGE_URL ""
| #define PACKAGE "libressl"
| #define VERSION "2.2.4"
| #define STDC_HEADERS 1
| #define HAVE_SYS_TYPES_H 1
| #define HAVE_SYS_STAT_H 1
| #define HAVE_STDLIB_H 1
| #define HAVE_STRING_H 1
| #define HAVE_MEMORY_H 1
| #define HAVE_STRINGS_H 1
| #define HAVE_INTTYPES_H 1
| #define HAVE_STDINT_H 1
| #define HAVE_UNISTD_H 1
| #define HAVE_DLFCN_H 1
| #define LT_OBJDIR ".libs/"
| #define HAVE_SYMLINK 1
| #define HAVE_ASPRINTF 1
| #define HAVE_INET_PTON 1
| #define HAVE_MEMMEM 1
| #define HAVE_POLL 1
| #define HAVE_STRNDUP 1
| #define HAVE_STRNLEN 1
| #define HAVE_STRSEP 1
| /* end confdefs.h.  */
| /* Define arc4random_buf to an innocuous variant, in case <limits.h> declares arc4random_buf.
|    For example, HP-UX 11i <limits.h> declares gettimeofday.  */
| #define arc4random_buf innocuous_arc4random_buf
| 
| /* System header to define __stub macros and hopefully few prototypes,
|     which can conflict with char arc4random_buf (); below.
|     Prefer <limits.h> to <assert.h> if __STDC__ is defined, since
|     <limits.h> exists even on freestanding compilers.  */
| 
| #ifdef __STDC__
| # include <limits.h>
| #else
| # include <assert.h>
| #endif
| 
| #undef arc4random_buf
| 
| /* Override any GCC internal prototype to avoid an error.
|    Use char because int might match the return type of a GCC
|    builtin and then its argument prototype would still apply.  */
| #ifdef __cplusplus
| extern "C"
| #endif
| char arc4random_buf ();
| /* The GNU C library defines this for functions which it implements
|     to always fail with ENOSYS.  Some functions are actually named
|     something starting with __ and the normal name is an alias.  */
| #if defined __stub_arc4random_buf || defined __stub___arc4random_buf
| choke me
| #endif
| 
| int
| main ()
| {
| return arc4random_buf ();
|   ;
|   return 0;
| }
configure:12801: result: no
configure:12801: checking for explicit_bzero
configure:12801: gcc -std=gnu99 -o conftest -g -O2 -Wall -std=gnu99 -fno-strict-aliasing  -fno-strict-overflow -D_FORTIFY_SOURCE=2 -fstack-protector-all -DHAVE_GNU_STACK  -Wno-pointer-sign  -D_DEFAULT_SOURCE -D_BSD_SOURCE -D_POSIX_SOURCE -D_GNU_SOURCE   -Wl,-z,relro -Wl,-z,now  conftest.c  >&5
/tmp/ccXfE766.o: In function `main':
/src/app/find-object/dependencies/h2o/build/libressl-2.2.4/conftest.c:65: undefined reference to `explicit_bzero'
collect2: error: ld returned 1 exit status
configure:12801: $? = 1
configure: failed program was:
| /* confdefs.h */
| #define PACKAGE_NAME "libressl"
| #define PACKAGE_TARNAME "libressl"
| #define PACKAGE_VERSION "2.2.4"
| #define PACKAGE_STRING "libressl 2.2.4"
| #define PACKAGE_BUGREPORT ""
| #define PACKAGE_URL ""
| #define PACKAGE "libressl"
| #define VERSION "2.2.4"
| #define STDC_HEADERS 1
| #define HAVE_SYS_TYPES_H 1
| #define HAVE_SYS_STAT_H 1
| #define HAVE_STDLIB_H 1
| #define HAVE_STRING_H 1
| #define HAVE_MEMORY_H 1
| #define HAVE_STRINGS_H 1
| #define HAVE_INTTYPES_H 1
| #define HAVE_STDINT_H 1
| #define HAVE_UNISTD_H 1
| #define HAVE_DLFCN_H 1
| #define LT_OBJDIR ".libs/"
| #define HAVE_SYMLINK 1
| #define HAVE_ASPRINTF 1
| #define HAVE_INET_PTON 1
| #define HAVE_MEMMEM 1
| #define HAVE_POLL 1
| #define HAVE_STRNDUP 1
| #define HAVE_STRNLEN 1
| #define HAVE_STRSEP 1
| /* end confdefs.h.  */
| /* Define explicit_bzero to an innocuous variant, in case <limits.h> declares explicit_bzero.
|    For example, HP-UX 11i <limits.h> declares gettimeofday.  */
| #define explicit_bzero innocuous_explicit_bzero
| 
| /* System header to define __stub macros and hopefully few prototypes,
|     which can conflict with char explicit_bzero (); below.
|     Prefer <limits.h> to <assert.h> if __STDC__ is defined, since
|     <limits.h> exists even on freestanding compilers.  */
| 
| #ifdef __STDC__
| # include <limits.h>
| #else
| # include <assert.h>
| #endif
| 
| #undef explicit_bzero
| 
| /* Override any GCC internal prototype to avoid an error.
|    Use char because int might match the return type of a GCC
|    builtin and then its argument prototype would still apply.  */
| #ifdef __cplusplus
| extern "C"
| #endif
| char explicit_bzero ();
| /* The GNU C library defines this for functions which it implements
|     to always fail with ENOSYS.  Some functions are actually named
|     something starting with __ and the normal name is an alias.  */
| #if defined __stub_explicit_bzero || defined __stub___explicit_bzero
| choke me
| #endif
| 
| int
| main ()
| {
| return explicit_bzero ();
|   ;
|   return 0;
| }
configure:12801: result: no
configure:12801: checking for getauxval
configure:12801: gcc -std=gnu99 -o conftest -g -O2 -Wall -std=gnu99 -fno-strict-aliasing  -fno-strict-overflow -D_FORTIFY_SOURCE=2 -fstack-protector-all -DHAVE_GNU_STACK  -Wno-pointer-sign  -D_DEFAULT_SOURCE -D_BSD_SOURCE -D_POSIX_SOURCE -D_GNU_SOURCE   -Wl,-z,relro -Wl,-z,now  conftest.c  >&5
configure:12801: $? = 0
configure:12801: result: yes
configure:12801: checking for getentropy
configure:12801: gcc -std=gnu99 -o conftest -g -O2 -Wall -std=gnu99 -fno-strict-aliasing  -fno-strict-overflow -D_FORTIFY_SOURCE=2 -fstack-protector-all -DHAVE_GNU_STACK  -Wno-pointer-sign  -D_DEFAULT_SOURCE -D_BSD_SOURCE -D_POSIX_SOURCE -D_GNU_SOURCE   -Wl,-z,relro -Wl,-z,now  conftest.c  >&5
/tmp/ccHeOIBc.o: In function `main':
/src/app/find-object/dependencies/h2o/build/libressl-2.2.4/conftest.c:66: undefined reference to `getentropy'
collect2: error: ld returned 1 exit status
configure:12801: $? = 1
configure: failed program was:
| /* confdefs.h */
| #define PACKAGE_NAME "libressl"
| #define PACKAGE_TARNAME "libressl"
| #define PACKAGE_VERSION "2.2.4"
| #define PACKAGE_STRING "libressl 2.2.4"
| #define PACKAGE_BUGREPORT ""
| #define PACKAGE_URL ""
| #define PACKAGE "libressl"
| #define VERSION "2.2.4"
| #define STDC_HEADERS 1
| #define HAVE_SYS_TYPES_H 1
| #define HAVE_SYS_STAT_H 1
| #define HAVE_STDLIB_H 1
| #define HAVE_STRING_H 1
| #define HAVE_MEMORY_H 1
| #define HAVE_STRINGS_H 1
| #define HAVE_INTTYPES_H 1
| #define HAVE_STDINT_H 1
| #define HAVE_UNISTD_H 1
| #define HAVE_DLFCN_H 1
| #define LT_OBJDIR ".libs/"
| #define HAVE_SYMLINK 1
| #define HAVE_ASPRINTF 1
| #define HAVE_INET_PTON 1
| #define HAVE_MEMMEM 1
| #define HAVE_POLL 1
| #define HAVE_STRNDUP 1
| #define HAVE_STRNLEN 1
| #define HAVE_STRSEP 1
| #define HAVE_GETAUXVAL 1
| /* end confdefs.h.  */
| /* Define getentropy to an innocuous variant, in case <limits.h> declares getentropy.
|    For example, HP-UX 11i <limits.h> declares gettimeofday.  */
| #define getentropy innocuous_getentropy
| 
| /* System header to define __stub macros and hopefully few prototypes,
|     which can conflict with char getentropy (); below.
|     Prefer <limits.h> to <assert.h> if __STDC__ is defined, since
|     <limits.h> exists even on freestanding compilers.  */
| 
| #ifdef __STDC__
| # include <limits.h>
| #else
| # include <assert.h>
| #endif
| 
| #undef getentropy
| 
| /* Override any GCC internal prototype to avoid an error.
|    Use char because int might match the return type of a GCC
|    builtin and then its argument prototype would still apply.  */
| #ifdef __cplusplus
| extern "C"
| #endif
| char getentropy ();
| /* The GNU C library defines this for functions which it implements
|     to always fail with ENOSYS.  Some functions are actually named
|     something starting with __ and the normal name is an alias.  */
| #if defined __stub_getentropy || defined __stub___getentropy
| choke me
| #endif
| 
| int
| main ()
| {
| return getentropy ();
|   ;
|   return 0;
| }
configure:12801: result: no
configure:12813: checking for timingsafe_bcmp
configure:12813: gcc -std=gnu99 -o conftest -g -O2 -Wall -std=gnu99 -fno-strict-aliasing  -fno-strict-overflow -D_FORTIFY_SOURCE=2 -fstack-protector-all -DHAVE_GNU_STACK  -Wno-pointer-sign  -D_DEFAULT_SOURCE -D_BSD_SOURCE -D_POSIX_SOURCE -D_GNU_SOURCE   -Wl,-z,relro -Wl,-z,now  conftest.c  >&5
/tmp/ccNInknd.o: In function `main':
/src/app/find-object/dependencies/h2o/build/libressl-2.2.4/conftest.c:66: undefined reference to `timingsafe_bcmp'
collect2: error: ld returned 1 exit status
configure:12813: $? = 1
configure: failed program was:
| /* confdefs.h */
| #define PACKAGE_NAME "libressl"
| #define PACKAGE_TARNAME "libressl"
| #define PACKAGE_VERSION "2.2.4"
| #define PACKAGE_STRING "libressl 2.2.4"
| #define PACKAGE_BUGREPORT ""
| #define PACKAGE_URL ""
| #define PACKAGE "libressl"
| #define VERSION "2.2.4"
| #define STDC_HEADERS 1
| #define HAVE_SYS_TYPES_H 1
| #define HAVE_SYS_STAT_H 1
| #define HAVE_STDLIB_H 1
| #define HAVE_STRING_H 1
| #define HAVE_MEMORY_H 1
| #define HAVE_STRINGS_H 1
| #define HAVE_INTTYPES_H 1
| #define HAVE_STDINT_H 1
| #define HAVE_UNISTD_H 1
| #define HAVE_DLFCN_H 1
| #define LT_OBJDIR ".libs/"
| #define HAVE_SYMLINK 1
| #define HAVE_ASPRINTF 1
| #define HAVE_INET_PTON 1
| #define HAVE_MEMMEM 1
| #define HAVE_POLL 1
| #define HAVE_STRNDUP 1
| #define HAVE_STRNLEN 1
| #define HAVE_STRSEP 1
| #define HAVE_GETAUXVAL 1
| /* end confdefs.h.  */
| /* Define timingsafe_bcmp to an innocuous variant, in case <limits.h> declares timingsafe_bcmp.
|    For example, HP-UX 11i <limits.h> declares gettimeofday.  */
| #define timingsafe_bcmp innocuous_timingsafe_bcmp
| 
| /* System header to define __stub macros and hopefully few prototypes,
|     which can conflict with char timingsafe_bcmp (); below.
|     Prefer <limits.h> to <assert.h> if __STDC__ is defined, since
|     <limits.h> exists even on freestanding compilers.  */
| 
| #ifdef __STDC__
| # include <limits.h>
| #else
| # include <assert.h>
| #endif
| 
| #undef timingsafe_bcmp
| 
| /* Override any GCC internal prototype to avoid an error.
|    Use char because int might match the return type of a GCC
|    builtin and then its argument prototype would still apply.  */
| #ifdef __cplusplus
| extern "C"
| #endif
| char timingsafe_bcmp ();
| /* The GNU C library defines this for functions which it implements
|     to always fail with ENOSYS.  Some functions are actually named
|     something starting with __ and the normal name is an alias.  */
| #if defined __stub_timingsafe_bcmp || defined __stub___timingsafe_bcmp
| choke me
| #endif
| 
| int
| main ()
| {
| return timingsafe_bcmp ();
|   ;
|   return 0;
| }
configure:12813: result: no
configure:12813: checking for timingsafe_memcmp
configure:12813: gcc -std=gnu99 -o conftest -g -O2 -Wall -std=gnu99 -fno-strict-aliasing  -fno-strict-overflow -D_FORTIFY_SOURCE=2 -fstack-protector-all -DHAVE_GNU_STACK  -Wno-pointer-sign  -D_DEFAULT_SOURCE -D_BSD_SOURCE -D_POSIX_SOURCE -D_GNU_SOURCE   -Wl,-z,relro -Wl,-z,now  conftest.c  >&5
/tmp/ccWFbuCg.o: In function `main':
/src/app/find-object/dependencies/h2o/build/libressl-2.2.4/conftest.c:66: undefined reference to `timingsafe_memcmp'
collect2: error: ld returned 1 exit status
configure:12813: $? = 1
configure: failed program was:
| /* confdefs.h */
| #define PACKAGE_NAME "libressl"
| #define PACKAGE_TARNAME "libressl"
| #define PACKAGE_VERSION "2.2.4"
| #define PACKAGE_STRING "libressl 2.2.4"
| #define PACKAGE_BUGREPORT ""
| #define PACKAGE_URL ""
| #define PACKAGE "libressl"
| #define VERSION "2.2.4"
| #define STDC_HEADERS 1
| #define HAVE_SYS_TYPES_H 1
| #define HAVE_SYS_STAT_H 1
| #define HAVE_STDLIB_H 1
| #define HAVE_STRING_H 1
| #define HAVE_MEMORY_H 1
| #define HAVE_STRINGS_H 1
| #define HAVE_INTTYPES_H 1
| #define HAVE_STDINT_H 1
| #define HAVE_UNISTD_H 1
| #define HAVE_DLFCN_H 1
| #define LT_OBJDIR ".libs/"
| #define HAVE_SYMLINK 1
| #define HAVE_ASPRINTF 1
| #define HAVE_INET_PTON 1
| #define HAVE_MEMMEM 1
| #define HAVE_POLL 1
| #define HAVE_STRNDUP 1
| #define HAVE_STRNLEN 1
| #define HAVE_STRSEP 1
| #define HAVE_GETAUXVAL 1
| /* end confdefs.h.  */
| /* Define timingsafe_memcmp to an innocuous variant, in case <limits.h> declares timingsafe_memcmp.
|    For example, HP-UX 11i <limits.h> declares gettimeofday.  */
| #define timingsafe_memcmp innocuous_timingsafe_memcmp
| 
| /* System header to define __stub macros and hopefully few prototypes,
|     which can conflict with char timingsafe_memcmp (); below.
|     Prefer <limits.h> to <assert.h> if __STDC__ is defined, since
|     <limits.h> exists even on freestanding compilers.  */
| 
| #ifdef __STDC__
| # include <limits.h>
| #else
| # include <assert.h>
| #endif
| 
| #undef timingsafe_memcmp
| 
| /* Override any GCC internal prototype to avoid an error.
|    Use char because int might match the return type of a GCC
|    builtin and then its argument prototype would still apply.  */
| #ifdef __cplusplus
| extern "C"
| #endif
| char timingsafe_memcmp ();
| /* The GNU C library defines this for functions which it implements
|     to always fail with ENOSYS.  Some functions are actually named
|     something starting with __ and the normal name is an alias.  */
| #if defined __stub_timingsafe_memcmp || defined __stub___timingsafe_memcmp
| choke me
| #endif
| 
| int
| main ()
| {
| return timingsafe_memcmp ();
|   ;
|   return 0;
| }
configure:12813: result: no
configure:12877: checking for getauxval
configure:12877: result: yes
configure:12882: checking for clock_gettime
configure:12882: gcc -std=gnu99 -o conftest -g -O2 -Wall -std=gnu99 -fno-strict-aliasing  -fno-strict-overflow -D_FORTIFY_SOURCE=2 -fstack-protector-all -DHAVE_GNU_STACK  -Wno-pointer-sign  -D_DEFAULT_SOURCE -D_BSD_SOURCE -D_POSIX_SOURCE -D_GNU_SOURCE   -Wl,-z,relro -Wl,-z,now  conftest.c  >&5
configure:12882: $? = 0
configure:12882: result: yes
configure:12944: checking for dl_iterate_phdr
configure:12944: gcc -std=gnu99 -o conftest -g -O2 -Wall -std=gnu99 -fno-strict-aliasing  -fno-strict-overflow -D_FORTIFY_SOURCE=2 -fstack-protector-all -DHAVE_GNU_STACK  -Wno-pointer-sign  -D_DEFAULT_SOURCE -D_BSD_SOURCE -D_POSIX_SOURCE -D_GNU_SOURCE   -Wl,-z,relro -Wl,-z,now  conftest.c  >&5
configure:12944: $? = 0
configure:12944: result: yes
configure:13008: checking whether va_copy exists
configure:13028: gcc -std=gnu99 -o conftest -g -O2 -Wall -std=gnu99 -fno-strict-aliasing  -fno-strict-overflow -D_FORTIFY_SOURCE=2 -fstack-protector-all -DHAVE_GNU_STACK  -Wno-pointer-sign  -D_DEFAULT_SOURCE -D_BSD_SOURCE -D_POSIX_SOURCE -D_GNU_SOURCE   -Wl,-z,relro -Wl,-z,now  conftest.c  >&5
configure:13028: $? = 0
configure:13038: result: yes
configure:13046: checking whether __va_copy exists
configure:13066: gcc -std=gnu99 -o conftest -g -O2 -Wall -std=gnu99 -fno-strict-aliasing  -fno-strict-overflow -D_FORTIFY_SOURCE=2 -fstack-protector-all -DHAVE_GNU_STACK  -Wno-pointer-sign  -D_DEFAULT_SOURCE -D_BSD_SOURCE -D_POSIX_SOURCE -D_GNU_SOURCE   -Wl,-z,relro -Wl,-z,now  conftest.c  >&5
configure:13066: $? = 0
configure:13076: result: yes
configure:13087: checking err.h usability
configure:13087: gcc -std=gnu99 -c -g -O2 -Wall -std=gnu99 -fno-strict-aliasing  -fno-strict-overflow -D_FORTIFY_SOURCE=2 -fstack-protector-all -DHAVE_GNU_STACK  -Wno-pointer-sign  -D_DEFAULT_SOURCE -D_BSD_SOURCE -D_POSIX_SOURCE -D_GNU_SOURCE conftest.c >&5
configure:13087: $? = 0
configure:13087: result: yes
configure:13087: checking err.h presence
configure:13087: gcc -std=gnu99 -E  -D_DEFAULT_SOURCE -D_BSD_SOURCE -D_POSIX_SOURCE -D_GNU_SOURCE conftest.c
configure:13087: $? = 0
configure:13087: result: yes
configure:13087: checking for err.h
configure:13087: result: yes
configure:13132: checking if BSWAP4 builds without __STRICT_ALIGNMENT
configure:13145: gcc -std=gnu99 -c -g -O2 -Wall -std=gnu99 -fno-strict-aliasing  -fno-strict-overflow -D_FORTIFY_SOURCE=2 -fstack-protector-all -DHAVE_GNU_STACK  -Wno-pointer-sign -I./include  -D_DEFAULT_SOURCE -D_BSD_SOURCE -D_POSIX_SOURCE -D_GNU_SOURCE conftest.c >&5
In file included from conftest.c:35:0:
./crypto/modes/modes_lcl.h:9:28: fatal error: machine/endian.h: No such file or directory
 #include <machine/endian.h>
                            ^
compilation terminated.
configure:13145: $? = 1
configure: failed program was:
| /* confdefs.h */
| #define PACKAGE_NAME "libressl"
| #define PACKAGE_TARNAME "libressl"
| #define PACKAGE_VERSION "2.2.4"
| #define PACKAGE_STRING "libressl 2.2.4"
| #define PACKAGE_BUGREPORT ""
| #define PACKAGE_URL ""
| #define PACKAGE "libressl"
| #define VERSION "2.2.4"
| #define STDC_HEADERS 1
| #define HAVE_SYS_TYPES_H 1
| #define HAVE_SYS_STAT_H 1
| #define HAVE_STDLIB_H 1
| #define HAVE_STRING_H 1
| #define HAVE_MEMORY_H 1
| #define HAVE_STRINGS_H 1
| #define HAVE_INTTYPES_H 1
| #define HAVE_STDINT_H 1
| #define HAVE_UNISTD_H 1
| #define HAVE_DLFCN_H 1
| #define LT_OBJDIR ".libs/"
| #define HAVE_SYMLINK 1
| #define HAVE_ASPRINTF 1
| #define HAVE_INET_PTON 1
| #define HAVE_MEMMEM 1
| #define HAVE_POLL 1
| #define HAVE_STRNDUP 1
| #define HAVE_STRNLEN 1
| #define HAVE_STRSEP 1
| #define HAVE_GETAUXVAL 1
| #define HAVE_VA_COPY 1
| #define HAVE___VA_COPY 1
| #define HAVE_ERR_H 1
| /* end confdefs.h.  */
| #include "./crypto/modes/modes_lcl.h"
| int
| main ()
| {
| int a = 0; BSWAP4(a);
|   ;
|   return 0;
| }
configure:13150: result: no
configure:13170: checking if .gnu.warning accepts long strings
configure:13180: gcc -std=gnu99 -o conftest -g -O2 -Wall -std=gnu99 -fno-strict-aliasing  -fno-strict-overflow -D_FORTIFY_SOURCE=2 -fstack-protector-all -DHAVE_GNU_STACK  -Wno-pointer-sign  -D_DEFAULT_SOURCE -D_BSD_SOURCE -D_POSIX_SOURCE -D_GNU_SOURCE   -Wl,-z,relro -Wl,-z,now  conftest.c  >&5
configure:13180: $? = 0
configure:13185: result: yes
configure:13377: checking that generated files are newer than configure
configure:13383: result: done
configure:13538: creating ./config.status

## ---------------------- ##
## Running config.status. ##
## ---------------------- ##

This file was extended by libressl config.status 2.2.4, which was
generated by GNU Autoconf 2.69.  Invocation command line was

  CONFIG_FILES    = 
  CONFIG_HEADERS  = 
  CONFIG_LINKS    = 
  CONFIG_COMMANDS = 
  $ ./config.status 

on 1bed67c229f5

config.status:1089: creating Makefile
config.status:1089: creating include/Makefile
config.status:1089: creating include/openssl/Makefile
config.status:1089: creating crypto/Makefile
config.status:1089: creating ssl/Makefile
config.status:1089: creating tls/Makefile
config.status:1089: creating tests/Makefile
config.status:1089: creating apps/Makefile
config.status:1089: creating man/Makefile
config.status:1089: creating libcrypto.pc
config.status:1089: creating libssl.pc
config.status:1089: creating libtls.pc
config.status:1089: creating openssl.pc
config.status:1261: executing depfiles commands
config.status:1261: executing libtool commands

## ---------------- ##
## Cache variables. ##
## ---------------- ##

ac_cv_build=x86_64-unknown-linux-gnu
ac_cv_c_compiler_gnu=yes
ac_cv_env_CCASFLAGS_set=
ac_cv_env_CCASFLAGS_value=
ac_cv_env_CCAS_set=
ac_cv_env_CCAS_value=
ac_cv_env_CC_set=
ac_cv_env_CC_value=
ac_cv_env_CFLAGS_set=
ac_cv_env_CFLAGS_value=
ac_cv_env_CPPFLAGS_set=
ac_cv_env_CPPFLAGS_value=
ac_cv_env_CPP_set=
ac_cv_env_CPP_value=
ac_cv_env_LDFLAGS_set=
ac_cv_env_LDFLAGS_value=
ac_cv_env_LIBS_set=
ac_cv_env_LIBS_value=
ac_cv_env_build_alias_set=
ac_cv_env_build_alias_value=
ac_cv_env_host_alias_set=
ac_cv_env_host_alias_value=
ac_cv_env_target_alias_set=
ac_cv_env_target_alias_value=
ac_cv_func_arc4random_buf=no
ac_cv_func_asprintf=yes
ac_cv_func_clock_gettime=yes
ac_cv_func_dl_iterate_phdr=yes
ac_cv_func_explicit_bzero=no
ac_cv_func_funopen=no
ac_cv_func_getauxval=yes
ac_cv_func_getentropy=no
ac_cv_func_inet_pton=yes
ac_cv_func_memmem=yes
ac_cv_func_poll=yes
ac_cv_func_reallocarray=no
ac_cv_func_strlcat=no
ac_cv_func_strlcpy=no
ac_cv_func_strndup=yes
ac_cv_func_strnlen=yes
ac_cv_func_strsep=yes
ac_cv_func_strtonum=no
ac_cv_func_symlink=yes
ac_cv_func_timingsafe_bcmp=no
ac_cv_func_timingsafe_memcmp=no
ac_cv_have___va_copy=yes
ac_cv_have_va_copy=yes
ac_cv_header_dlfcn_h=yes
ac_cv_header_err_h=yes
ac_cv_header_inttypes_h=yes
ac_cv_header_memory_h=yes
ac_cv_header_stdc=yes
ac_cv_header_stdint_h=yes
ac_cv_header_stdlib_h=yes
ac_cv_header_string_h=yes
ac_cv_header_strings_h=yes
ac_cv_header_sys_stat_h=yes
ac_cv_header_sys_types_h=yes
ac_cv_header_unistd_h=yes
ac_cv_host=x86_64-unknown-linux-gnu
ac_cv_objext=o
ac_cv_path_EGREP='/bin/grep -E'
ac_cv_path_FGREP='/bin/grep -F'
ac_cv_path_GREP=/bin/grep
ac_cv_path_SED=/bin/sed
ac_cv_path_install='/usr/bin/install -c'
ac_cv_path_mkdir=/bin/mkdir
ac_cv_prog_AWK=mawk
ac_cv_prog_CPP='gcc -std=gnu99 -E'
ac_cv_prog_ac_ct_AR=ar
ac_cv_prog_ac_ct_CC=gcc
ac_cv_prog_ac_ct_MANIFEST_TOOL=mt
ac_cv_prog_ac_ct_OBJDUMP=objdump
ac_cv_prog_ac_ct_RANLIB=ranlib
ac_cv_prog_ac_ct_STRIP=strip
ac_cv_prog_cc_c89=
ac_cv_prog_cc_c99=-std=gnu99
ac_cv_prog_cc_g=yes
ac_cv_prog_cc_stdc=-std=gnu99
ac_cv_prog_make_make_set=yes
am_cv_CCAS_dependencies_compiler_type=gcc3
am_cv_CC_dependencies_compiler_type=gcc3
am_cv_make_support_nested_variables=yes
am_cv_prog_cc_c_o=yes
lt_cv_ar_at_file=@
lt_cv_deplibs_check_method=pass_all
lt_cv_file_magic_cmd='$MAGIC_CMD'
lt_cv_file_magic_test_file=
lt_cv_ld_reload_flag=-r
lt_cv_nm_interface='BSD nm'
lt_cv_objdir=.libs
lt_cv_path_LD=/usr/bin/ld
lt_cv_path_NM='/usr/bin/nm -B'
lt_cv_path_mainfest_tool=no
lt_cv_prog_compiler_c_o=yes
lt_cv_prog_compiler_pic='-fPIC -DPIC'
lt_cv_prog_compiler_pic_works=yes
lt_cv_prog_compiler_rtti_exceptions=no
lt_cv_prog_compiler_static_works=yes
lt_cv_prog_gnu_ld=yes
lt_cv_sharedlib_from_linklib_cmd='printf %s\n'
lt_cv_shlibpath_overrides_runpath=no
lt_cv_sys_global_symbol_pipe='sed -n -e '\''s/^.*[	 ]\([ABCDGIRSTW][ABCDGIRSTW]*\)[	 ][	 ]*\([_A-Za-z][_A-Za-z0-9]*\)$/\1 \2 \2/p'\'' | sed '\''/ __gnu_lto/d'\'''
lt_cv_sys_global_symbol_to_c_name_address='sed -n -e '\''s/^: \([^ ]*\)[ ]*$/  {\"\1\", (void *) 0},/p'\'' -e '\''s/^[ABCDGIRSTW]* \([^ ]*\) \([^ ]*\)$/  {"\2", (void *) \&\2},/p'\'''
lt_cv_sys_global_symbol_to_c_name_address_lib_prefix='sed -n -e '\''s/^: \([^ ]*\)[ ]*$/  {\"\1\", (void *) 0},/p'\'' -e '\''s/^[ABCDGIRSTW]* \([^ ]*\) \(lib[^ ]*\)$/  {"\2", (void *) \&\2},/p'\'' -e '\''s/^[ABCDGIRSTW]* \([^ ]*\) \([^ ]*\)$/  {"lib\2", (void *) \&\2},/p'\'''
lt_cv_sys_global_symbol_to_cdecl='sed -n -e '\''s/^T .* \(.*\)$/extern int \1();/p'\'' -e '\''s/^[ABCDGIRSTW]* .* \(.*\)$/extern char \1;/p'\'''
lt_cv_sys_max_cmd_len=3458764513820540925
lt_cv_to_host_file_cmd=func_convert_file_noop
lt_cv_to_tool_file_cmd=func_convert_file_noop

## ----------------- ##
## Output variables. ##
## ----------------- ##

ACLOCAL='${SHELL} /src/app/find-object/dependencies/h2o/build/libressl-2.2.4/missing aclocal-1.15'
AMDEPBACKSLASH='\'
AMDEP_FALSE='#'
AMDEP_TRUE=''
AMTAR='$${TAR-tar}'
AM_BACKSLASH='\'
AM_DEFAULT_V='$(AM_DEFAULT_VERBOSITY)'
AM_DEFAULT_VERBOSITY='0'
AM_V='$(V)'
AR='ar'
AUTOCONF='${SHELL} /src/app/find-object/dependencies/h2o/build/libressl-2.2.4/missing autoconf'
AUTOHEADER='${SHELL} /src/app/find-object/dependencies/h2o/build/libressl-2.2.4/missing autoheader'
AUTOMAKE='${SHELL} /src/app/find-object/dependencies/h2o/build/libressl-2.2.4/missing automake-1.15'
AWK='mawk'
BUILD_CERTHASH_FALSE='#'
BUILD_CERTHASH_TRUE=''
CC='gcc -std=gnu99'
CCAS='gcc -std=gnu99'
CCASDEPMODE='depmode=gcc3'
CCASFLAGS='-g -O2 -Wall -std=gnu99 -fno-strict-aliasing  -fno-strict-overflow -D_FORTIFY_SOURCE=2 -fstack-protector-all -DHAVE_GNU_STACK'
CCDEPMODE='depmode=gcc3'
CFLAGS='-g -O2 -Wall -std=gnu99 -fno-strict-aliasing  -fno-strict-overflow -D_FORTIFY_SOURCE=2 -fstack-protector-all -DHAVE_GNU_STACK  -Wno-pointer-sign'
CPP='gcc -std=gnu99 -E'
CPPFLAGS=' -D_DEFAULT_SOURCE -D_BSD_SOURCE -D_POSIX_SOURCE -D_GNU_SOURCE'
CYGPATH_W='echo'
DEFS='-DPACKAGE_NAME=\"libressl\" -DPACKAGE_TARNAME=\"libressl\" -DPACKAGE_VERSION=\"2.2.4\" -DPACKAGE_STRING=\"libressl\ 2.2.4\" -DPACKAGE_BUGREPORT=\"\" -DPACKAGE_URL=\"\" -DPACKAGE=\"libressl\" -DVERSION=\"2.2.4\" -DSTDC_HEADERS=1 -DHAVE_SYS_TYPES_H=1 -DHAVE_SYS_STAT_H=1 -DHAVE_STDLIB_H=1 -DHAVE_STRING_H=1 -DHAVE_MEMORY_H=1 -DHAVE_STRINGS_H=1 -DHAVE_INTTYPES_H=1 -DHAVE_STDINT_H=1 -DHAVE_UNISTD_H=1 -DHAVE_DLFCN_H=1 -DLT_OBJDIR=\".libs/\" -DHAVE_SYMLINK=1 -DHAVE_ASPRINTF=1 -DHAVE_INET_PTON=1 -DHAVE_MEMMEM=1 -DHAVE_POLL=1 -DHAVE_STRNDUP=1 -DHAVE_STRNLEN=1 -DHAVE_STRSEP=1 -DHAVE_GETAUXVAL=1 -DHAVE_VA_COPY=1 -DHAVE___VA_COPY=1 -DHAVE_ERR_H=1 -DHAS_GNU_WARNING_LONG=1'
DEPDIR='.deps'
DLLTOOL='false'
DSYMUTIL=''
DUMPBIN=''
ECHO_C=''
ECHO_N='-n'
ECHO_T=''
EGREP='/bin/grep -E'
ENABLE_EXTRATESTS_FALSE=''
ENABLE_EXTRATESTS_TRUE='#'
EXEEXT=''
FGREP='/bin/grep -F'
GREP='/bin/grep'
HAVE_ARC4RANDOM_BUF_FALSE=''
HAVE_ARC4RANDOM_BUF_TRUE='#'
HAVE_ASPRINTF_FALSE='#'
HAVE_ASPRINTF_TRUE=''
HAVE_EXPLICIT_BZERO_FALSE=''
HAVE_EXPLICIT_BZERO_TRUE='#'
HAVE_GETENTROPY_FALSE=''
HAVE_GETENTROPY_TRUE='#'
HAVE_INET_PTON_FALSE='#'
HAVE_INET_PTON_TRUE=''
HAVE_MEMMEM_FALSE='#'
HAVE_MEMMEM_TRUE=''
HAVE_POLL_FALSE='#'
HAVE_POLL_TRUE=''
HAVE_REALLOCARRAY_FALSE=''
HAVE_REALLOCARRAY_TRUE='#'
HAVE_STRLCAT_FALSE=''
HAVE_STRLCAT_TRUE='#'
HAVE_STRLCPY_FALSE=''
HAVE_STRLCPY_TRUE='#'
HAVE_STRNDUP_FALSE='#'
HAVE_STRNDUP_TRUE=''
HAVE_STRNLEN_FALSE='#'
HAVE_STRNLEN_TRUE=''
HAVE_STRSEP_FALSE='#'
HAVE_STRSEP_TRUE=''
HAVE_STRTONUM_FALSE=''
HAVE_STRTONUM_TRUE='#'
HAVE_TIMINGSAFE_BCMP_FALSE=''
HAVE_TIMINGSAFE_BCMP_TRUE='#'
HAVE_TIMINGSAFE_MEMCMP_FALSE=''
HAVE_TIMINGSAFE_MEMCMP_TRUE='#'
HOST_AIX_FALSE=''
HOST_AIX_TRUE='#'
HOST_ASM_ELF_X86_64_FALSE='#'
HOST_ASM_ELF_X86_64_TRUE=''
HOST_ASM_MACOSX_X86_64_FALSE=''
HOST_ASM_MACOSX_X86_64_TRUE='#'
HOST_CYGWIN_FALSE=''
HOST_CYGWIN_TRUE='#'
HOST_DARWIN_FALSE=''
HOST_DARWIN_TRUE='#'
HOST_FREEBSD_FALSE=''
HOST_FREEBSD_TRUE='#'
HOST_HPUX_FALSE=''
HOST_HPUX_TRUE='#'
HOST_LINUX_FALSE='#'
HOST_LINUX_TRUE=''
HOST_NETBSD_FALSE=''
HOST_NETBSD_TRUE='#'
HOST_SOLARIS_FALSE=''
HOST_SOLARIS_TRUE='#'
HOST_WIN_FALSE=''
HOST_WIN_TRUE='#'
INSTALL_DATA='${INSTALL} -m 644'
INSTALL_PROGRAM='${INSTALL}'
INSTALL_SCRIPT='${INSTALL}'
INSTALL_STRIP_PROGRAM='$(install_sh) -c -s'
LD='/usr/bin/ld -m elf_x86_64'
LDFLAGS='  -Wl,-z,relro -Wl,-z,now '
LIBCRYPTO_VERSION='35:0:0'
LIBOBJS=''
LIBS=''
LIBSSL_VERSION='35:0:0'
LIBTLS_VERSION='6:0:0'
LIBTOOL='$(SHELL) $(top_builddir)/libtool'
LIPO=''
LN_S='ln -s'
LTLIBOBJS=''
MAKEINFO='${SHELL} /src/app/find-object/dependencies/h2o/build/libressl-2.2.4/missing makeinfo'
MANIFEST_TOOL=':'
MKDIR_P='/bin/mkdir -p'
NM='/usr/bin/nm -B'
NMEDIT=''
OBJDUMP='objdump'
OBJEXT='o'
OPENSSLDIR=''
OPENSSLDIR_DEFINED_FALSE=''
OPENSSLDIR_DEFINED_TRUE='#'
OPENSSL_NO_ASM_FALSE=''
OPENSSL_NO_ASM_TRUE='#'
OTOOL64=''
OTOOL=''
PACKAGE='libressl'
PACKAGE_BUGREPORT=''
PACKAGE_NAME='libressl'
PACKAGE_STRING='libressl 2.2.4'
PACKAGE_TARNAME='libressl'
PACKAGE_URL=''
PACKAGE_VERSION='2.2.4'
PATH_SEPARATOR=':'
PLATFORM_LDADD=''
PROG_LDADD=''
RANLIB='ranlib'
SED='/bin/sed'
SET_MAKE=''
SHELL='/bin/bash'
STRIP='strip'
VERSION='2.2.4'
ac_ct_AR='ar'
ac_ct_CC='gcc'
ac_ct_DUMPBIN=''
am__EXEEXT_FALSE=''
am__EXEEXT_TRUE='#'
am__fastdepCCAS_FALSE='#'
am__fastdepCCAS_TRUE=''
am__fastdepCC_FALSE='#'
am__fastdepCC_TRUE=''
am__include='include'
am__isrc=''
am__leading_dot='.'
am__nodep='_no'
am__quote=''
am__tar='$${TAR-tar} chof - "$$tardir"'
am__untar='$${TAR-tar} xf -'
bindir='${exec_prefix}/bin'
build='x86_64-unknown-linux-gnu'
build_alias=''
build_cpu='x86_64'
build_os='linux-gnu'
build_vendor='unknown'
datadir='${datarootdir}'
datarootdir='${prefix}/share'
docdir='${datarootdir}/doc/${PACKAGE_TARNAME}'
dvidir='${docdir}'
exec_prefix='${prefix}'
host='x86_64-unknown-linux-gnu'
host_alias=''
host_cpu='x86_64'
host_os='linux-gnu'
host_vendor='unknown'
htmldir='${docdir}'
includedir='${prefix}/include'
infodir='${datarootdir}/info'
install_sh='${SHELL} /src/app/find-object/dependencies/h2o/build/libressl-2.2.4/install-sh'
libdir='/src/app/find-object/dependencies/h2o/build/libressl-build/lib'
libexecdir='${exec_prefix}/libexec'
localedir='${datarootdir}/locale'
localstatedir='${prefix}/var'
mandir='${datarootdir}/man'
mkdir_p='$(MKDIR_P)'
oldincludedir='/usr/include'
pdfdir='${docdir}'
prefix='/src/app/find-object/dependencies/h2o/build/libressl-build'
program_transform_name='s,x,x,'
psdir='${docdir}'
sbindir='${exec_prefix}/sbin'
sharedstatedir='${prefix}/com'
sysconfdir='${prefix}/etc'
target_alias=''

## ----------- ##
## confdefs.h. ##
## ----------- ##

/* confdefs.h */
#define PACKAGE_NAME "libressl"
#define PACKAGE_TARNAME "libressl"
#define PACKAGE_VERSION "2.2.4"
#define PACKAGE_STRING "libressl 2.2.4"
#define PACKAGE_BUGREPORT ""
#define PACKAGE_URL ""
#define PACKAGE "libressl"
#define VERSION "2.2.4"
#define STDC_HEADERS 1
#define HAVE_SYS_TYPES_H 1
#define HAVE_SYS_STAT_H 1
#define HAVE_STDLIB_H 1
#define HAVE_STRING_H 1
#define HAVE_MEMORY_H 1
#define HAVE_STRINGS_H 1
#define HAVE_INTTYPES_H 1
#define HAVE_STDINT_H 1
#define HAVE_UNISTD_H 1
#define HAVE_DLFCN_H 1
#define LT_OBJDIR ".libs/"
#define HAVE_SYMLINK 1
#define HAVE_ASPRINTF 1
#define HAVE_INET_PTON 1
#define HAVE_MEMMEM 1
#define HAVE_POLL 1
#define HAVE_STRNDUP 1
#define HAVE_STRNLEN 1
#define HAVE_STRSEP 1
#define HAVE_GETAUXVAL 1
#define HAVE_VA_COPY 1
#define HAVE___VA_COPY 1
#define HAVE_ERR_H 1
#define HAS_GNU_WARNING_LONG 1

configure: exit 0
